<?xml version="1.0" encoding="UTF-8"?>
<coverage generated="1779945322696" clover="3.2.0">
  <project timestamp="1779945322697" name="All files">
    <metrics statements="1057" coveredstatements="836" conditionals="750" coveredconditionals="333" methods="318" coveredmethods="183" elements="2125" coveredelements="1352" complexity="0" loc="1057" ncloc="1057" packages="19" files="89" classes="89"/>
    <package name=".astro">
      <metrics statements="39" coveredstatements="37" conditionals="0" coveredconditionals="0" methods="39" coveredmethods="37"/>
      <file name="content-assets.mjs" path="D:\Documents\GitHub\romophic.com\.astro\content-assets.mjs">
        <metrics statements="0" coveredstatements="0" conditionals="0" coveredconditionals="0" methods="0" coveredmethods="0"/>
      </file>
      <file name="content-modules.mjs" path="D:\Documents\GitHub\romophic.com\.astro\content-modules.mjs">
        <metrics statements="39" coveredstatements="37" conditionals="0" coveredconditionals="0" methods="39" coveredmethods="37"/>
        <line num="3" count="0" type="stmt"/>
        <line num="4" count="1" type="stmt"/>
        <line num="5" count="2" type="stmt"/>
        <line num="6" count="0" type="stmt"/>
        <line num="7" count="2" type="stmt"/>
        <line num="8" count="1" type="stmt"/>
        <line num="9" count="1" type="stmt"/>
        <line num="10" count="1" type="stmt"/>
        <line num="11" count="1" type="stmt"/>
        <line num="12" count="1" type="stmt"/>
        <line num="13" count="1" type="stmt"/>
        <line num="14" count="1" type="stmt"/>
        <line num="15" count="1" type="stmt"/>
        <line num="16" count="1" type="stmt"/>
        <line num="17" count="1" type="stmt"/>
        <line num="18" count="1" type="stmt"/>
        <line num="19" count="1" type="stmt"/>
        <line num="20" count="1" type="stmt"/>
        <line num="21" count="1" type="stmt"/>
        <line num="22" count="1" type="stmt"/>
        <line num="23" count="1" type="stmt"/>
        <line num="24" count="1" type="stmt"/>
        <line num="25" count="1" type="stmt"/>
        <line num="26" count="1" type="stmt"/>
        <line num="27" count="1" type="stmt"/>
        <line num="28" count="1" type="stmt"/>
        <line num="29" count="1" type="stmt"/>
        <line num="30" count="1" type="stmt"/>
        <line num="31" count="1" type="stmt"/>
        <line num="32" count="1" type="stmt"/>
        <line num="33" count="1" type="stmt"/>
        <line num="34" count="1" type="stmt"/>
        <line num="35" count="1" type="stmt"/>
        <line num="36" count="1" type="stmt"/>
        <line num="37" count="1" type="stmt"/>
        <line num="38" count="1" type="stmt"/>
        <line num="39" count="1" type="stmt"/>
        <line num="40" count="1" type="stmt"/>
        <line num="41" count="1" type="stmt"/>
      </file>
    </package>
    <package name="public">
      <metrics statements="6" coveredstatements="6" conditionals="8" coveredconditionals="7" methods="1" coveredmethods="1"/>
      <file name="icon.webp" path="D:\Documents\GitHub\romophic.com\public\icon.webp">
        <metrics statements="6" coveredstatements="6" conditionals="8" coveredconditionals="7" methods="1" coveredmethods="1"/>
        <line num="4" count="13" type="cond" truecount="2" falsecount="0"/>
        <line num="5" count="1" type="stmt"/>
        <line num="7" count="12" type="cond" truecount="2" falsecount="0"/>
        <line num="8" count="1" type="stmt"/>
        <line num="10" count="11" type="cond" truecount="3" falsecount="1"/>
        <line num="11" count="11" type="stmt"/>
      </file>
    </package>
    <package name="src">
      <metrics statements="7" coveredstatements="7" conditionals="0" coveredconditionals="0" methods="0" coveredmethods="0"/>
      <file name="consts.ts" path="D:\Documents\GitHub\romophic.com\src\consts.ts">
        <metrics statements="7" coveredstatements="7" conditionals="0" coveredconditionals="0" methods="0" coveredmethods="0"/>
        <line num="3" count="14" type="stmt"/>
        <line num="14" count="14" type="stmt"/>
        <line num="29" count="14" type="stmt"/>
        <line num="44" count="14" type="stmt"/>
        <line num="53" count="14" type="stmt"/>
        <line num="67" count="14" type="stmt"/>
        <line num="127" count="14" type="stmt"/>
      </file>
    </package>
    <package name="src.components">
      <metrics statements="106" coveredstatements="95" conditionals="208" coveredconditionals="120" methods="45" coveredmethods="39"/>
      <file name="About.astro" path="D:\Documents\GitHub\romophic.com\src\components\About.astro">
        <metrics statements="11" coveredstatements="11" conditionals="32" coveredconditionals="22" methods="10" coveredmethods="10"/>
        <line num="1" count="3" type="stmt"/>
        <line num="11" count="1" type="stmt"/>
        <line num="13" count="1" type="stmt"/>
        <line num="89" count="7" type="stmt"/>
        <line num="90" count="7" type="cond" truecount="1" falsecount="1"/>
        <line num="147" count="1" type="stmt"/>
        <line num="148" count="1" type="cond" truecount="1" falsecount="1"/>
        <line num="216" count="2" type="stmt"/>
        <line num="217" count="2" type="cond" truecount="1" falsecount="1"/>
        <line num="245" count="15" type="stmt"/>
        <line num="246" count="15" type="cond" truecount="1" falsecount="1"/>
      </file>
      <file name="ActivityGraph.astro" path="D:\Documents\GitHub\romophic.com\src\components\ActivityGraph.astro">
        <metrics statements="26" coveredstatements="26" conditionals="14" coveredconditionals="10" methods="5" coveredmethods="5"/>
        <line num="1" count="2" type="stmt"/>
        <line num="4" count="2" type="stmt"/>
        <line num="13" count="730" type="stmt"/>
        <line num="18" count="2" type="stmt"/>
        <line num="21" count="2" type="stmt"/>
        <line num="23" count="2" type="stmt"/>
        <line num="24" count="74" type="stmt"/>
        <line num="25" count="74" type="stmt"/>
        <line num="26" count="74" type="cond" truecount="2" falsecount="0"/>
        <line num="30" count="2" type="stmt"/>
        <line num="31" count="2" type="stmt"/>
        <line num="36" count="2" type="stmt"/>
        <line num="37" count="730" type="stmt"/>
        <line num="38" count="730" type="stmt"/>
        <line num="39" count="730" type="stmt"/>
        <line num="43" count="2" type="stmt"/>
        <line num="44" count="2" type="stmt"/>
        <line num="45" count="730" type="cond" truecount="1" falsecount="1"/>
        <line num="46" count="730" type="cond" truecount="1" falsecount="1"/>
        <line num="47" count="730" type="cond" truecount="1" falsecount="1"/>
        <line num="48" count="730" type="cond" truecount="2" falsecount="0"/>
        <line num="49" count="726" type="stmt"/>
        <line num="66" count="730" type="stmt"/>
        <line num="67" count="730" type="cond" truecount="2" falsecount="0"/>
        <line num="68" count="730" type="stmt"/>
        <line num="70" count="730" type="stmt"/>
      </file>
      <file name="AppScript.astro" path="D:\Documents\GitHub\romophic.com\src\components\AppScript.astro">
        <metrics statements="1" coveredstatements="1" conditionals="2" coveredconditionals="2" methods="0" coveredmethods="0"/>
        <line num="1" count="4" type="cond" truecount="2" falsecount="0"/>
      </file>
      <file name="AuthorCard.astro" path="D:\Documents\GitHub\romophic.com\src\components\AuthorCard.astro">
        <metrics statements="6" coveredstatements="6" conditionals="18" coveredconditionals="9" methods="1" coveredmethods="1"/>
        <line num="1" count="1" type="stmt"/>
        <line num="11" count="1" type="stmt"/>
        <line num="12" count="1" type="stmt"/>
        <line num="13" count="1" type="stmt"/>
        <line num="14" count="1" type="stmt"/>
        <line num="16" count="1" type="stmt"/>
      </file>
      <file name="BlogCard.astro" path="D:\Documents\GitHub\romophic.com\src\components\BlogCard.astro">
        <metrics statements="6" coveredstatements="6" conditionals="14" coveredconditionals="10" methods="3" coveredmethods="3"/>
        <line num="1" count="4" type="stmt"/>
        <line num="19" count="3" type="stmt"/>
        <line num="20" count="3" type="stmt"/>
        <line num="21" count="3" type="stmt"/>
        <line num="22" count="3" type="cond" truecount="2" falsecount="0"/>
        <line num="23" count="3" type="cond" truecount="1" falsecount="1"/>
      </file>
      <file name="Favicons.astro" path="D:\Documents\GitHub\romophic.com\src\components\Favicons.astro">
        <metrics statements="0" coveredstatements="0" conditionals="0" coveredconditionals="0" methods="0" coveredmethods="0"/>
      </file>
      <file name="Footer.astro" path="D:\Documents\GitHub\romophic.com\src\components\Footer.astro">
        <metrics statements="1" coveredstatements="1" conditionals="2" coveredconditionals="1" methods="2" coveredmethods="2"/>
        <line num="1" count="12" type="stmt"/>
      </file>
      <file name="GraphView.astro" path="D:\Documents\GitHub\romophic.com\src\components\GraphView.astro">
        <metrics statements="2" coveredstatements="2" conditionals="4" coveredconditionals="3" methods="0" coveredmethods="0"/>
        <line num="1" count="1" type="stmt"/>
        <line num="13" count="1" type="stmt"/>
      </file>
      <file name="Head.astro" path="D:\Documents\GitHub\romophic.com\src\components\Head.astro">
        <metrics statements="1" coveredstatements="1" conditionals="2" coveredconditionals="2" methods="1" coveredmethods="1"/>
        <line num="1" count="4" type="stmt"/>
      </file>
      <file name="Header.astro" path="D:\Documents\GitHub\romophic.com\src\components\Header.astro">
        <metrics statements="1" coveredstatements="1" conditionals="0" coveredconditionals="0" methods="2" coveredmethods="2"/>
        <line num="1" count="15" type="stmt"/>
      </file>
      <file name="Hero.astro" path="D:\Documents\GitHub\romophic.com\src\components\Hero.astro">
        <metrics statements="1" coveredstatements="1" conditionals="0" coveredconditionals="0" methods="1" coveredmethods="1"/>
        <line num="1" count="1" type="stmt"/>
      </file>
      <file name="Home.astro" path="D:\Documents\GitHub\romophic.com\src\components\Home.astro">
        <metrics statements="2" coveredstatements="2" conditionals="2" coveredconditionals="1" methods="3" coveredmethods="3"/>
        <line num="1" count="3" type="stmt"/>
        <line num="20" count="1" type="stmt"/>
      </file>
      <file name="PageHead.astro" path="D:\Documents\GitHub\romophic.com\src\components\PageHead.astro">
        <metrics statements="16" coveredstatements="11" conditionals="49" coveredconditionals="26" methods="4" coveredmethods="1"/>
        <line num="1" count="5" type="cond" truecount="0" falsecount="4"/>
        <line num="20" count="5" type="stmt"/>
        <line num="22" count="5" type="cond" truecount="3" falsecount="0"/>
        <line num="24" count="5" type="cond" truecount="3" falsecount="0"/>
        <line num="25" count="5" type="cond" truecount="2" falsecount="0"/>
        <line num="27" count="5" type="cond" truecount="2" falsecount="2"/>
        <line num="28" count="0" type="stmt"/>
        <line num="31" count="5" type="cond" truecount="1" falsecount="1"/>
        <line num="37" count="5" type="cond" truecount="2" falsecount="0"/>
        <line num="39" count="5" type="stmt"/>
        <line num="40" count="5" type="stmt"/>
        <line num="42" count="5" type="cond" truecount="1" falsecount="1"/>
        <line num="43" count="0" type="stmt"/>
        <line num="49" count="0" type="cond" truecount="0" falsecount="2"/>
        <line num="57" count="0" type="stmt"/>
        <line num="110" count="0" type="stmt"/>
      </file>
      <file name="ProjectCard.astro" path="D:\Documents\GitHub\romophic.com\src\components\ProjectCard.astro">
        <metrics statements="4" coveredstatements="4" conditionals="10" coveredconditionals="10" methods="2" coveredmethods="2"/>
        <line num="1" count="3" type="stmt"/>
        <line num="13" count="3" type="stmt"/>
        <line num="64" count="11" type="stmt"/>
        <line num="65" count="11" type="cond" truecount="2" falsecount="0"/>
      </file>
      <file name="ScrollProgress.astro" path="D:\Documents\GitHub\romophic.com\src\components\ScrollProgress.astro">
        <metrics statements="1" coveredstatements="1" conditionals="0" coveredconditionals="0" methods="1" coveredmethods="1"/>
        <line num="1" count="3" type="stmt"/>
      </file>
      <file name="SearchDialog.astro" path="D:\Documents\GitHub\romophic.com\src\components\SearchDialog.astro">
        <metrics statements="1" coveredstatements="1" conditionals="0" coveredconditionals="0" methods="1" coveredmethods="1"/>
        <line num="1" count="5" type="stmt"/>
      </file>
      <file name="SocialIcons.astro" path="D:\Documents\GitHub\romophic.com\src\components\SocialIcons.astro">
        <metrics statements="2" coveredstatements="2" conditionals="2" coveredconditionals="0" methods="2" coveredmethods="1"/>
        <line num="1" count="1" type="stmt"/>
        <line num="11" count="1" type="stmt"/>
      </file>
      <file name="TOCSidebar.astro" path="D:\Documents\GitHub\romophic.com\src\components\TOCSidebar.astro">
        <metrics statements="14" coveredstatements="11" conditionals="41" coveredconditionals="15" methods="4" coveredmethods="3"/>
        <line num="1" count="1" type="stmt"/>
        <line num="11" count="1" type="stmt"/>
        <line num="12" count="1" type="stmt"/>
        <line num="13" count="1" type="cond" truecount="1" falsecount="1"/>
        <line num="15" count="1" type="cond" truecount="2" falsecount="2"/>
        <line num="32" count="1" type="cond" truecount="1" falsecount="2"/>
        <line num="35" count="1" type="stmt"/>
        <line num="50" count="3" type="stmt"/>
        <line num="51" count="3" type="stmt"/>
        <line num="52" count="3" type="cond" truecount="1" falsecount="1"/>
        <line num="58" count="3" type="stmt"/>
        <line num="114" count="0" type="stmt"/>
        <line num="115" count="0" type="stmt"/>
        <line num="117" count="0" type="stmt"/>
      </file>
      <file name="ThemeToggle.astro" path="D:\Documents\GitHub\romophic.com\src\components\ThemeToggle.astro">
        <metrics statements="1" coveredstatements="1" conditionals="0" coveredconditionals="0" methods="1" coveredmethods="1"/>
        <line num="1" count="6" type="stmt"/>
      </file>
      <file name="button.astro" path="D:\Documents\GitHub\romophic.com\src\components\button.astro">
        <metrics statements="7" coveredstatements="4" conditionals="8" coveredconditionals="4" methods="2" coveredmethods="1"/>
        <line num="1" count="0" type="stmt"/>
        <line num="26" count="0" type="stmt"/>
        <line num="34" count="10" type="stmt"/>
        <line num="36" count="10" type="stmt"/>
        <line num="47" count="10" type="stmt"/>
        <line num="54" count="10" type="stmt"/>
        <line num="58" count="0" type="stmt"/>
      </file>
      <file name="separator.astro" path="D:\Documents\GitHub\romophic.com\src\components\separator.astro">
        <metrics statements="2" coveredstatements="2" conditionals="8" coveredconditionals="5" methods="0" coveredmethods="0"/>
        <line num="1" count="5" type="stmt"/>
        <line num="13" count="5" type="stmt"/>
      </file>
    </package>
    <package name="src.content.blog.epsilon-ball">
      <metrics statements="13" coveredstatements="9" conditionals="6" coveredconditionals="0" methods="4" coveredmethods="1"/>
      <file name="index.mdx" path="D:\Documents\GitHub\romophic.com\src\content\blog\epsilon-ball\index.mdx">
        <metrics statements="13" coveredstatements="9" conditionals="6" coveredconditionals="0" methods="4" coveredmethods="1"/>
        <line num="2" count="1" type="stmt"/>
        <line num="12" count="1" type="stmt"/>
        <line num="15" count="0" type="stmt"/>
        <line num="33" count="0" type="stmt"/>
        <line num="1576" count="0" type="cond" truecount="0" falsecount="2"/>
        <line num="1577" count="0" type="cond" truecount="0" falsecount="2"/>
        <line num="1585" count="1" type="stmt"/>
        <line num="1586" count="1" type="stmt"/>
        <line num="1587" count="1" type="cond" truecount="0" falsecount="1"/>
        <line num="1592" count="1" type="stmt"/>
        <line num="1593" count="1" type="stmt"/>
        <line num="1594" count="1" type="stmt"/>
        <line num="1596" count="1" type="stmt"/>
      </file>
    </package>
    <package name="src.content.blog.joined-howtv">
      <metrics statements="21" coveredstatements="16" conditionals="16" coveredconditionals="7" methods="5" coveredmethods="2"/>
      <file name="hills.jpeg" path="D:\Documents\GitHub\romophic.com\src\content\blog\joined-howtv\hills.jpeg">
        <metrics statements="6" coveredstatements="6" conditionals="8" coveredconditionals="7" methods="1" coveredmethods="1"/>
        <line num="4" count="78" type="cond" truecount="2" falsecount="0"/>
        <line num="5" count="1" type="stmt"/>
        <line num="7" count="77" type="cond" truecount="2" falsecount="0"/>
        <line num="8" count="1" type="stmt"/>
        <line num="10" count="76" type="cond" truecount="3" falsecount="1"/>
        <line num="11" count="76" type="stmt"/>
      </file>
      <file name="index.mdx" path="D:\Documents\GitHub\romophic.com\src\content\blog\joined-howtv\index.mdx">
        <metrics statements="15" coveredstatements="10" conditionals="8" coveredconditionals="0" methods="4" coveredmethods="1"/>
        <line num="2" count="2" type="stmt"/>
        <line num="14" count="2" type="stmt"/>
        <line num="18" count="2" type="stmt"/>
        <line num="20" count="0" type="stmt"/>
        <line num="24" count="0" type="stmt"/>
        <line num="25" count="0" type="stmt"/>
        <line num="33" count="0" type="cond" truecount="0" falsecount="2"/>
        <line num="34" count="0" type="cond" truecount="0" falsecount="2"/>
        <line num="43" count="2" type="stmt"/>
        <line num="44" count="2" type="stmt"/>
        <line num="45" count="2" type="cond" truecount="0" falsecount="1"/>
        <line num="50" count="2" type="stmt"/>
        <line num="51" count="2" type="stmt"/>
        <line num="52" count="2" type="stmt"/>
        <line num="54" count="2" type="stmt"/>
      </file>
    </package>
    <package name="src.content.blog.nn-scratch">
      <metrics statements="21" coveredstatements="16" conditionals="16" coveredconditionals="7" methods="5" coveredmethods="2"/>
      <file name="img-excel.png" path="D:\Documents\GitHub\romophic.com\src\content\blog\nn-scratch\img-excel.png">
        <metrics statements="6" coveredstatements="6" conditionals="8" coveredconditionals="7" methods="1" coveredmethods="1"/>
        <line num="4" count="78" type="cond" truecount="2" falsecount="0"/>
        <line num="5" count="1" type="stmt"/>
        <line num="7" count="77" type="cond" truecount="2" falsecount="0"/>
        <line num="8" count="1" type="stmt"/>
        <line num="10" count="76" type="cond" truecount="3" falsecount="1"/>
        <line num="11" count="76" type="stmt"/>
      </file>
      <file name="index.mdx" path="D:\Documents\GitHub\romophic.com\src\content\blog\nn-scratch\index.mdx">
        <metrics statements="15" coveredstatements="10" conditionals="8" coveredconditionals="0" methods="4" coveredmethods="1"/>
        <line num="2" count="2" type="stmt"/>
        <line num="13" count="2" type="stmt"/>
        <line num="57" count="2" type="stmt"/>
        <line num="59" count="0" type="stmt"/>
        <line num="90" count="0" type="stmt"/>
        <line num="91" count="0" type="stmt"/>
        <line num="10891" count="0" type="cond" truecount="0" falsecount="2"/>
        <line num="10892" count="0" type="cond" truecount="0" falsecount="2"/>
        <line num="10900" count="2" type="stmt"/>
        <line num="10901" count="2" type="stmt"/>
        <line num="10902" count="2" type="cond" truecount="0" falsecount="1"/>
        <line num="10907" count="2" type="stmt"/>
        <line num="10908" count="2" type="stmt"/>
        <line num="10909" count="2" type="stmt"/>
        <line num="10911" count="2" type="stmt"/>
      </file>
    </package>
    <package name="src.content.blog.palimpsest">
      <metrics statements="15" coveredstatements="10" conditionals="8" coveredconditionals="0" methods="4" coveredmethods="1"/>
      <file name="index.mdx" path="D:\Documents\GitHub\romophic.com\src\content\blog\palimpsest\index.mdx">
        <metrics statements="15" coveredstatements="10" conditionals="8" coveredconditionals="0" methods="4" coveredmethods="1"/>
        <line num="2" count="1" type="stmt"/>
        <line num="12" count="1" type="stmt"/>
        <line num="43" count="1" type="stmt"/>
        <line num="45" count="0" type="stmt"/>
        <line num="52" count="0" type="stmt"/>
        <line num="53" count="0" type="stmt"/>
        <line num="130" count="0" type="cond" truecount="0" falsecount="2"/>
        <line num="131" count="0" type="cond" truecount="0" falsecount="2"/>
        <line num="139" count="1" type="stmt"/>
        <line num="140" count="1" type="stmt"/>
        <line num="141" count="1" type="cond" truecount="0" falsecount="1"/>
        <line num="146" count="1" type="stmt"/>
        <line num="147" count="1" type="stmt"/>
        <line num="148" count="1" type="stmt"/>
        <line num="150" count="1" type="stmt"/>
      </file>
    </package>
    <package name="src.content.blog.palimpsest.img">
      <metrics statements="30" coveredstatements="4" conditionals="40" coveredconditionals="5" methods="5" coveredmethods="1"/>
      <file name="2023_03_11.jpeg" path="D:\Documents\GitHub\romophic.com\src\content\blog\palimpsest\img\2023_03_11.jpeg">
        <metrics statements="6" coveredstatements="0" conditionals="8" coveredconditionals="0" methods="1" coveredmethods="0"/>
        <line num="4" count="0" type="cond" truecount="0" falsecount="2"/>
        <line num="5" count="0" type="stmt"/>
        <line num="7" count="0" type="cond" truecount="0" falsecount="2"/>
        <line num="8" count="0" type="stmt"/>
        <line num="10" count="0" type="cond" truecount="0" falsecount="4"/>
        <line num="11" count="0" type="stmt"/>
      </file>
      <file name="2023_03_11_2.png" path="D:\Documents\GitHub\romophic.com\src\content\blog\palimpsest\img\2023_03_11_2.png">
        <metrics statements="6" coveredstatements="0" conditionals="8" coveredconditionals="0" methods="1" coveredmethods="0"/>
        <line num="4" count="0" type="cond" truecount="0" falsecount="2"/>
        <line num="5" count="0" type="stmt"/>
        <line num="7" count="0" type="cond" truecount="0" falsecount="2"/>
        <line num="8" count="0" type="stmt"/>
        <line num="10" count="0" type="cond" truecount="0" falsecount="4"/>
        <line num="11" count="0" type="stmt"/>
      </file>
      <file name="2024_09_04.webp" path="D:\Documents\GitHub\romophic.com\src\content\blog\palimpsest\img\2024_09_04.webp">
        <metrics statements="6" coveredstatements="0" conditionals="8" coveredconditionals="0" methods="1" coveredmethods="0"/>
        <line num="4" count="0" type="cond" truecount="0" falsecount="2"/>
        <line num="5" count="0" type="stmt"/>
        <line num="7" count="0" type="cond" truecount="0" falsecount="2"/>
        <line num="8" count="0" type="stmt"/>
        <line num="10" count="0" type="cond" truecount="0" falsecount="4"/>
        <line num="11" count="0" type="stmt"/>
      </file>
      <file name="2025_09_03.webp" path="D:\Documents\GitHub\romophic.com\src\content\blog\palimpsest\img\2025_09_03.webp">
        <metrics statements="6" coveredstatements="0" conditionals="8" coveredconditionals="0" methods="1" coveredmethods="0"/>
        <line num="4" count="0" type="cond" truecount="0" falsecount="2"/>
        <line num="5" count="0" type="stmt"/>
        <line num="7" count="0" type="cond" truecount="0" falsecount="2"/>
        <line num="8" count="0" type="stmt"/>
        <line num="10" count="0" type="cond" truecount="0" falsecount="4"/>
        <line num="11" count="0" type="stmt"/>
      </file>
      <file name="banner.jpg" path="D:\Documents\GitHub\romophic.com\src\content\blog\palimpsest\img\banner.jpg">
        <metrics statements="6" coveredstatements="4" conditionals="8" coveredconditionals="5" methods="1" coveredmethods="1"/>
        <line num="4" count="75" type="cond" truecount="1" falsecount="1"/>
        <line num="5" count="0" type="stmt"/>
        <line num="7" count="75" type="cond" truecount="1" falsecount="1"/>
        <line num="8" count="0" type="stmt"/>
        <line num="10" count="75" type="cond" truecount="3" falsecount="1"/>
        <line num="11" count="75" type="stmt"/>
      </file>
    </package>
    <package name="src.content.blog.romophic-library">
      <metrics statements="13" coveredstatements="9" conditionals="6" coveredconditionals="0" methods="4" coveredmethods="1"/>
      <file name="index.mdx" path="D:\Documents\GitHub\romophic.com\src\content\blog\romophic-library\index.mdx">
        <metrics statements="13" coveredstatements="9" conditionals="6" coveredconditionals="0" methods="4" coveredmethods="1"/>
        <line num="2" count="1" type="stmt"/>
        <line num="12" count="1" type="stmt"/>
        <line num="47" count="0" type="stmt"/>
        <line num="66" count="0" type="stmt"/>
        <line num="1352" count="0" type="cond" truecount="0" falsecount="2"/>
        <line num="1353" count="0" type="cond" truecount="0" falsecount="2"/>
        <line num="1361" count="1" type="stmt"/>
        <line num="1362" count="1" type="stmt"/>
        <line num="1363" count="1" type="cond" truecount="0" falsecount="1"/>
        <line num="1368" count="1" type="stmt"/>
        <line num="1369" count="1" type="stmt"/>
        <line num="1370" count="1" type="stmt"/>
        <line num="1372" count="1" type="stmt"/>
      </file>
    </package>
    <package name="src.content.blog.romophic-library.lib">
      <metrics statements="411" coveredstatements="280" conditionals="196" coveredconditionals="0" methods="125" coveredmethods="31"/>
      <file name="bellman-ford.mdx" path="D:\Documents\GitHub\romophic.com\src\content\blog\romophic-library\lib\bellman-ford.mdx">
        <metrics statements="13" coveredstatements="9" conditionals="6" coveredconditionals="0" methods="4" coveredmethods="1"/>
        <line num="2" count="1" type="stmt"/>
        <line num="13" count="1" type="stmt"/>
        <line num="40" count="0" type="stmt"/>
        <line num="66" count="0" type="stmt"/>
        <line num="2143" count="0" type="cond" truecount="0" falsecount="2"/>
        <line num="2144" count="0" type="cond" truecount="0" falsecount="2"/>
        <line num="2152" count="1" type="stmt"/>
        <line num="2153" count="1" type="stmt"/>
        <line num="2154" count="1" type="cond" truecount="0" falsecount="1"/>
        <line num="2159" count="1" type="stmt"/>
        <line num="2160" count="1" type="stmt"/>
        <line num="2161" count="1" type="stmt"/>
        <line num="2163" count="1" type="stmt"/>
      </file>
      <file name="big-int.mdx" path="D:\Documents\GitHub\romophic.com\src\content\blog\romophic-library\lib\big-int.mdx">
        <metrics statements="13" coveredstatements="9" conditionals="6" coveredconditionals="0" methods="4" coveredmethods="1"/>
        <line num="2" count="1" type="stmt"/>
        <line num="13" count="1" type="stmt"/>
        <line num="32" count="0" type="stmt"/>
        <line num="48" count="0" type="stmt"/>
        <line num="8560" count="0" type="cond" truecount="0" falsecount="2"/>
        <line num="8561" count="0" type="cond" truecount="0" falsecount="2"/>
        <line num="8569" count="1" type="stmt"/>
        <line num="8570" count="1" type="stmt"/>
        <line num="8571" count="1" type="cond" truecount="0" falsecount="1"/>
        <line num="8576" count="1" type="stmt"/>
        <line num="8577" count="1" type="stmt"/>
        <line num="8578" count="1" type="stmt"/>
        <line num="8580" count="1" type="stmt"/>
      </file>
      <file name="binary-exponentiation.mdx" path="D:\Documents\GitHub\romophic.com\src\content\blog\romophic-library\lib\binary-exponentiation.mdx">
        <metrics statements="13" coveredstatements="9" conditionals="6" coveredconditionals="0" methods="4" coveredmethods="1"/>
        <line num="2" count="1" type="stmt"/>
        <line num="13" count="1" type="stmt"/>
        <line num="36" count="0" type="stmt"/>
        <line num="59" count="0" type="stmt"/>
        <line num="1091" count="0" type="cond" truecount="0" falsecount="2"/>
        <line num="1092" count="0" type="cond" truecount="0" falsecount="2"/>
        <line num="1100" count="1" type="stmt"/>
        <line num="1101" count="1" type="stmt"/>
        <line num="1102" count="1" type="cond" truecount="0" falsecount="1"/>
        <line num="1107" count="1" type="stmt"/>
        <line num="1108" count="1" type="stmt"/>
        <line num="1109" count="1" type="stmt"/>
        <line num="1111" count="1" type="stmt"/>
      </file>
      <file name="binary-search.mdx" path="D:\Documents\GitHub\romophic.com\src\content\blog\romophic-library\lib\binary-search.mdx">
        <metrics statements="13" coveredstatements="9" conditionals="6" coveredconditionals="0" methods="4" coveredmethods="1"/>
        <line num="2" count="1" type="stmt"/>
        <line num="13" count="1" type="stmt"/>
        <line num="36" count="0" type="stmt"/>
        <line num="58" count="0" type="stmt"/>
        <line num="904" count="0" type="cond" truecount="0" falsecount="2"/>
        <line num="905" count="0" type="cond" truecount="0" falsecount="2"/>
        <line num="913" count="1" type="stmt"/>
        <line num="914" count="1" type="stmt"/>
        <line num="915" count="1" type="cond" truecount="0" falsecount="1"/>
        <line num="920" count="1" type="stmt"/>
        <line num="921" count="1" type="stmt"/>
        <line num="922" count="1" type="stmt"/>
        <line num="924" count="1" type="stmt"/>
      </file>
      <file name="chmaxchmin.mdx" path="D:\Documents\GitHub\romophic.com\src\content\blog\romophic-library\lib\chmaxchmin.mdx">
        <metrics statements="13" coveredstatements="9" conditionals="6" coveredconditionals="0" methods="4" coveredmethods="1"/>
        <line num="2" count="1" type="stmt"/>
        <line num="13" count="1" type="stmt"/>
        <line num="28" count="0" type="stmt"/>
        <line num="46" count="0" type="stmt"/>
        <line num="608" count="0" type="cond" truecount="0" falsecount="2"/>
        <line num="609" count="0" type="cond" truecount="0" falsecount="2"/>
        <line num="617" count="1" type="stmt"/>
        <line num="618" count="1" type="stmt"/>
        <line num="619" count="1" type="cond" truecount="0" falsecount="1"/>
        <line num="624" count="1" type="stmt"/>
        <line num="625" count="1" type="stmt"/>
        <line num="626" count="1" type="stmt"/>
        <line num="628" count="1" type="stmt"/>
      </file>
      <file name="conv-index.mdx" path="D:\Documents\GitHub\romophic.com\src\content\blog\romophic-library\lib\conv-index.mdx">
        <metrics statements="13" coveredstatements="9" conditionals="6" coveredconditionals="0" methods="4" coveredmethods="1"/>
        <line num="2" count="1" type="stmt"/>
        <line num="13" count="1" type="stmt"/>
        <line num="24" count="0" type="stmt"/>
        <line num="45" count="0" type="stmt"/>
        <line num="1142" count="0" type="cond" truecount="0" falsecount="2"/>
        <line num="1143" count="0" type="cond" truecount="0" falsecount="2"/>
        <line num="1151" count="1" type="stmt"/>
        <line num="1152" count="1" type="stmt"/>
        <line num="1153" count="1" type="cond" truecount="0" falsecount="1"/>
        <line num="1158" count="1" type="stmt"/>
        <line num="1159" count="1" type="stmt"/>
        <line num="1160" count="1" type="stmt"/>
        <line num="1162" count="1" type="stmt"/>
      </file>
      <file name="conv-notation.mdx" path="D:\Documents\GitHub\romophic.com\src\content\blog\romophic-library\lib\conv-notation.mdx">
        <metrics statements="13" coveredstatements="9" conditionals="6" coveredconditionals="0" methods="4" coveredmethods="1"/>
        <line num="2" count="1" type="stmt"/>
        <line num="13" count="1" type="stmt"/>
        <line num="28" count="0" type="stmt"/>
        <line num="43" count="0" type="stmt"/>
        <line num="990" count="0" type="cond" truecount="0" falsecount="2"/>
        <line num="991" count="0" type="cond" truecount="0" falsecount="2"/>
        <line num="999" count="1" type="stmt"/>
        <line num="1000" count="1" type="stmt"/>
        <line num="1001" count="1" type="cond" truecount="0" falsecount="1"/>
        <line num="1006" count="1" type="stmt"/>
        <line num="1007" count="1" type="stmt"/>
        <line num="1008" count="1" type="stmt"/>
        <line num="1010" count="1" type="stmt"/>
      </file>
      <file name="cumulate.mdx" path="D:\Documents\GitHub\romophic.com\src\content\blog\romophic-library\lib\cumulate.mdx">
        <metrics statements="13" coveredstatements="9" conditionals="6" coveredconditionals="0" methods="4" coveredmethods="1"/>
        <line num="2" count="1" type="stmt"/>
        <line num="13" count="1" type="stmt"/>
        <line num="36" count="0" type="stmt"/>
        <line num="60" count="0" type="stmt"/>
        <line num="3875" count="0" type="cond" truecount="0" falsecount="2"/>
        <line num="3876" count="0" type="cond" truecount="0" falsecount="2"/>
        <line num="3884" count="1" type="stmt"/>
        <line num="3885" count="1" type="stmt"/>
        <line num="3886" count="1" type="cond" truecount="0" falsecount="1"/>
        <line num="3891" count="1" type="stmt"/>
        <line num="3892" count="1" type="stmt"/>
        <line num="3893" count="1" type="stmt"/>
        <line num="3895" count="1" type="stmt"/>
      </file>
      <file name="dijkstra.mdx" path="D:\Documents\GitHub\romophic.com\src\content\blog\romophic-library\lib\dijkstra.mdx">
        <metrics statements="13" coveredstatements="9" conditionals="6" coveredconditionals="0" methods="4" coveredmethods="1"/>
        <line num="2" count="1" type="stmt"/>
        <line num="13" count="1" type="stmt"/>
        <line num="40" count="0" type="stmt"/>
        <line num="65" count="0" type="stmt"/>
        <line num="1363" count="0" type="cond" truecount="0" falsecount="2"/>
        <line num="1364" count="0" type="cond" truecount="0" falsecount="2"/>
        <line num="1372" count="1" type="stmt"/>
        <line num="1373" count="1" type="stmt"/>
        <line num="1374" count="1" type="cond" truecount="0" falsecount="1"/>
        <line num="1379" count="1" type="stmt"/>
        <line num="1380" count="1" type="stmt"/>
        <line num="1381" count="1" type="stmt"/>
        <line num="1383" count="1" type="stmt"/>
      </file>
      <file name="directed-graph.mdx" path="D:\Documents\GitHub\romophic.com\src\content\blog\romophic-library\lib\directed-graph.mdx">
        <metrics statements="13" coveredstatements="9" conditionals="6" coveredconditionals="0" methods="4" coveredmethods="1"/>
        <line num="2" count="1" type="stmt"/>
        <line num="13" count="1" type="stmt"/>
        <line num="40" count="0" type="stmt"/>
        <line num="59" count="0" type="stmt"/>
        <line num="843" count="0" type="cond" truecount="0" falsecount="2"/>
        <line num="844" count="0" type="cond" truecount="0" falsecount="2"/>
        <line num="852" count="1" type="stmt"/>
        <line num="853" count="1" type="stmt"/>
        <line num="854" count="1" type="cond" truecount="0" falsecount="1"/>
        <line num="859" count="1" type="stmt"/>
        <line num="860" count="1" type="stmt"/>
        <line num="861" count="1" type="stmt"/>
        <line num="863" count="1" type="stmt"/>
      </file>
      <file name="divisor-enumeration.mdx" path="D:\Documents\GitHub\romophic.com\src\content\blog\romophic-library\lib\divisor-enumeration.mdx">
        <metrics statements="13" coveredstatements="9" conditionals="6" coveredconditionals="0" methods="4" coveredmethods="1"/>
        <line num="2" count="1" type="stmt"/>
        <line num="13" count="1" type="stmt"/>
        <line num="36" count="0" type="stmt"/>
        <line num="60" count="0" type="stmt"/>
        <line num="877" count="0" type="cond" truecount="0" falsecount="2"/>
        <line num="878" count="0" type="cond" truecount="0" falsecount="2"/>
        <line num="886" count="1" type="stmt"/>
        <line num="887" count="1" type="stmt"/>
        <line num="888" count="1" type="cond" truecount="0" falsecount="1"/>
        <line num="893" count="1" type="stmt"/>
        <line num="894" count="1" type="stmt"/>
        <line num="895" count="1" type="stmt"/>
        <line num="897" count="1" type="stmt"/>
      </file>
      <file name="eulers-totient-function.mdx" path="D:\Documents\GitHub\romophic.com\src\content\blog\romophic-library\lib\eulers-totient-function.mdx">
        <metrics statements="13" coveredstatements="9" conditionals="6" coveredconditionals="0" methods="4" coveredmethods="1"/>
        <line num="2" count="1" type="stmt"/>
        <line num="13" count="1" type="stmt"/>
        <line num="32" count="0" type="stmt"/>
        <line num="62" count="0" type="stmt"/>
        <line num="2331" count="0" type="cond" truecount="0" falsecount="2"/>
        <line num="2332" count="0" type="cond" truecount="0" falsecount="2"/>
        <line num="2340" count="1" type="stmt"/>
        <line num="2341" count="1" type="stmt"/>
        <line num="2342" count="1" type="cond" truecount="0" falsecount="1"/>
        <line num="2347" count="1" type="stmt"/>
        <line num="2348" count="1" type="stmt"/>
        <line num="2349" count="1" type="stmt"/>
        <line num="2351" count="1" type="stmt"/>
      </file>
      <file name="fast-io.mdx" path="D:\Documents\GitHub\romophic.com\src\content\blog\romophic-library\lib\fast-io.mdx">
        <metrics statements="13" coveredstatements="9" conditionals="6" coveredconditionals="0" methods="4" coveredmethods="1"/>
        <line num="2" count="1" type="stmt"/>
        <line num="13" count="1" type="stmt"/>
        <line num="24" count="0" type="stmt"/>
        <line num="40" count="0" type="stmt"/>
        <line num="412" count="0" type="cond" truecount="0" falsecount="2"/>
        <line num="413" count="0" type="cond" truecount="0" falsecount="2"/>
        <line num="421" count="1" type="stmt"/>
        <line num="422" count="1" type="stmt"/>
        <line num="423" count="1" type="cond" truecount="0" falsecount="1"/>
        <line num="428" count="1" type="stmt"/>
        <line num="429" count="1" type="stmt"/>
        <line num="430" count="1" type="stmt"/>
        <line num="432" count="1" type="stmt"/>
      </file>
      <file name="get-farthest-vertex.mdx" path="D:\Documents\GitHub\romophic.com\src\content\blog\romophic-library\lib\get-farthest-vertex.mdx">
        <metrics statements="13" coveredstatements="9" conditionals="6" coveredconditionals="0" methods="4" coveredmethods="1"/>
        <line num="2" count="1" type="stmt"/>
        <line num="13" count="1" type="stmt"/>
        <line num="48" count="0" type="stmt"/>
        <line num="73" count="0" type="stmt"/>
        <line num="1410" count="0" type="cond" truecount="0" falsecount="2"/>
        <line num="1411" count="0" type="cond" truecount="0" falsecount="2"/>
        <line num="1419" count="1" type="stmt"/>
        <line num="1420" count="1" type="stmt"/>
        <line num="1421" count="1" type="cond" truecount="0" falsecount="1"/>
        <line num="1426" count="1" type="stmt"/>
        <line num="1427" count="1" type="stmt"/>
        <line num="1428" count="1" type="stmt"/>
        <line num="1430" count="1" type="stmt"/>
      </file>
      <file name="get-graph-diameter.mdx" path="D:\Documents\GitHub\romophic.com\src\content\blog\romophic-library\lib\get-graph-diameter.mdx">
        <metrics statements="13" coveredstatements="9" conditionals="6" coveredconditionals="0" methods="4" coveredmethods="1"/>
        <line num="2" count="1" type="stmt"/>
        <line num="13" count="1" type="stmt"/>
        <line num="44" count="0" type="stmt"/>
        <line num="69" count="0" type="stmt"/>
        <line num="634" count="0" type="cond" truecount="0" falsecount="2"/>
        <line num="635" count="0" type="cond" truecount="0" falsecount="2"/>
        <line num="643" count="1" type="stmt"/>
        <line num="644" count="1" type="stmt"/>
        <line num="645" count="1" type="cond" truecount="0" falsecount="1"/>
        <line num="650" count="1" type="stmt"/>
        <line num="651" count="1" type="stmt"/>
        <line num="652" count="1" type="stmt"/>
        <line num="654" count="1" type="stmt"/>
      </file>
      <file name="kruskal.mdx" path="D:\Documents\GitHub\romophic.com\src\content\blog\romophic-library\lib\kruskal.mdx">
        <metrics statements="13" coveredstatements="9" conditionals="6" coveredconditionals="0" methods="4" coveredmethods="1"/>
        <line num="2" count="1" type="stmt"/>
        <line num="13" count="1" type="stmt"/>
        <line num="40" count="0" type="stmt"/>
        <line num="65" count="0" type="stmt"/>
        <line num="881" count="0" type="cond" truecount="0" falsecount="2"/>
        <line num="882" count="0" type="cond" truecount="0" falsecount="2"/>
        <line num="890" count="1" type="stmt"/>
        <line num="891" count="1" type="stmt"/>
        <line num="892" count="1" type="cond" truecount="0" falsecount="1"/>
        <line num="897" count="1" type="stmt"/>
        <line num="898" count="1" type="stmt"/>
        <line num="899" count="1" type="stmt"/>
        <line num="901" count="1" type="stmt"/>
      </file>
      <file name="lazy-segment-tree.mdx" path="D:\Documents\GitHub\romophic.com\src\content\blog\romophic-library\lib\lazy-segment-tree.mdx">
        <metrics statements="13" coveredstatements="9" conditionals="6" coveredconditionals="0" methods="4" coveredmethods="1"/>
        <line num="2" count="1" type="stmt"/>
        <line num="13" count="1" type="stmt"/>
        <line num="60" count="0" type="stmt"/>
        <line num="86" count="0" type="stmt"/>
        <line num="8002" count="0" type="cond" truecount="0" falsecount="2"/>
        <line num="8003" count="0" type="cond" truecount="0" falsecount="2"/>
        <line num="8011" count="1" type="stmt"/>
        <line num="8012" count="1" type="stmt"/>
        <line num="8013" count="1" type="cond" truecount="0" falsecount="1"/>
        <line num="8018" count="1" type="stmt"/>
        <line num="8019" count="1" type="stmt"/>
        <line num="8020" count="1" type="stmt"/>
        <line num="8022" count="1" type="stmt"/>
      </file>
      <file name="mo.mdx" path="D:\Documents\GitHub\romophic.com\src\content\blog\romophic-library\lib\mo.mdx">
        <metrics statements="13" coveredstatements="9" conditionals="6" coveredconditionals="0" methods="4" coveredmethods="1"/>
        <line num="2" count="1" type="stmt"/>
        <line num="13" count="1" type="stmt"/>
        <line num="36" count="0" type="stmt"/>
        <line num="61" count="0" type="stmt"/>
        <line num="2184" count="0" type="cond" truecount="0" falsecount="2"/>
        <line num="2185" count="0" type="cond" truecount="0" falsecount="2"/>
        <line num="2193" count="1" type="stmt"/>
        <line num="2194" count="1" type="stmt"/>
        <line num="2195" count="1" type="cond" truecount="0" falsecount="1"/>
        <line num="2200" count="1" type="stmt"/>
        <line num="2201" count="1" type="stmt"/>
        <line num="2202" count="1" type="stmt"/>
        <line num="2204" count="1" type="stmt"/>
      </file>
      <file name="modint.mdx" path="D:\Documents\GitHub\romophic.com\src\content\blog\romophic-library\lib\modint.mdx">
        <metrics statements="13" coveredstatements="9" conditionals="6" coveredconditionals="0" methods="4" coveredmethods="1"/>
        <line num="2" count="1" type="stmt"/>
        <line num="13" count="1" type="stmt"/>
        <line num="36" count="0" type="stmt"/>
        <line num="58" count="0" type="stmt"/>
        <line num="3333" count="0" type="cond" truecount="0" falsecount="2"/>
        <line num="3334" count="0" type="cond" truecount="0" falsecount="2"/>
        <line num="3342" count="1" type="stmt"/>
        <line num="3343" count="1" type="stmt"/>
        <line num="3344" count="1" type="cond" truecount="0" falsecount="1"/>
        <line num="3349" count="1" type="stmt"/>
        <line num="3350" count="1" type="stmt"/>
        <line num="3351" count="1" type="stmt"/>
        <line num="3353" count="1" type="stmt"/>
      </file>
      <file name="next-char-index.mdx" path="D:\Documents\GitHub\romophic.com\src\content\blog\romophic-library\lib\next-char-index.mdx">
        <metrics statements="13" coveredstatements="9" conditionals="6" coveredconditionals="0" methods="4" coveredmethods="1"/>
        <line num="2" count="1" type="stmt"/>
        <line num="13" count="1" type="stmt"/>
        <line num="36" count="0" type="stmt"/>
        <line num="58" count="0" type="stmt"/>
        <line num="1118" count="0" type="cond" truecount="0" falsecount="2"/>
        <line num="1119" count="0" type="cond" truecount="0" falsecount="2"/>
        <line num="1127" count="1" type="stmt"/>
        <line num="1128" count="1" type="stmt"/>
        <line num="1129" count="1" type="cond" truecount="0" falsecount="1"/>
        <line num="1134" count="1" type="stmt"/>
        <line num="1135" count="1" type="stmt"/>
        <line num="1136" count="1" type="stmt"/>
        <line num="1138" count="1" type="stmt"/>
      </file>
      <file name="prime-factorization.mdx" path="D:\Documents\GitHub\romophic.com\src\content\blog\romophic-library\lib\prime-factorization.mdx">
        <metrics statements="13" coveredstatements="9" conditionals="6" coveredconditionals="0" methods="4" coveredmethods="1"/>
        <line num="2" count="1" type="stmt"/>
        <line num="13" count="1" type="stmt"/>
        <line num="36" count="0" type="stmt"/>
        <line num="61" count="0" type="stmt"/>
        <line num="1195" count="0" type="cond" truecount="0" falsecount="2"/>
        <line num="1196" count="0" type="cond" truecount="0" falsecount="2"/>
        <line num="1204" count="1" type="stmt"/>
        <line num="1205" count="1" type="stmt"/>
        <line num="1206" count="1" type="cond" truecount="0" falsecount="1"/>
        <line num="1211" count="1" type="stmt"/>
        <line num="1212" count="1" type="stmt"/>
        <line num="1213" count="1" type="stmt"/>
        <line num="1215" count="1" type="stmt"/>
      </file>
      <file name="rolling-hash.mdx" path="D:\Documents\GitHub\romophic.com\src\content\blog\romophic-library\lib\rolling-hash.mdx">
        <metrics statements="13" coveredstatements="9" conditionals="6" coveredconditionals="0" methods="4" coveredmethods="1"/>
        <line num="2" count="1" type="stmt"/>
        <line num="13" count="1" type="stmt"/>
        <line num="44" count="0" type="stmt"/>
        <line num="68" count="0" type="stmt"/>
        <line num="4293" count="0" type="cond" truecount="0" falsecount="2"/>
        <line num="4294" count="0" type="cond" truecount="0" falsecount="2"/>
        <line num="4302" count="1" type="stmt"/>
        <line num="4303" count="1" type="stmt"/>
        <line num="4304" count="1" type="cond" truecount="0" falsecount="1"/>
        <line num="4309" count="1" type="stmt"/>
        <line num="4310" count="1" type="stmt"/>
        <line num="4311" count="1" type="stmt"/>
        <line num="4313" count="1" type="stmt"/>
      </file>
      <file name="scc-scs.png" path="D:\Documents\GitHub\romophic.com\src\content\blog\romophic-library\lib\scc-scs.png">
        <metrics statements="6" coveredstatements="0" conditionals="8" coveredconditionals="0" methods="1" coveredmethods="0"/>
        <line num="4" count="0" type="cond" truecount="0" falsecount="2"/>
        <line num="5" count="0" type="stmt"/>
        <line num="7" count="0" type="cond" truecount="0" falsecount="2"/>
        <line num="8" count="0" type="stmt"/>
        <line num="10" count="0" type="cond" truecount="0" falsecount="4"/>
        <line num="11" count="0" type="stmt"/>
      </file>
      <file name="scc.mdx" path="D:\Documents\GitHub\romophic.com\src\content\blog\romophic-library\lib\scc.mdx">
        <metrics statements="15" coveredstatements="10" conditionals="8" coveredconditionals="0" methods="4" coveredmethods="1"/>
        <line num="2" count="1" type="stmt"/>
        <line num="13" count="1" type="stmt"/>
        <line num="41" count="1" type="stmt"/>
        <line num="43" count="0" type="stmt"/>
        <line num="66" count="0" type="stmt"/>
        <line num="67" count="0" type="stmt"/>
        <line num="3170" count="0" type="cond" truecount="0" falsecount="2"/>
        <line num="3171" count="0" type="cond" truecount="0" falsecount="2"/>
        <line num="3179" count="1" type="stmt"/>
        <line num="3180" count="1" type="stmt"/>
        <line num="3181" count="1" type="cond" truecount="0" falsecount="1"/>
        <line num="3186" count="1" type="stmt"/>
        <line num="3187" count="1" type="stmt"/>
        <line num="3188" count="1" type="stmt"/>
        <line num="3190" count="1" type="stmt"/>
      </file>
      <file name="segment-tree.mdx" path="D:\Documents\GitHub\romophic.com\src\content\blog\romophic-library\lib\segment-tree.mdx">
        <metrics statements="13" coveredstatements="9" conditionals="6" coveredconditionals="0" methods="4" coveredmethods="1"/>
        <line num="2" count="1" type="stmt"/>
        <line num="13" count="1" type="stmt"/>
        <line num="56" count="0" type="stmt"/>
        <line num="83" count="0" type="stmt"/>
        <line num="3759" count="0" type="cond" truecount="0" falsecount="2"/>
        <line num="3760" count="0" type="cond" truecount="0" falsecount="2"/>
        <line num="3768" count="1" type="stmt"/>
        <line num="3769" count="1" type="stmt"/>
        <line num="3770" count="1" type="cond" truecount="0" falsecount="1"/>
        <line num="3775" count="1" type="stmt"/>
        <line num="3776" count="1" type="stmt"/>
        <line num="3777" count="1" type="stmt"/>
        <line num="3779" count="1" type="stmt"/>
      </file>
      <file name="simulated-annealing.mdx" path="D:\Documents\GitHub\romophic.com\src\content\blog\romophic-library\lib\simulated-annealing.mdx">
        <metrics statements="13" coveredstatements="9" conditionals="6" coveredconditionals="0" methods="4" coveredmethods="1"/>
        <line num="2" count="1" type="stmt"/>
        <line num="13" count="1" type="stmt"/>
        <line num="48" count="0" type="stmt"/>
        <line num="73" count="0" type="stmt"/>
        <line num="5136" count="0" type="cond" truecount="0" falsecount="2"/>
        <line num="5137" count="0" type="cond" truecount="0" falsecount="2"/>
        <line num="5145" count="1" type="stmt"/>
        <line num="5146" count="1" type="stmt"/>
        <line num="5147" count="1" type="cond" truecount="0" falsecount="1"/>
        <line num="5152" count="1" type="stmt"/>
        <line num="5153" count="1" type="stmt"/>
        <line num="5154" count="1" type="stmt"/>
        <line num="5156" count="1" type="stmt"/>
      </file>
      <file name="suffix-array.mdx" path="D:\Documents\GitHub\romophic.com\src\content\blog\romophic-library\lib\suffix-array.mdx">
        <metrics statements="13" coveredstatements="9" conditionals="6" coveredconditionals="0" methods="4" coveredmethods="1"/>
        <line num="2" count="1" type="stmt"/>
        <line num="13" count="1" type="stmt"/>
        <line num="44" count="0" type="stmt"/>
        <line num="67" count="0" type="stmt"/>
        <line num="4852" count="0" type="cond" truecount="0" falsecount="2"/>
        <line num="4853" count="0" type="cond" truecount="0" falsecount="2"/>
        <line num="4861" count="1" type="stmt"/>
        <line num="4862" count="1" type="stmt"/>
        <line num="4863" count="1" type="cond" truecount="0" falsecount="1"/>
        <line num="4868" count="1" type="stmt"/>
        <line num="4869" count="1" type="stmt"/>
        <line num="4870" count="1" type="stmt"/>
        <line num="4872" count="1" type="stmt"/>
      </file>
      <file name="topological-sort.mdx" path="D:\Documents\GitHub\romophic.com\src\content\blog\romophic-library\lib\topological-sort.mdx">
        <metrics statements="13" coveredstatements="9" conditionals="6" coveredconditionals="0" methods="4" coveredmethods="1"/>
        <line num="2" count="1" type="stmt"/>
        <line num="13" count="1" type="stmt"/>
        <line num="40" count="0" type="stmt"/>
        <line num="65" count="0" type="stmt"/>
        <line num="1309" count="0" type="cond" truecount="0" falsecount="2"/>
        <line num="1310" count="0" type="cond" truecount="0" falsecount="2"/>
        <line num="1318" count="1" type="stmt"/>
        <line num="1319" count="1" type="stmt"/>
        <line num="1320" count="1" type="cond" truecount="0" falsecount="1"/>
        <line num="1325" count="1" type="stmt"/>
        <line num="1326" count="1" type="stmt"/>
        <line num="1327" count="1" type="stmt"/>
        <line num="1329" count="1" type="stmt"/>
      </file>
      <file name="undirected-graph.mdx" path="D:\Documents\GitHub\romophic.com\src\content\blog\romophic-library\lib\undirected-graph.mdx">
        <metrics statements="13" coveredstatements="9" conditionals="6" coveredconditionals="0" methods="4" coveredmethods="1"/>
        <line num="2" count="1" type="stmt"/>
        <line num="13" count="1" type="stmt"/>
        <line num="40" count="0" type="stmt"/>
        <line num="59" count="0" type="stmt"/>
        <line num="791" count="0" type="cond" truecount="0" falsecount="2"/>
        <line num="792" count="0" type="cond" truecount="0" falsecount="2"/>
        <line num="800" count="1" type="stmt"/>
        <line num="801" count="1" type="stmt"/>
        <line num="802" count="1" type="cond" truecount="0" falsecount="1"/>
        <line num="807" count="1" type="stmt"/>
        <line num="808" count="1" type="stmt"/>
        <line num="809" count="1" type="stmt"/>
        <line num="811" count="1" type="stmt"/>
      </file>
      <file name="union-find.mdx" path="D:\Documents\GitHub\romophic.com\src\content\blog\romophic-library\lib\union-find.mdx">
        <metrics statements="13" coveredstatements="9" conditionals="6" coveredconditionals="0" methods="4" coveredmethods="1"/>
        <line num="2" count="1" type="stmt"/>
        <line num="13" count="1" type="stmt"/>
        <line num="60" count="0" type="stmt"/>
        <line num="83" count="0" type="stmt"/>
        <line num="2746" count="0" type="cond" truecount="0" falsecount="2"/>
        <line num="2747" count="0" type="cond" truecount="0" falsecount="2"/>
        <line num="2755" count="1" type="stmt"/>
        <line num="2756" count="1" type="stmt"/>
        <line num="2757" count="1" type="cond" truecount="0" falsecount="1"/>
        <line num="2762" count="1" type="stmt"/>
        <line num="2763" count="1" type="stmt"/>
        <line num="2764" count="1" type="stmt"/>
        <line num="2766" count="1" type="stmt"/>
      </file>
      <file name="warshall-floyd.mdx" path="D:\Documents\GitHub\romophic.com\src\content\blog\romophic-library\lib\warshall-floyd.mdx">
        <metrics statements="13" coveredstatements="9" conditionals="6" coveredconditionals="0" methods="4" coveredmethods="1"/>
        <line num="2" count="1" type="stmt"/>
        <line num="13" count="1" type="stmt"/>
        <line num="36" count="0" type="stmt"/>
        <line num="62" count="0" type="stmt"/>
        <line num="1558" count="0" type="cond" truecount="0" falsecount="2"/>
        <line num="1559" count="0" type="cond" truecount="0" falsecount="2"/>
        <line num="1567" count="1" type="stmt"/>
        <line num="1568" count="1" type="stmt"/>
        <line num="1569" count="1" type="cond" truecount="0" falsecount="1"/>
        <line num="1574" count="1" type="stmt"/>
        <line num="1575" count="1" type="stmt"/>
        <line num="1576" count="1" type="stmt"/>
        <line num="1578" count="1" type="stmt"/>
      </file>
      <file name="weighted-union-find.mdx" path="D:\Documents\GitHub\romophic.com\src\content\blog\romophic-library\lib\weighted-union-find.mdx">
        <metrics statements="13" coveredstatements="9" conditionals="6" coveredconditionals="0" methods="4" coveredmethods="1"/>
        <line num="2" count="1" type="stmt"/>
        <line num="13" count="1" type="stmt"/>
        <line num="60" count="0" type="stmt"/>
        <line num="83" count="0" type="stmt"/>
        <line num="2510" count="0" type="cond" truecount="0" falsecount="2"/>
        <line num="2511" count="0" type="cond" truecount="0" falsecount="2"/>
        <line num="2519" count="1" type="stmt"/>
        <line num="2520" count="1" type="stmt"/>
        <line num="2521" count="1" type="cond" truecount="0" falsecount="1"/>
        <line num="2526" count="1" type="stmt"/>
        <line num="2527" count="1" type="stmt"/>
        <line num="2528" count="1" type="stmt"/>
        <line num="2530" count="1" type="stmt"/>
      </file>
    </package>
    <package name="src.content.blog.stl-data-structure-istream-ostream">
      <metrics statements="13" coveredstatements="9" conditionals="6" coveredconditionals="0" methods="4" coveredmethods="1"/>
      <file name="index.mdx" path="D:\Documents\GitHub\romophic.com\src\content\blog\stl-data-structure-istream-ostream\index.mdx">
        <metrics statements="13" coveredstatements="9" conditionals="6" coveredconditionals="0" methods="4" coveredmethods="1"/>
        <line num="2" count="1" type="stmt"/>
        <line num="12" count="1" type="stmt"/>
        <line num="31" count="0" type="stmt"/>
        <line num="49" count="0" type="stmt"/>
        <line num="8249" count="0" type="cond" truecount="0" falsecount="2"/>
        <line num="8250" count="0" type="cond" truecount="0" falsecount="2"/>
        <line num="8258" count="1" type="stmt"/>
        <line num="8259" count="1" type="stmt"/>
        <line num="8260" count="1" type="cond" truecount="0" falsecount="1"/>
        <line num="8265" count="1" type="stmt"/>
        <line num="8266" count="1" type="stmt"/>
        <line num="8267" count="1" type="stmt"/>
        <line num="8269" count="1" type="stmt"/>
      </file>
    </package>
    <package name="src.content.projects">
      <metrics statements="12" coveredstatements="12" conditionals="16" coveredconditionals="14" methods="2" coveredmethods="2"/>
      <file name="katexed.png" path="D:\Documents\GitHub\romophic.com\src\content\projects\katexed.png">
        <metrics statements="6" coveredstatements="6" conditionals="8" coveredconditionals="7" methods="1" coveredmethods="1"/>
        <line num="4" count="13" type="cond" truecount="2" falsecount="0"/>
        <line num="5" count="1" type="stmt"/>
        <line num="7" count="12" type="cond" truecount="2" falsecount="0"/>
        <line num="8" count="1" type="stmt"/>
        <line num="10" count="11" type="cond" truecount="3" falsecount="1"/>
        <line num="11" count="11" type="stmt"/>
      </file>
      <file name="ybts.png" path="D:\Documents\GitHub\romophic.com\src\content\projects\ybts.png">
        <metrics statements="6" coveredstatements="6" conditionals="8" coveredconditionals="7" methods="1" coveredmethods="1"/>
        <line num="4" count="13" type="cond" truecount="2" falsecount="0"/>
        <line num="5" count="1" type="stmt"/>
        <line num="7" count="12" type="cond" truecount="2" falsecount="0"/>
        <line num="8" count="1" type="stmt"/>
        <line num="10" count="11" type="cond" truecount="3" falsecount="1"/>
        <line num="11" count="11" type="stmt"/>
      </file>
    </package>
    <package name="src.layouts">
      <metrics statements="2" coveredstatements="2" conditionals="0" coveredconditionals="0" methods="1" coveredmethods="1"/>
      <file name="Layout.astro" path="D:\Documents\GitHub\romophic.com\src\layouts\Layout.astro">
        <metrics statements="2" coveredstatements="2" conditionals="0" coveredconditionals="0" methods="1" coveredmethods="1"/>
        <line num="1" count="3" type="stmt"/>
        <line num="17" count="3" type="stmt"/>
      </file>
    </package>
    <package name="src.lib">
      <metrics statements="14" coveredstatements="14" conditionals="18" coveredconditionals="18" methods="4" coveredmethods="4"/>
      <file name="data-utils.ts" path="D:\Documents\GitHub\romophic.com\src\lib\data-utils.ts">
        <metrics statements="5" coveredstatements="5" conditionals="10" coveredconditionals="10" methods="1" coveredmethods="1"/>
        <line num="45" count="4" type="stmt"/>
        <line num="46" count="4" type="stmt"/>
        <line num="57" count="4" type="stmt"/>
        <line num="69" count="4" type="cond" truecount="4" falsecount="0"/>
        <line num="73" count="4" type="stmt"/>
      </file>
      <file name="tech-badges.ts" path="D:\Documents\GitHub\romophic.com\src\lib\tech-badges.ts">
        <metrics statements="2" coveredstatements="2" conditionals="2" coveredconditionals="2" methods="1" coveredmethods="1"/>
        <line num="2" count="2" type="stmt"/>
        <line num="81" count="38" type="cond" truecount="2" falsecount="0"/>
      </file>
      <file name="utils.ts" path="D:\Documents\GitHub\romophic.com\src\lib\utils.ts">
        <metrics statements="7" coveredstatements="7" conditionals="6" coveredconditionals="6" methods="2" coveredmethods="2"/>
        <line num="2" count="10" type="stmt"/>
        <line num="3" count="10" type="stmt"/>
        <line num="4" count="10" type="stmt"/>
        <line num="5" count="10" type="stmt"/>
        <line num="9" count="6" type="cond" truecount="4" falsecount="0"/>
        <line num="10" count="4" type="cond" truecount="2" falsecount="0"/>
        <line num="11" count="3" type="stmt"/>
      </file>
    </package>
    <package name="src.lib.content">
      <metrics statements="168" coveredstatements="150" conditionals="128" coveredconditionals="100" methods="55" coveredmethods="44"/>
      <file name="authors.ts" path="D:\Documents\GitHub\romophic.com\src\lib\content\authors.ts">
        <metrics statements="9" coveredstatements="6" conditionals="7" coveredconditionals="5" methods="6" coveredmethods="3"/>
        <line num="6" count="1" type="stmt"/>
        <line num="12" count="0" type="stmt"/>
        <line num="13" count="0" type="stmt"/>
        <line num="14" count="0" type="stmt"/>
        <line num="21" count="3" type="cond" truecount="2" falsecount="0"/>
        <line num="23" count="2" type="stmt"/>
        <line num="25" count="2" type="stmt"/>
        <line num="26" count="2" type="stmt"/>
        <line num="27" count="2" type="stmt"/>
      </file>
      <file name="links.ts" path="D:\Documents\GitHub\romophic.com\src\lib\content\links.ts">
        <metrics statements="36" coveredstatements="36" conditionals="26" coveredconditionals="24" methods="7" coveredmethods="7"/>
        <line num="13" count="43" type="stmt"/>
        <line num="14" count="43" type="cond" truecount="1" falsecount="1"/>
        <line num="15" count="43" type="stmt"/>
        <line num="17" count="43" type="stmt"/>
        <line num="18" count="74" type="stmt"/>
        <line num="19" count="74" type="cond" truecount="2" falsecount="0"/>
        <line num="20" count="60" type="stmt"/>
        <line num="23" count="43" type="stmt"/>
        <line num="27" count="9" type="stmt"/>
        <line num="30" count="85" type="stmt"/>
        <line num="32" count="85" type="cond" truecount="2" falsecount="0"/>
        <line num="37" count="17" type="stmt"/>
        <line num="39" count="68" type="cond" truecount="2" falsecount="0"/>
        <line num="40" count="61" type="stmt"/>
        <line num="43" count="7" type="cond" truecount="2" falsecount="0"/>
        <line num="48" count="6" type="stmt"/>
        <line num="49" count="6" type="stmt"/>
        <line num="50" count="6" type="stmt"/>
        <line num="53" count="1" type="stmt"/>
        <line num="57" count="102" type="cond" truecount="2" falsecount="0"/>
        <line num="67" count="3" type="cond" truecount="2" falsecount="0"/>
        <line num="69" count="1" type="stmt"/>
        <line num="70" count="1" type="stmt"/>
        <line num="72" count="1" type="stmt"/>
        <line num="73" count="4" type="stmt"/>
        <line num="75" count="4" type="stmt"/>
        <line num="76" count="4" type="cond" truecount="2" falsecount="0"/>
        <line num="77" count="3" type="stmt"/>
        <line num="79" count="4" type="stmt"/>
        <line num="82" count="4" type="cond" truecount="1" falsecount="1"/>
        <line num="83" count="4" type="stmt"/>
        <line num="88" count="1" type="stmt"/>
        <line num="94" count="3" type="stmt"/>
        <line num="95" count="3" type="stmt"/>
        <line num="97" count="3" type="cond" truecount="2" falsecount="0"/>
        <line num="100" count="3" type="stmt"/>
      </file>
      <file name="posts.ts" path="D:\Documents\GitHub\romophic.com\src\lib\content\posts.ts">
        <metrics statements="88" coveredstatements="73" conditionals="59" coveredconditionals="38" methods="36" coveredmethods="28"/>
        <line num="9" count="40" type="stmt"/>
        <line num="10" count="40" type="stmt"/>
        <line num="11" count="735" type="stmt"/>
        <line num="12" count="735" type="stmt"/>
        <line num="13" count="735" type="stmt"/>
        <line num="18" count="6" type="stmt"/>
        <line num="19" count="6" type="stmt"/>
        <line num="20" count="135" type="stmt"/>
        <line num="21" count="456" type="stmt"/>
        <line num="27" count="3" type="stmt"/>
        <line num="28" count="3" type="stmt"/>
        <line num="29" count="117" type="stmt"/>
        <line num="30" count="429" type="stmt"/>
        <line num="34" count="2" type="stmt"/>
        <line num="35" count="2" type="stmt"/>
        <line num="36" count="6" type="cond" truecount="1" falsecount="1"/>
        <line num="37" count="6" type="cond" truecount="1" falsecount="1"/>
        <line num="38" count="6" type="stmt"/>
        <line num="43" count="13" type="cond" truecount="2" falsecount="0"/>
        <line num="47" count="242" type="cond" truecount="2" falsecount="0"/>
        <line num="48" count="231" type="cond" truecount="2" falsecount="0"/>
        <line num="49" count="52" type="stmt"/>
        <line num="55" count="15" type="stmt"/>
        <line num="56" count="118" type="cond" truecount="2" falsecount="0"/>
        <line num="62" count="15" type="stmt"/>
        <line num="63" count="15" type="stmt"/>
        <line num="64" count="255" type="cond" truecount="3" falsecount="0"/>
        <line num="66" count="16" type="cond" truecount="1" falsecount="1"/>
        <line num="67" count="16" type="cond" truecount="1" falsecount="1"/>
        <line num="68" count="16" type="stmt"/>
        <line num="69" count="16" type="cond" truecount="1" falsecount="1"/>
        <line num="71" count="0" type="stmt"/>
        <line num="80" count="3" type="stmt"/>
        <line num="81" count="3" type="cond" truecount="1" falsecount="1"/>
        <line num="83" count="3" type="cond" truecount="2" falsecount="0"/>
        <line num="84" count="2" type="stmt"/>
        <line num="85" count="2" type="cond" truecount="1" falsecount="1"/>
        <line num="87" count="2" type="stmt"/>
        <line num="89" count="3" type="stmt"/>
        <line num="90" count="2" type="cond" truecount="1" falsecount="1"/>
        <line num="91" count="0" type="stmt"/>
        <line num="94" count="2" type="stmt"/>
        <line num="102" count="1" type="stmt"/>
        <line num="103" count="1" type="stmt"/>
        <line num="105" count="1" type="cond" truecount="1" falsecount="1"/>
        <line num="106" count="0" type="stmt"/>
        <line num="109" count="1" type="stmt"/>
        <line num="118" count="0" type="stmt"/>
        <line num="119" count="0" type="stmt"/>
        <line num="120" count="0" type="stmt"/>
        <line num="121" count="0" type="cond" truecount="0" falsecount="2"/>
        <line num="123" count="0" type="stmt"/>
        <line num="130" count="0" type="stmt"/>
        <line num="131" count="0" type="stmt"/>
        <line num="137" count="1" type="stmt"/>
        <line num="138" count="1" type="stmt"/>
        <line num="144" count="0" type="stmt"/>
        <line num="145" count="0" type="stmt"/>
        <line num="146" count="0" type="stmt"/>
        <line num="148" count="0" type="stmt"/>
        <line num="149" count="0" type="cond" truecount="0" falsecount="2"/>
        <line num="156" count="1" type="stmt"/>
        <line num="158" count="3" type="stmt"/>
        <line num="159" count="3" type="stmt"/>
        <line num="160" count="3" type="stmt"/>
        <line num="167" count="2" type="stmt"/>
        <line num="168" count="2" type="stmt"/>
        <line num="174" count="2" type="stmt"/>
        <line num="175" count="2" type="cond" truecount="1" falsecount="1"/>
        <line num="176" count="2" type="stmt"/>
        <line num="177" count="2" type="cond" truecount="2" falsecount="0"/>
        <line num="178" count="1" type="stmt"/>
        <line num="182" count="5" type="stmt"/>
        <line num="183" count="5" type="stmt"/>
        <line num="187" count="1" type="stmt"/>
        <line num="188" count="1" type="cond" truecount="1" falsecount="1"/>
        <line num="190" count="1" type="stmt"/>
        <line num="191" count="1" type="cond" truecount="1" falsecount="1"/>
        <line num="195" count="5" type="stmt"/>
        <line num="196" count="5" type="cond" truecount="2" falsecount="0"/>
        <line num="198" count="4" type="stmt"/>
        <line num="201" count="4" type="cond" truecount="1" falsecount="1"/>
        <line num="203" count="5" type="cond" truecount="2" falsecount="0"/>
        <line num="204" count="3" type="stmt"/>
        <line num="205" count="3" type="stmt"/>
        <line num="206" count="3" type="stmt"/>
        <line num="207" count="3" type="cond" truecount="1" falsecount="1"/>
        <line num="211" count="4" type="stmt"/>
      </file>
      <file name="subposts-data.ts" path="D:\Documents\GitHub\romophic.com\src\lib\content\subposts-data.ts">
        <metrics statements="18" coveredstatements="18" conditionals="22" coveredconditionals="20" methods="3" coveredmethods="3"/>
        <line num="35" count="4" type="stmt"/>
        <line num="36" count="4" type="cond" truecount="2" falsecount="0"/>
        <line num="37" count="1" type="stmt"/>
        <line num="40" count="3" type="stmt"/>
        <line num="41" count="3" type="stmt"/>
        <line num="43" count="3" type="cond" truecount="4" falsecount="0"/>
        <line num="45" count="4" type="cond" truecount="2" falsecount="0"/>
        <line num="46" count="4" type="stmt"/>
        <line num="47" count="3" type="cond" truecount="2" falsecount="0"/>
        <line num="51" count="4" type="cond" truecount="2" falsecount="0"/>
        <line num="52" count="4" type="stmt"/>
        <line num="54" count="4" type="cond" truecount="1" falsecount="1"/>
        <line num="58" count="4" type="cond" truecount="4" falsecount="0"/>
        <line num="62" count="4" type="stmt"/>
        <line num="63" count="2" type="stmt"/>
        <line num="69" count="3" type="cond" truecount="2" falsecount="0"/>
        <line num="71" count="1" type="stmt"/>
        <line num="75" count="4" type="stmt"/>
      </file>
      <file name="toc.ts" path="D:\Documents\GitHub\romophic.com\src\lib\content\toc.ts">
        <metrics statements="17" coveredstatements="17" conditionals="14" coveredconditionals="13" methods="3" coveredmethods="3"/>
        <line num="6" count="5" type="stmt"/>
        <line num="7" count="5" type="cond" truecount="2" falsecount="0"/>
        <line num="9" count="4" type="cond" truecount="4" falsecount="0"/>
        <line num="11" count="5" type="cond" truecount="2" falsecount="0"/>
        <line num="13" count="5" type="cond" truecount="2" falsecount="0"/>
        <line num="15" count="3" type="stmt"/>
        <line num="17" count="3" type="stmt"/>
        <line num="18" count="3" type="cond" truecount="2" falsecount="0"/>
        <line num="19" count="2" type="stmt"/>
        <line num="22" count="2" type="stmt"/>
        <line num="30" count="3" type="stmt"/>
        <line num="31" count="3" type="stmt"/>
        <line num="32" count="2" type="stmt"/>
        <line num="33" count="2" type="cond" truecount="1" falsecount="1"/>
        <line num="34" count="2" type="stmt"/>
        <line num="37" count="4" type="stmt"/>
        <line num="48" count="3" type="stmt"/>
      </file>
    </package>
    <package name="src.lib.graph">
      <metrics statements="105" coveredstatements="101" conditionals="64" coveredconditionals="45" methods="5" coveredmethods="5"/>
      <file name="renderer.ts" path="D:\Documents\GitHub\romophic.com\src\lib\graph\renderer.ts">
        <metrics statements="105" coveredstatements="101" conditionals="64" coveredconditionals="45" methods="5" coveredmethods="5"/>
        <line num="6" count="1" type="stmt"/>
        <line num="46" count="8" type="cond" truecount="2" falsecount="0"/>
        <line num="47" count="4" type="stmt"/>
        <line num="48" count="4" type="cond" truecount="2" falsecount="0"/>
        <line num="50" count="4" type="stmt"/>
        <line num="64" count="1" type="stmt"/>
        <line num="65" count="1" type="stmt"/>
        <line num="66" count="1" type="stmt"/>
        <line num="67" count="1" type="stmt"/>
        <line num="68" count="1" type="stmt"/>
        <line num="69" count="1" type="stmt"/>
        <line num="73" count="1" type="stmt"/>
        <line num="77" count="1" type="stmt"/>
        <line num="78" count="1" type="stmt"/>
        <line num="97" count="1" type="stmt"/>
        <line num="99" count="1" type="stmt"/>
        <line num="100" count="1" type="stmt"/>
        <line num="101" count="1" type="stmt"/>
        <line num="104" count="1" type="cond" truecount="1" falsecount="1"/>
        <line num="105" count="1" type="stmt"/>
        <line num="106" count="1" type="stmt"/>
        <line num="107" count="1" type="stmt"/>
        <line num="108" count="1" type="stmt"/>
        <line num="109" count="1" type="stmt"/>
        <line num="110" count="1" type="stmt"/>
        <line num="111" count="1" type="stmt"/>
        <line num="112" count="1" type="stmt"/>
        <line num="113" count="64" type="stmt"/>
        <line num="114" count="64" type="stmt"/>
        <line num="116" count="1" type="stmt"/>
        <line num="117" count="48" type="stmt"/>
        <line num="118" count="48" type="stmt"/>
        <line num="120" count="1" type="stmt"/>
        <line num="124" count="1" type="stmt"/>
        <line num="125" count="1" type="stmt"/>
        <line num="126" count="1" type="stmt"/>
        <line num="128" count="1" type="cond" truecount="2" falsecount="1"/>
        <line num="130" count="1" type="stmt"/>
        <line num="131" count="1" type="stmt"/>
        <line num="132" count="1" type="stmt"/>
        <line num="133" count="1" type="cond" truecount="1" falsecount="1"/>
        <line num="134" count="1" type="cond" truecount="1" falsecount="1"/>
        <line num="137" count="1" type="stmt"/>
        <line num="140" count="1" type="cond" truecount="1" falsecount="1"/>
        <line num="141" count="1" type="cond" truecount="2" falsecount="0"/>
        <line num="144" count="1" type="cond" truecount="2" falsecount="3"/>
        <line num="145" count="1" type="cond" truecount="1" falsecount="1"/>
        <line num="149" count="1" type="cond" truecount="1" falsecount="1"/>
        <line num="150" count="1" type="stmt"/>
        <line num="159" count="0" type="stmt"/>
        <line num="172" count="1" type="stmt"/>
        <line num="173" count="2" type="stmt"/>
        <line num="174" count="2" type="cond" truecount="2" falsecount="0"/>
        <line num="177" count="2" type="cond" truecount="2" falsecount="0"/>
        <line num="178" count="2" type="cond" truecount="2" falsecount="0"/>
        <line num="179" count="2" type="stmt"/>
        <line num="182" count="2" type="cond" truecount="3" falsecount="1"/>
        <line num="183" count="2" type="stmt"/>
        <line num="184" count="2" type="stmt"/>
        <line num="185" count="2" type="stmt"/>
        <line num="191" count="2" type="stmt"/>
        <line num="195" count="2" type="stmt"/>
        <line num="196" count="2" type="stmt"/>
        <line num="198" count="2" type="cond" truecount="1" falsecount="1"/>
        <line num="199" count="2" type="cond" truecount="2" falsecount="0"/>
        <line num="203" count="2" type="stmt"/>
        <line num="204" count="2" type="stmt"/>
        <line num="205" count="2" type="stmt"/>
        <line num="209" count="2" type="cond" truecount="1" falsecount="1"/>
        <line num="211" count="2" type="cond" truecount="2" falsecount="0"/>
        <line num="212" count="2" type="stmt"/>
        <line num="213" count="2" type="cond" truecount="2" falsecount="0"/>
        <line num="218" count="1" type="stmt"/>
        <line num="219" count="1" type="stmt"/>
        <line num="220" count="1" type="stmt"/>
        <line num="221" count="1" type="stmt"/>
        <line num="222" count="1" type="cond" truecount="2" falsecount="2"/>
        <line num="223" count="1" type="stmt"/>
        <line num="225" count="1" type="cond" truecount="1" falsecount="1"/>
        <line num="226" count="1" type="stmt"/>
        <line num="227" count="1" type="stmt"/>
        <line num="228" count="1" type="stmt"/>
        <line num="229" count="1" type="stmt"/>
        <line num="230" count="1" type="stmt"/>
        <line num="231" count="1" type="stmt"/>
        <line num="232" count="1" type="stmt"/>
        <line num="233" count="1" type="stmt"/>
        <line num="234" count="1" type="stmt"/>
        <line num="235" count="1" type="stmt"/>
        <line num="236" count="1" type="stmt"/>
        <line num="237" count="1" type="stmt"/>
        <line num="238" count="1" type="stmt"/>
        <line num="239" count="1" type="stmt"/>
        <line num="240" count="1" type="stmt"/>
        <line num="241" count="1" type="stmt"/>
        <line num="242" count="1" type="cond" truecount="1" falsecount="1"/>
        <line num="243" count="0" type="stmt"/>
        <line num="244" count="0" type="stmt"/>
        <line num="245" count="0" type="stmt"/>
        <line num="248" count="1" type="cond" truecount="1" falsecount="1"/>
        <line num="249" count="1" type="stmt"/>
        <line num="250" count="1" type="stmt"/>
        <line num="251" count="1" type="stmt"/>
        <line num="252" count="1" type="stmt"/>
        <line num="256" count="1" type="stmt"/>
      </file>
    </package>
    <package name="src.pages">
      <metrics statements="61" coveredstatements="59" conditionals="14" coveredconditionals="10" methods="10" coveredmethods="10"/>
      <file name="404.astro" path="D:\Documents\GitHub\romophic.com\src\pages\404.astro">
        <metrics statements="1" coveredstatements="1" conditionals="0" coveredconditionals="0" methods="1" coveredmethods="1"/>
        <line num="1" count="1" type="stmt"/>
      </file>
      <file name="about.astro" path="D:\Documents\GitHub\romophic.com\src\pages\about.astro">
        <metrics statements="1" coveredstatements="1" conditionals="0" coveredconditionals="0" methods="1" coveredmethods="1"/>
        <line num="1" count="1" type="stmt"/>
      </file>
      <file name="graph.json.ts" path="D:\Documents\GitHub\romophic.com\src\pages\graph.json.ts">
        <metrics statements="24" coveredstatements="24" conditionals="6" coveredconditionals="6" methods="2" coveredmethods="2"/>
        <line num="22" count="1" type="stmt"/>
        <line num="23" count="1" type="stmt"/>
        <line num="25" count="1" type="stmt"/>
        <line num="26" count="1" type="stmt"/>
        <line num="27" count="1" type="stmt"/>
        <line num="28" count="37" type="stmt"/>
        <line num="31" count="1" type="stmt"/>
        <line num="32" count="1" type="stmt"/>
        <line num="33" count="37" type="stmt"/>
        <line num="37" count="1" type="stmt"/>
        <line num="38" count="37" type="stmt"/>
        <line num="46" count="37" type="cond" truecount="2" falsecount="0"/>
        <line num="47" count="36" type="stmt"/>
        <line num="48" count="69" type="stmt"/>
        <line num="49" count="69" type="stmt"/>
        <line num="59" count="1" type="stmt"/>
        <line num="60" count="5" type="stmt"/>
        <line num="70" count="1" type="stmt"/>
        <line num="71" count="37" type="stmt"/>
        <line num="73" count="37" type="stmt"/>
        <line num="74" count="54" type="stmt"/>
        <line num="76" count="54" type="cond" truecount="4" falsecount="0"/>
        <line num="77" count="52" type="stmt"/>
        <line num="86" count="1" type="stmt"/>
      </file>
      <file name="llms.txt.ts" path="D:\Documents\GitHub\romophic.com\src\pages\llms.txt.ts">
        <metrics statements="29" coveredstatements="29" conditionals="6" coveredconditionals="3" methods="4" coveredmethods="4"/>
        <line num="5" count="1" type="stmt"/>
        <line num="6" count="1" type="stmt"/>
        <line num="7" count="1" type="stmt"/>
        <line num="8" count="1" type="stmt"/>
        <line num="10" count="1" type="stmt"/>
        <line num="11" count="1" type="stmt"/>
        <line num="13" count="1" type="stmt"/>
        <line num="14" count="1" type="stmt"/>
        <line num="16" count="1" type="stmt"/>
        <line num="17" count="1" type="stmt"/>
        <line num="19" count="1" type="stmt"/>
        <line num="21" count="1" type="stmt"/>
        <line num="23" count="1" type="stmt"/>
        <line num="27" count="1" type="stmt"/>
        <line num="28" count="1" type="stmt"/>
        <line num="29" count="20" type="stmt"/>
        <line num="31" count="1" type="cond" truecount="1" falsecount="1"/>
        <line num="32" count="1" type="stmt"/>
        <line num="35" count="1" type="stmt"/>
        <line num="37" count="1" type="cond" truecount="1" falsecount="1"/>
        <line num="38" count="1" type="stmt"/>
        <line num="39" count="1" type="stmt"/>
        <line num="40" count="3" type="stmt"/>
        <line num="42" count="1" type="stmt"/>
        <line num="45" count="1" type="cond" truecount="1" falsecount="1"/>
        <line num="46" count="1" type="stmt"/>
        <line num="47" count="1" type="stmt"/>
        <line num="48" count="1" type="stmt"/>
        <line num="53" count="1" type="stmt"/>
      </file>
      <file name="rss.xml.ts" path="D:\Documents\GitHub\romophic.com\src\pages\rss.xml.ts">
        <metrics statements="6" coveredstatements="4" conditionals="2" coveredconditionals="1" methods="2" coveredmethods="2"/>
        <line num="7" count="1" type="stmt"/>
        <line num="8" count="1" type="stmt"/>
        <line num="10" count="1" type="stmt"/>
        <line num="14" count="37" type="stmt"/>
        <line num="22" count="0" type="stmt"/>
        <line num="23" count="0" type="stmt"/>
      </file>
    </package>
    <package name="src.styles">
      <metrics statements="0" coveredstatements="0" conditionals="0" coveredconditionals="0" methods="0" coveredmethods="0"/>
      <file name="global.css" path="D:\Documents\GitHub\romophic.com\src\styles\global.css">
        <metrics statements="0" coveredstatements="0" conditionals="0" coveredconditionals="0" methods="0" coveredmethods="0"/>
      </file>
      <file name="typography.css" path="D:\Documents\GitHub\romophic.com\src\styles\typography.css">
        <metrics statements="0" coveredstatements="0" conditionals="0" coveredconditionals="0" methods="0" coveredmethods="0"/>
      </file>
    </package>
  </project>
</coverage>
