<?xml version="1.0" encoding="UTF-8"?>
<coverage generated="1779956885609" clover="3.2.0">
  <project timestamp="1779956885610" name="All files">
    <metrics statements="502" coveredstatements="465" conditionals="480" coveredconditionals="335" methods="127" coveredmethods="110" elements="1109" coveredelements="910" complexity="0" loc="502" ncloc="502" packages="14" files="46" classes="46"/>
    <package name=".astro">
      <metrics statements="0" coveredstatements="0" conditionals="0" coveredconditionals="0" methods="0" coveredmethods="0"/>
      <file name="content-assets.mjs" path="D:\Documents\GitHub\romophic.com\.astro\content-assets.mjs">
        <metrics statements="0" coveredstatements="0" conditionals="0" coveredconditionals="0" methods="0" coveredmethods="0"/>
      </file>
    </package>
    <package name="public">
      <metrics statements="6" coveredstatements="6" conditionals="8" coveredconditionals="7" methods="1" coveredmethods="1"/>
      <file name="icon.webp" path="D:\Documents\GitHub\romophic.com\public\icon.webp">
        <metrics statements="6" coveredstatements="6" conditionals="8" coveredconditionals="7" methods="1" coveredmethods="1"/>
        <line num="4" count="13" type="cond" truecount="2" falsecount="0"/>
        <line num="5" count="1" type="stmt"/>
        <line num="7" count="12" type="cond" truecount="2" falsecount="0"/>
        <line num="8" count="1" type="stmt"/>
        <line num="10" count="11" type="cond" truecount="3" falsecount="1"/>
        <line num="11" count="11" type="stmt"/>
      </file>
    </package>
    <package name="src">
      <metrics statements="7" coveredstatements="7" conditionals="0" coveredconditionals="0" methods="0" coveredmethods="0"/>
      <file name="consts.ts" path="D:\Documents\GitHub\romophic.com\src\consts.ts">
        <metrics statements="7" coveredstatements="7" conditionals="0" coveredconditionals="0" methods="0" coveredmethods="0"/>
        <line num="3" count="14" type="stmt"/>
        <line num="14" count="14" type="stmt"/>
        <line num="29" count="14" type="stmt"/>
        <line num="44" count="14" type="stmt"/>
        <line num="53" count="14" type="stmt"/>
        <line num="67" count="14" type="stmt"/>
        <line num="127" count="14" type="stmt"/>
      </file>
    </package>
    <package name="src.components">
      <metrics statements="106" coveredstatements="95" conditionals="208" coveredconditionals="120" methods="45" coveredmethods="39"/>
      <file name="About.astro" path="D:\Documents\GitHub\romophic.com\src\components\About.astro">
        <metrics statements="11" coveredstatements="11" conditionals="32" coveredconditionals="22" methods="10" coveredmethods="10"/>
        <line num="1" count="3" type="stmt"/>
        <line num="11" count="1" type="stmt"/>
        <line num="13" count="1" type="stmt"/>
        <line num="89" count="7" type="stmt"/>
        <line num="90" count="7" type="cond" truecount="1" falsecount="1"/>
        <line num="147" count="1" type="stmt"/>
        <line num="148" count="1" type="cond" truecount="1" falsecount="1"/>
        <line num="216" count="2" type="stmt"/>
        <line num="217" count="2" type="cond" truecount="1" falsecount="1"/>
        <line num="245" count="15" type="stmt"/>
        <line num="246" count="15" type="cond" truecount="1" falsecount="1"/>
      </file>
      <file name="ActivityGraph.astro" path="D:\Documents\GitHub\romophic.com\src\components\ActivityGraph.astro">
        <metrics statements="26" coveredstatements="26" conditionals="14" coveredconditionals="10" methods="5" coveredmethods="5"/>
        <line num="1" count="2" type="stmt"/>
        <line num="4" count="2" type="stmt"/>
        <line num="13" count="730" type="stmt"/>
        <line num="18" count="2" type="stmt"/>
        <line num="21" count="2" type="stmt"/>
        <line num="23" count="2" type="stmt"/>
        <line num="24" count="74" type="stmt"/>
        <line num="25" count="74" type="stmt"/>
        <line num="26" count="74" type="cond" truecount="2" falsecount="0"/>
        <line num="30" count="2" type="stmt"/>
        <line num="31" count="2" type="stmt"/>
        <line num="36" count="2" type="stmt"/>
        <line num="37" count="730" type="stmt"/>
        <line num="38" count="730" type="stmt"/>
        <line num="39" count="730" type="stmt"/>
        <line num="43" count="2" type="stmt"/>
        <line num="44" count="2" type="stmt"/>
        <line num="45" count="730" type="cond" truecount="1" falsecount="1"/>
        <line num="46" count="730" type="cond" truecount="1" falsecount="1"/>
        <line num="47" count="730" type="cond" truecount="1" falsecount="1"/>
        <line num="48" count="730" type="cond" truecount="2" falsecount="0"/>
        <line num="49" count="726" type="stmt"/>
        <line num="66" count="730" type="stmt"/>
        <line num="67" count="730" type="cond" truecount="2" falsecount="0"/>
        <line num="68" count="730" type="stmt"/>
        <line num="70" count="730" type="stmt"/>
      </file>
      <file name="AppScript.astro" path="D:\Documents\GitHub\romophic.com\src\components\AppScript.astro">
        <metrics statements="1" coveredstatements="1" conditionals="2" coveredconditionals="2" methods="0" coveredmethods="0"/>
        <line num="1" count="4" type="cond" truecount="2" falsecount="0"/>
      </file>
      <file name="AuthorCard.astro" path="D:\Documents\GitHub\romophic.com\src\components\AuthorCard.astro">
        <metrics statements="6" coveredstatements="6" conditionals="18" coveredconditionals="9" methods="1" coveredmethods="1"/>
        <line num="1" count="1" type="stmt"/>
        <line num="11" count="1" type="stmt"/>
        <line num="12" count="1" type="stmt"/>
        <line num="13" count="1" type="stmt"/>
        <line num="14" count="1" type="stmt"/>
        <line num="16" count="1" type="stmt"/>
      </file>
      <file name="BlogCard.astro" path="D:\Documents\GitHub\romophic.com\src\components\BlogCard.astro">
        <metrics statements="6" coveredstatements="6" conditionals="14" coveredconditionals="10" methods="3" coveredmethods="3"/>
        <line num="1" count="4" type="stmt"/>
        <line num="19" count="3" type="stmt"/>
        <line num="20" count="3" type="stmt"/>
        <line num="21" count="3" type="stmt"/>
        <line num="22" count="3" type="cond" truecount="2" falsecount="0"/>
        <line num="23" count="3" type="cond" truecount="1" falsecount="1"/>
      </file>
      <file name="Favicons.astro" path="D:\Documents\GitHub\romophic.com\src\components\Favicons.astro">
        <metrics statements="0" coveredstatements="0" conditionals="0" coveredconditionals="0" methods="0" coveredmethods="0"/>
      </file>
      <file name="Footer.astro" path="D:\Documents\GitHub\romophic.com\src\components\Footer.astro">
        <metrics statements="1" coveredstatements="1" conditionals="2" coveredconditionals="1" methods="2" coveredmethods="2"/>
        <line num="1" count="12" type="stmt"/>
      </file>
      <file name="GraphView.astro" path="D:\Documents\GitHub\romophic.com\src\components\GraphView.astro">
        <metrics statements="2" coveredstatements="2" conditionals="4" coveredconditionals="3" methods="0" coveredmethods="0"/>
        <line num="1" count="1" type="stmt"/>
        <line num="13" count="1" type="stmt"/>
      </file>
      <file name="Head.astro" path="D:\Documents\GitHub\romophic.com\src\components\Head.astro">
        <metrics statements="1" coveredstatements="1" conditionals="2" coveredconditionals="2" methods="1" coveredmethods="1"/>
        <line num="1" count="4" type="stmt"/>
      </file>
      <file name="Header.astro" path="D:\Documents\GitHub\romophic.com\src\components\Header.astro">
        <metrics statements="1" coveredstatements="1" conditionals="0" coveredconditionals="0" methods="2" coveredmethods="2"/>
        <line num="1" count="15" type="stmt"/>
      </file>
      <file name="Hero.astro" path="D:\Documents\GitHub\romophic.com\src\components\Hero.astro">
        <metrics statements="1" coveredstatements="1" conditionals="0" coveredconditionals="0" methods="1" coveredmethods="1"/>
        <line num="1" count="1" type="stmt"/>
      </file>
      <file name="Home.astro" path="D:\Documents\GitHub\romophic.com\src\components\Home.astro">
        <metrics statements="2" coveredstatements="2" conditionals="2" coveredconditionals="1" methods="3" coveredmethods="3"/>
        <line num="1" count="3" type="stmt"/>
        <line num="20" count="1" type="stmt"/>
      </file>
      <file name="PageHead.astro" path="D:\Documents\GitHub\romophic.com\src\components\PageHead.astro">
        <metrics statements="16" coveredstatements="11" conditionals="49" coveredconditionals="26" methods="4" coveredmethods="1"/>
        <line num="1" count="5" type="cond" truecount="0" falsecount="4"/>
        <line num="20" count="5" type="stmt"/>
        <line num="22" count="5" type="cond" truecount="3" falsecount="0"/>
        <line num="24" count="5" type="cond" truecount="3" falsecount="0"/>
        <line num="25" count="5" type="cond" truecount="2" falsecount="0"/>
        <line num="27" count="5" type="cond" truecount="2" falsecount="2"/>
        <line num="28" count="0" type="stmt"/>
        <line num="31" count="5" type="cond" truecount="1" falsecount="1"/>
        <line num="37" count="5" type="cond" truecount="2" falsecount="0"/>
        <line num="39" count="5" type="stmt"/>
        <line num="40" count="5" type="stmt"/>
        <line num="42" count="5" type="cond" truecount="1" falsecount="1"/>
        <line num="43" count="0" type="stmt"/>
        <line num="49" count="0" type="cond" truecount="0" falsecount="2"/>
        <line num="57" count="0" type="stmt"/>
        <line num="110" count="0" type="stmt"/>
      </file>
      <file name="ProjectCard.astro" path="D:\Documents\GitHub\romophic.com\src\components\ProjectCard.astro">
        <metrics statements="4" coveredstatements="4" conditionals="10" coveredconditionals="10" methods="2" coveredmethods="2"/>
        <line num="1" count="3" type="stmt"/>
        <line num="13" count="3" type="stmt"/>
        <line num="64" count="11" type="stmt"/>
        <line num="65" count="11" type="cond" truecount="2" falsecount="0"/>
      </file>
      <file name="ScrollProgress.astro" path="D:\Documents\GitHub\romophic.com\src\components\ScrollProgress.astro">
        <metrics statements="1" coveredstatements="1" conditionals="0" coveredconditionals="0" methods="1" coveredmethods="1"/>
        <line num="1" count="3" type="stmt"/>
      </file>
      <file name="SearchDialog.astro" path="D:\Documents\GitHub\romophic.com\src\components\SearchDialog.astro">
        <metrics statements="1" coveredstatements="1" conditionals="0" coveredconditionals="0" methods="1" coveredmethods="1"/>
        <line num="1" count="5" type="stmt"/>
      </file>
      <file name="SocialIcons.astro" path="D:\Documents\GitHub\romophic.com\src\components\SocialIcons.astro">
        <metrics statements="2" coveredstatements="2" conditionals="2" coveredconditionals="0" methods="2" coveredmethods="1"/>
        <line num="1" count="1" type="stmt"/>
        <line num="11" count="1" type="stmt"/>
      </file>
      <file name="TOCSidebar.astro" path="D:\Documents\GitHub\romophic.com\src\components\TOCSidebar.astro">
        <metrics statements="14" coveredstatements="11" conditionals="41" coveredconditionals="15" methods="4" coveredmethods="3"/>
        <line num="1" count="1" type="stmt"/>
        <line num="11" count="1" type="stmt"/>
        <line num="12" count="1" type="stmt"/>
        <line num="13" count="1" type="cond" truecount="1" falsecount="1"/>
        <line num="15" count="1" type="cond" truecount="2" falsecount="2"/>
        <line num="32" count="1" type="cond" truecount="1" falsecount="2"/>
        <line num="35" count="1" type="stmt"/>
        <line num="50" count="3" type="stmt"/>
        <line num="51" count="3" type="stmt"/>
        <line num="52" count="3" type="cond" truecount="1" falsecount="1"/>
        <line num="58" count="3" type="stmt"/>
        <line num="114" count="0" type="stmt"/>
        <line num="115" count="0" type="stmt"/>
        <line num="117" count="0" type="stmt"/>
      </file>
      <file name="ThemeToggle.astro" path="D:\Documents\GitHub\romophic.com\src\components\ThemeToggle.astro">
        <metrics statements="1" coveredstatements="1" conditionals="0" coveredconditionals="0" methods="1" coveredmethods="1"/>
        <line num="1" count="6" type="stmt"/>
      </file>
      <file name="button.astro" path="D:\Documents\GitHub\romophic.com\src\components\button.astro">
        <metrics statements="7" coveredstatements="4" conditionals="8" coveredconditionals="4" methods="2" coveredmethods="1"/>
        <line num="1" count="0" type="stmt"/>
        <line num="26" count="0" type="stmt"/>
        <line num="34" count="10" type="stmt"/>
        <line num="36" count="10" type="stmt"/>
        <line num="47" count="10" type="stmt"/>
        <line num="54" count="10" type="stmt"/>
        <line num="58" count="0" type="stmt"/>
      </file>
      <file name="separator.astro" path="D:\Documents\GitHub\romophic.com\src\components\separator.astro">
        <metrics statements="2" coveredstatements="2" conditionals="8" coveredconditionals="5" methods="0" coveredmethods="0"/>
        <line num="1" count="5" type="stmt"/>
        <line num="13" count="5" type="stmt"/>
      </file>
    </package>
    <package name="src.content.blog.joined-howtv">
      <metrics statements="6" coveredstatements="6" conditionals="8" coveredconditionals="7" methods="1" coveredmethods="1"/>
      <file name="hills.jpeg" path="D:\Documents\GitHub\romophic.com\src\content\blog\joined-howtv\hills.jpeg">
        <metrics statements="6" coveredstatements="6" conditionals="8" coveredconditionals="7" methods="1" coveredmethods="1"/>
        <line num="4" count="78" type="cond" truecount="2" falsecount="0"/>
        <line num="5" count="1" type="stmt"/>
        <line num="7" count="77" type="cond" truecount="2" falsecount="0"/>
        <line num="8" count="1" type="stmt"/>
        <line num="10" count="76" type="cond" truecount="3" falsecount="1"/>
        <line num="11" count="76" type="stmt"/>
      </file>
    </package>
    <package name="src.content.blog.nn-scratch">
      <metrics statements="6" coveredstatements="6" conditionals="8" coveredconditionals="7" methods="1" coveredmethods="1"/>
      <file name="img-excel.png" path="D:\Documents\GitHub\romophic.com\src\content\blog\nn-scratch\img-excel.png">
        <metrics statements="6" coveredstatements="6" conditionals="8" coveredconditionals="7" methods="1" coveredmethods="1"/>
        <line num="4" count="78" type="cond" truecount="2" falsecount="0"/>
        <line num="5" count="1" type="stmt"/>
        <line num="7" count="77" type="cond" truecount="2" falsecount="0"/>
        <line num="8" count="1" type="stmt"/>
        <line num="10" count="76" type="cond" truecount="3" falsecount="1"/>
        <line num="11" count="76" type="stmt"/>
      </file>
    </package>
    <package name="src.content.blog.palimpsest.img">
      <metrics statements="6" coveredstatements="4" conditionals="8" coveredconditionals="5" methods="1" coveredmethods="1"/>
      <file name="banner.jpg" path="D:\Documents\GitHub\romophic.com\src\content\blog\palimpsest\img\banner.jpg">
        <metrics statements="6" coveredstatements="4" conditionals="8" coveredconditionals="5" methods="1" coveredmethods="1"/>
        <line num="4" count="75" type="cond" truecount="1" falsecount="1"/>
        <line num="5" count="0" type="stmt"/>
        <line num="7" count="75" type="cond" truecount="1" falsecount="1"/>
        <line num="8" count="0" type="stmt"/>
        <line num="10" count="75" type="cond" truecount="3" falsecount="1"/>
        <line num="11" count="75" type="stmt"/>
      </file>
    </package>
    <package name="src.content.projects">
      <metrics statements="12" coveredstatements="12" conditionals="16" coveredconditionals="14" methods="2" coveredmethods="2"/>
      <file name="katexed.png" path="D:\Documents\GitHub\romophic.com\src\content\projects\katexed.png">
        <metrics statements="6" coveredstatements="6" conditionals="8" coveredconditionals="7" methods="1" coveredmethods="1"/>
        <line num="4" count="13" type="cond" truecount="2" falsecount="0"/>
        <line num="5" count="1" type="stmt"/>
        <line num="7" count="12" type="cond" truecount="2" falsecount="0"/>
        <line num="8" count="1" type="stmt"/>
        <line num="10" count="11" type="cond" truecount="3" falsecount="1"/>
        <line num="11" count="11" type="stmt"/>
      </file>
      <file name="ybts.png" path="D:\Documents\GitHub\romophic.com\src\content\projects\ybts.png">
        <metrics statements="6" coveredstatements="6" conditionals="8" coveredconditionals="7" methods="1" coveredmethods="1"/>
        <line num="4" count="13" type="cond" truecount="2" falsecount="0"/>
        <line num="5" count="1" type="stmt"/>
        <line num="7" count="12" type="cond" truecount="2" falsecount="0"/>
        <line num="8" count="1" type="stmt"/>
        <line num="10" count="11" type="cond" truecount="3" falsecount="1"/>
        <line num="11" count="11" type="stmt"/>
      </file>
    </package>
    <package name="src.layouts">
      <metrics statements="2" coveredstatements="2" conditionals="0" coveredconditionals="0" methods="1" coveredmethods="1"/>
      <file name="Layout.astro" path="D:\Documents\GitHub\romophic.com\src\layouts\Layout.astro">
        <metrics statements="2" coveredstatements="2" conditionals="0" coveredconditionals="0" methods="1" coveredmethods="1"/>
        <line num="1" count="3" type="stmt"/>
        <line num="17" count="3" type="stmt"/>
      </file>
    </package>
    <package name="src.lib">
      <metrics statements="14" coveredstatements="14" conditionals="18" coveredconditionals="18" methods="4" coveredmethods="4"/>
      <file name="data-utils.ts" path="D:\Documents\GitHub\romophic.com\src\lib\data-utils.ts">
        <metrics statements="5" coveredstatements="5" conditionals="10" coveredconditionals="10" methods="1" coveredmethods="1"/>
        <line num="45" count="4" type="stmt"/>
        <line num="46" count="4" type="stmt"/>
        <line num="57" count="4" type="stmt"/>
        <line num="69" count="4" type="cond" truecount="4" falsecount="0"/>
        <line num="73" count="4" type="stmt"/>
      </file>
      <file name="tech-badges.ts" path="D:\Documents\GitHub\romophic.com\src\lib\tech-badges.ts">
        <metrics statements="2" coveredstatements="2" conditionals="2" coveredconditionals="2" methods="1" coveredmethods="1"/>
        <line num="2" count="2" type="stmt"/>
        <line num="81" count="38" type="cond" truecount="2" falsecount="0"/>
      </file>
      <file name="utils.ts" path="D:\Documents\GitHub\romophic.com\src\lib\utils.ts">
        <metrics statements="7" coveredstatements="7" conditionals="6" coveredconditionals="6" methods="2" coveredmethods="2"/>
        <line num="2" count="10" type="stmt"/>
        <line num="3" count="10" type="stmt"/>
        <line num="4" count="10" type="stmt"/>
        <line num="5" count="10" type="stmt"/>
        <line num="9" count="6" type="cond" truecount="4" falsecount="0"/>
        <line num="10" count="4" type="cond" truecount="2" falsecount="0"/>
        <line num="11" count="3" type="stmt"/>
      </file>
    </package>
    <package name="src.lib.content">
      <metrics statements="171" coveredstatements="153" conditionals="128" coveredconditionals="102" methods="56" coveredmethods="45"/>
      <file name="authors.ts" path="D:\Documents\GitHub\romophic.com\src\lib\content\authors.ts">
        <metrics statements="9" coveredstatements="6" conditionals="7" coveredconditionals="5" methods="6" coveredmethods="3"/>
        <line num="6" count="1" type="stmt"/>
        <line num="12" count="0" type="stmt"/>
        <line num="13" count="0" type="stmt"/>
        <line num="14" count="0" type="stmt"/>
        <line num="21" count="3" type="cond" truecount="2" falsecount="0"/>
        <line num="23" count="2" type="stmt"/>
        <line num="25" count="2" type="stmt"/>
        <line num="26" count="2" type="stmt"/>
        <line num="27" count="2" type="stmt"/>
      </file>
      <file name="links.ts" path="D:\Documents\GitHub\romophic.com\src\lib\content\links.ts">
        <metrics statements="38" coveredstatements="38" conditionals="26" coveredconditionals="25" methods="7" coveredmethods="7"/>
        <line num="13" count="43" type="cond" truecount="2" falsecount="0"/>
        <line num="16" count="43" type="stmt"/>
        <line num="18" count="43" type="stmt"/>
        <line num="19" count="43" type="stmt"/>
        <line num="22" count="43" type="stmt"/>
        <line num="23" count="73" type="stmt"/>
        <line num="24" count="73" type="stmt"/>
        <line num="25" count="73" type="cond" truecount="2" falsecount="0"/>
        <line num="26" count="67" type="stmt"/>
        <line num="31" count="43" type="stmt"/>
        <line num="35" count="9" type="stmt"/>
        <line num="38" count="84" type="stmt"/>
        <line num="40" count="84" type="cond" truecount="2" falsecount="0"/>
        <line num="45" count="9" type="stmt"/>
        <line num="47" count="75" type="cond" truecount="2" falsecount="0"/>
        <line num="48" count="61" type="stmt"/>
        <line num="51" count="14" type="cond" truecount="2" falsecount="0"/>
        <line num="56" count="13" type="stmt"/>
        <line num="57" count="13" type="stmt"/>
        <line num="58" count="13" type="stmt"/>
        <line num="61" count="1" type="stmt"/>
        <line num="65" count="109" type="cond" truecount="2" falsecount="0"/>
        <line num="75" count="3" type="cond" truecount="2" falsecount="0"/>
        <line num="77" count="1" type="stmt"/>
        <line num="78" count="1" type="stmt"/>
        <line num="80" count="1" type="stmt"/>
        <line num="81" count="4" type="stmt"/>
        <line num="83" count="4" type="stmt"/>
        <line num="84" count="4" type="cond" truecount="2" falsecount="0"/>
        <line num="85" count="3" type="stmt"/>
        <line num="87" count="4" type="stmt"/>
        <line num="90" count="4" type="cond" truecount="1" falsecount="1"/>
        <line num="91" count="4" type="stmt"/>
        <line num="96" count="1" type="stmt"/>
        <line num="102" count="3" type="stmt"/>
        <line num="103" count="3" type="stmt"/>
        <line num="105" count="3" type="cond" truecount="2" falsecount="0"/>
        <line num="108" count="3" type="stmt"/>
      </file>
      <file name="posts.ts" path="D:\Documents\GitHub\romophic.com\src\lib\content\posts.ts">
        <metrics statements="89" coveredstatements="74" conditionals="59" coveredconditionals="39" methods="37" coveredmethods="29"/>
        <line num="8" count="40" type="stmt"/>
        <line num="9" count="40" type="stmt"/>
        <line num="10" count="735" type="stmt"/>
        <line num="11" count="735" type="stmt"/>
        <line num="12" count="735" type="stmt"/>
        <line num="17" count="6" type="stmt"/>
        <line num="18" count="6" type="stmt"/>
        <line num="19" count="135" type="stmt"/>
        <line num="20" count="456" type="stmt"/>
        <line num="26" count="3" type="stmt"/>
        <line num="27" count="3" type="stmt"/>
        <line num="28" count="117" type="stmt"/>
        <line num="29" count="429" type="stmt"/>
        <line num="33" count="2" type="stmt"/>
        <line num="34" count="2" type="stmt"/>
        <line num="35" count="6" type="cond" truecount="1" falsecount="1"/>
        <line num="36" count="6" type="cond" truecount="1" falsecount="1"/>
        <line num="37" count="6" type="stmt"/>
        <line num="42" count="13" type="cond" truecount="2" falsecount="0"/>
        <line num="46" count="242" type="cond" truecount="2" falsecount="0"/>
        <line num="47" count="231" type="cond" truecount="2" falsecount="0"/>
        <line num="48" count="52" type="stmt"/>
        <line num="54" count="15" type="stmt"/>
        <line num="55" count="118" type="cond" truecount="2" falsecount="0"/>
        <line num="61" count="15" type="stmt"/>
        <line num="62" count="15" type="stmt"/>
        <line num="63" count="255" type="cond" truecount="3" falsecount="0"/>
        <line num="65" count="16" type="cond" truecount="1" falsecount="1"/>
        <line num="66" count="16" type="cond" truecount="1" falsecount="1"/>
        <line num="67" count="16" type="stmt"/>
        <line num="68" count="16" type="cond" truecount="1" falsecount="1"/>
        <line num="70" count="0" type="stmt"/>
        <line num="79" count="3" type="stmt"/>
        <line num="80" count="3" type="cond" truecount="1" falsecount="1"/>
        <line num="82" count="3" type="cond" truecount="2" falsecount="0"/>
        <line num="83" count="2" type="stmt"/>
        <line num="84" count="2" type="cond" truecount="1" falsecount="1"/>
        <line num="86" count="2" type="stmt"/>
        <line num="88" count="3" type="stmt"/>
        <line num="89" count="2" type="cond" truecount="1" falsecount="1"/>
        <line num="90" count="0" type="stmt"/>
        <line num="93" count="2" type="stmt"/>
        <line num="101" count="1" type="stmt"/>
        <line num="102" count="1" type="stmt"/>
        <line num="104" count="1" type="cond" truecount="1" falsecount="1"/>
        <line num="105" count="0" type="stmt"/>
        <line num="108" count="1" type="stmt"/>
        <line num="117" count="0" type="stmt"/>
        <line num="118" count="0" type="stmt"/>
        <line num="119" count="0" type="stmt"/>
        <line num="120" count="0" type="cond" truecount="0" falsecount="2"/>
        <line num="122" count="0" type="stmt"/>
        <line num="129" count="0" type="stmt"/>
        <line num="130" count="0" type="stmt"/>
        <line num="136" count="1" type="stmt"/>
        <line num="137" count="1" type="stmt"/>
        <line num="143" count="0" type="stmt"/>
        <line num="144" count="0" type="stmt"/>
        <line num="145" count="0" type="stmt"/>
        <line num="147" count="0" type="stmt"/>
        <line num="148" count="0" type="cond" truecount="0" falsecount="2"/>
        <line num="155" count="1" type="stmt"/>
        <line num="157" count="3" type="stmt"/>
        <line num="158" count="3" type="stmt"/>
        <line num="159" count="3" type="stmt"/>
        <line num="166" count="2" type="stmt"/>
        <line num="167" count="2" type="stmt"/>
        <line num="173" count="2" type="stmt"/>
        <line num="174" count="2" type="cond" truecount="1" falsecount="1"/>
        <line num="175" count="2" type="stmt"/>
        <line num="176" count="2" type="cond" truecount="2" falsecount="0"/>
        <line num="177" count="1" type="stmt"/>
        <line num="181" count="5" type="stmt"/>
        <line num="182" count="5" type="stmt"/>
        <line num="186" count="12" type="cond" truecount="2" falsecount="0"/>
        <line num="188" count="11" type="stmt"/>
        <line num="190" count="11" type="stmt"/>
        <line num="191" count="11" type="stmt"/>
        <line num="195" count="1" type="stmt"/>
        <line num="196" count="1" type="cond" truecount="1" falsecount="1"/>
        <line num="198" count="1" type="stmt"/>
        <line num="202" count="5" type="stmt"/>
        <line num="203" count="5" type="cond" truecount="2" falsecount="0"/>
        <line num="205" count="4" type="cond" truecount="1" falsecount="1"/>
        <line num="207" count="5" type="cond" truecount="2" falsecount="0"/>
        <line num="208" count="3" type="stmt"/>
        <line num="209" count="3" type="stmt"/>
        <line num="210" count="3" type="cond" truecount="1" falsecount="1"/>
        <line num="214" count="4" type="stmt"/>
      </file>
      <file name="subposts-data.ts" path="D:\Documents\GitHub\romophic.com\src\lib\content\subposts-data.ts">
        <metrics statements="18" coveredstatements="18" conditionals="22" coveredconditionals="20" methods="3" coveredmethods="3"/>
        <line num="35" count="4" type="stmt"/>
        <line num="36" count="4" type="cond" truecount="2" falsecount="0"/>
        <line num="37" count="1" type="stmt"/>
        <line num="40" count="3" type="stmt"/>
        <line num="41" count="3" type="stmt"/>
        <line num="43" count="3" type="cond" truecount="4" falsecount="0"/>
        <line num="45" count="4" type="cond" truecount="2" falsecount="0"/>
        <line num="46" count="4" type="stmt"/>
        <line num="47" count="3" type="cond" truecount="2" falsecount="0"/>
        <line num="51" count="4" type="cond" truecount="2" falsecount="0"/>
        <line num="52" count="4" type="stmt"/>
        <line num="54" count="4" type="cond" truecount="1" falsecount="1"/>
        <line num="58" count="4" type="cond" truecount="4" falsecount="0"/>
        <line num="62" count="4" type="stmt"/>
        <line num="63" count="2" type="stmt"/>
        <line num="69" count="3" type="cond" truecount="2" falsecount="0"/>
        <line num="71" count="1" type="stmt"/>
        <line num="75" count="4" type="stmt"/>
      </file>
      <file name="toc.ts" path="D:\Documents\GitHub\romophic.com\src\lib\content\toc.ts">
        <metrics statements="17" coveredstatements="17" conditionals="14" coveredconditionals="13" methods="3" coveredmethods="3"/>
        <line num="6" count="5" type="stmt"/>
        <line num="7" count="5" type="cond" truecount="2" falsecount="0"/>
        <line num="9" count="4" type="cond" truecount="4" falsecount="0"/>
        <line num="11" count="5" type="cond" truecount="2" falsecount="0"/>
        <line num="13" count="5" type="cond" truecount="2" falsecount="0"/>
        <line num="15" count="3" type="stmt"/>
        <line num="17" count="3" type="stmt"/>
        <line num="18" count="3" type="cond" truecount="2" falsecount="0"/>
        <line num="19" count="2" type="stmt"/>
        <line num="22" count="2" type="stmt"/>
        <line num="30" count="3" type="stmt"/>
        <line num="31" count="3" type="stmt"/>
        <line num="32" count="2" type="stmt"/>
        <line num="33" count="2" type="cond" truecount="1" falsecount="1"/>
        <line num="34" count="2" type="stmt"/>
        <line num="37" count="4" type="stmt"/>
        <line num="48" count="3" type="stmt"/>
      </file>
    </package>
    <package name="src.lib.graph">
      <metrics statements="105" coveredstatements="101" conditionals="64" coveredconditionals="45" methods="5" coveredmethods="5"/>
      <file name="renderer.ts" path="D:\Documents\GitHub\romophic.com\src\lib\graph\renderer.ts">
        <metrics statements="105" coveredstatements="101" conditionals="64" coveredconditionals="45" methods="5" coveredmethods="5"/>
        <line num="6" count="1" type="stmt"/>
        <line num="46" count="8" type="cond" truecount="2" falsecount="0"/>
        <line num="47" count="4" type="stmt"/>
        <line num="48" count="4" type="cond" truecount="2" falsecount="0"/>
        <line num="50" count="4" type="stmt"/>
        <line num="64" count="1" type="stmt"/>
        <line num="65" count="1" type="stmt"/>
        <line num="66" count="1" type="stmt"/>
        <line num="67" count="1" type="stmt"/>
        <line num="68" count="1" type="stmt"/>
        <line num="69" count="1" type="stmt"/>
        <line num="73" count="1" type="stmt"/>
        <line num="77" count="1" type="stmt"/>
        <line num="78" count="1" type="stmt"/>
        <line num="97" count="1" type="stmt"/>
        <line num="99" count="1" type="stmt"/>
        <line num="100" count="1" type="stmt"/>
        <line num="101" count="1" type="stmt"/>
        <line num="104" count="1" type="cond" truecount="1" falsecount="1"/>
        <line num="105" count="1" type="stmt"/>
        <line num="106" count="1" type="stmt"/>
        <line num="107" count="1" type="stmt"/>
        <line num="108" count="1" type="stmt"/>
        <line num="109" count="1" type="stmt"/>
        <line num="110" count="1" type="stmt"/>
        <line num="111" count="1" type="stmt"/>
        <line num="112" count="1" type="stmt"/>
        <line num="113" count="64" type="stmt"/>
        <line num="114" count="64" type="stmt"/>
        <line num="116" count="1" type="stmt"/>
        <line num="117" count="48" type="stmt"/>
        <line num="118" count="48" type="stmt"/>
        <line num="120" count="1" type="stmt"/>
        <line num="124" count="1" type="stmt"/>
        <line num="125" count="1" type="stmt"/>
        <line num="126" count="1" type="stmt"/>
        <line num="128" count="1" type="cond" truecount="2" falsecount="1"/>
        <line num="130" count="1" type="stmt"/>
        <line num="131" count="1" type="stmt"/>
        <line num="132" count="1" type="stmt"/>
        <line num="133" count="1" type="cond" truecount="1" falsecount="1"/>
        <line num="134" count="1" type="cond" truecount="1" falsecount="1"/>
        <line num="137" count="1" type="stmt"/>
        <line num="140" count="1" type="cond" truecount="1" falsecount="1"/>
        <line num="141" count="1" type="cond" truecount="2" falsecount="0"/>
        <line num="144" count="1" type="cond" truecount="2" falsecount="3"/>
        <line num="145" count="1" type="cond" truecount="1" falsecount="1"/>
        <line num="149" count="1" type="cond" truecount="1" falsecount="1"/>
        <line num="150" count="1" type="stmt"/>
        <line num="159" count="0" type="stmt"/>
        <line num="172" count="1" type="stmt"/>
        <line num="173" count="2" type="stmt"/>
        <line num="174" count="2" type="cond" truecount="2" falsecount="0"/>
        <line num="177" count="2" type="cond" truecount="2" falsecount="0"/>
        <line num="178" count="2" type="cond" truecount="2" falsecount="0"/>
        <line num="179" count="2" type="stmt"/>
        <line num="182" count="2" type="cond" truecount="3" falsecount="1"/>
        <line num="183" count="2" type="stmt"/>
        <line num="184" count="2" type="stmt"/>
        <line num="185" count="2" type="stmt"/>
        <line num="191" count="2" type="stmt"/>
        <line num="195" count="2" type="stmt"/>
        <line num="196" count="2" type="stmt"/>
        <line num="198" count="2" type="cond" truecount="1" falsecount="1"/>
        <line num="199" count="2" type="cond" truecount="2" falsecount="0"/>
        <line num="203" count="2" type="stmt"/>
        <line num="204" count="2" type="stmt"/>
        <line num="205" count="2" type="stmt"/>
        <line num="209" count="2" type="cond" truecount="1" falsecount="1"/>
        <line num="211" count="2" type="cond" truecount="2" falsecount="0"/>
        <line num="212" count="2" type="stmt"/>
        <line num="213" count="2" type="cond" truecount="2" falsecount="0"/>
        <line num="218" count="1" type="stmt"/>
        <line num="219" count="1" type="stmt"/>
        <line num="220" count="1" type="stmt"/>
        <line num="221" count="1" type="stmt"/>
        <line num="222" count="1" type="cond" truecount="2" falsecount="2"/>
        <line num="223" count="1" type="stmt"/>
        <line num="225" count="1" type="cond" truecount="1" falsecount="1"/>
        <line num="226" count="1" type="stmt"/>
        <line num="227" count="1" type="stmt"/>
        <line num="228" count="1" type="stmt"/>
        <line num="229" count="1" type="stmt"/>
        <line num="230" count="1" type="stmt"/>
        <line num="231" count="1" type="stmt"/>
        <line num="232" count="1" type="stmt"/>
        <line num="233" count="1" type="stmt"/>
        <line num="234" count="1" type="stmt"/>
        <line num="235" count="1" type="stmt"/>
        <line num="236" count="1" type="stmt"/>
        <line num="237" count="1" type="stmt"/>
        <line num="238" count="1" type="stmt"/>
        <line num="239" count="1" type="stmt"/>
        <line num="240" count="1" type="stmt"/>
        <line num="241" count="1" type="stmt"/>
        <line num="242" count="1" type="cond" truecount="1" falsecount="1"/>
        <line num="243" count="0" type="stmt"/>
        <line num="244" count="0" type="stmt"/>
        <line num="245" count="0" type="stmt"/>
        <line num="248" count="1" type="cond" truecount="1" falsecount="1"/>
        <line num="249" count="1" type="stmt"/>
        <line num="250" count="1" type="stmt"/>
        <line num="251" count="1" type="stmt"/>
        <line num="252" count="1" type="stmt"/>
        <line num="256" count="1" type="stmt"/>
      </file>
    </package>
    <package name="src.pages">
      <metrics statements="61" coveredstatements="59" conditionals="14" coveredconditionals="10" methods="10" coveredmethods="10"/>
      <file name="404.astro" path="D:\Documents\GitHub\romophic.com\src\pages\404.astro">
        <metrics statements="1" coveredstatements="1" conditionals="0" coveredconditionals="0" methods="1" coveredmethods="1"/>
        <line num="1" count="1" type="stmt"/>
      </file>
      <file name="about.astro" path="D:\Documents\GitHub\romophic.com\src\pages\about.astro">
        <metrics statements="1" coveredstatements="1" conditionals="0" coveredconditionals="0" methods="1" coveredmethods="1"/>
        <line num="1" count="1" type="stmt"/>
      </file>
      <file name="graph.json.ts" path="D:\Documents\GitHub\romophic.com\src\pages\graph.json.ts">
        <metrics statements="24" coveredstatements="24" conditionals="6" coveredconditionals="6" methods="2" coveredmethods="2"/>
        <line num="22" count="1" type="stmt"/>
        <line num="23" count="1" type="stmt"/>
        <line num="25" count="1" type="stmt"/>
        <line num="26" count="1" type="stmt"/>
        <line num="27" count="1" type="stmt"/>
        <line num="28" count="37" type="stmt"/>
        <line num="31" count="1" type="stmt"/>
        <line num="32" count="1" type="stmt"/>
        <line num="33" count="37" type="stmt"/>
        <line num="37" count="1" type="stmt"/>
        <line num="38" count="37" type="stmt"/>
        <line num="46" count="37" type="cond" truecount="2" falsecount="0"/>
        <line num="47" count="36" type="stmt"/>
        <line num="48" count="69" type="stmt"/>
        <line num="49" count="69" type="stmt"/>
        <line num="59" count="1" type="stmt"/>
        <line num="60" count="5" type="stmt"/>
        <line num="70" count="1" type="stmt"/>
        <line num="71" count="37" type="stmt"/>
        <line num="73" count="37" type="stmt"/>
        <line num="74" count="60" type="stmt"/>
        <line num="76" count="60" type="cond" truecount="4" falsecount="0"/>
        <line num="77" count="51" type="stmt"/>
        <line num="86" count="1" type="stmt"/>
      </file>
      <file name="llms.txt.ts" path="D:\Documents\GitHub\romophic.com\src\pages\llms.txt.ts">
        <metrics statements="29" coveredstatements="29" conditionals="6" coveredconditionals="3" methods="4" coveredmethods="4"/>
        <line num="5" count="1" type="stmt"/>
        <line num="6" count="1" type="stmt"/>
        <line num="7" count="1" type="stmt"/>
        <line num="8" count="1" type="stmt"/>
        <line num="10" count="1" type="stmt"/>
        <line num="11" count="1" type="stmt"/>
        <line num="13" count="1" type="stmt"/>
        <line num="14" count="1" type="stmt"/>
        <line num="16" count="1" type="stmt"/>
        <line num="17" count="1" type="stmt"/>
        <line num="19" count="1" type="stmt"/>
        <line num="21" count="1" type="stmt"/>
        <line num="23" count="1" type="stmt"/>
        <line num="27" count="1" type="stmt"/>
        <line num="28" count="1" type="stmt"/>
        <line num="29" count="20" type="stmt"/>
        <line num="31" count="1" type="cond" truecount="1" falsecount="1"/>
        <line num="32" count="1" type="stmt"/>
        <line num="35" count="1" type="stmt"/>
        <line num="37" count="1" type="cond" truecount="1" falsecount="1"/>
        <line num="38" count="1" type="stmt"/>
        <line num="39" count="1" type="stmt"/>
        <line num="40" count="3" type="stmt"/>
        <line num="42" count="1" type="stmt"/>
        <line num="45" count="1" type="cond" truecount="1" falsecount="1"/>
        <line num="46" count="1" type="stmt"/>
        <line num="47" count="1" type="stmt"/>
        <line num="48" count="1" type="stmt"/>
        <line num="53" count="1" type="stmt"/>
      </file>
      <file name="rss.xml.ts" path="D:\Documents\GitHub\romophic.com\src\pages\rss.xml.ts">
        <metrics statements="6" coveredstatements="4" conditionals="2" coveredconditionals="1" methods="2" coveredmethods="2"/>
        <line num="7" count="1" type="stmt"/>
        <line num="8" count="1" type="stmt"/>
        <line num="10" count="1" type="stmt"/>
        <line num="14" count="37" type="stmt"/>
        <line num="22" count="0" type="stmt"/>
        <line num="23" count="0" type="stmt"/>
      </file>
    </package>
    <package name="src.styles">
      <metrics statements="0" coveredstatements="0" conditionals="0" coveredconditionals="0" methods="0" coveredmethods="0"/>
      <file name="global.css" path="D:\Documents\GitHub\romophic.com\src\styles\global.css">
        <metrics statements="0" coveredstatements="0" conditionals="0" coveredconditionals="0" methods="0" coveredmethods="0"/>
      </file>
      <file name="typography.css" path="D:\Documents\GitHub\romophic.com\src\styles\typography.css">
        <metrics statements="0" coveredstatements="0" conditionals="0" coveredconditionals="0" methods="0" coveredmethods="0"/>
      </file>
    </package>
  </project>
</coverage>
