{"D:\\Documents\\GitHub\\romophic.com\\.astro\\content-assets.mjs": {"path":"D:\\Documents\\GitHub\\romophic.com\\.astro\\content-assets.mjs","statementMap":{},"fnMap":{},"branchMap":{},"s":{},"f":{},"b":{},"meta":{"lastBranch":0,"lastFunction":0,"lastStatement":0,"seen":{}}}
,"D:\\Documents\\GitHub\\romophic.com\\.astro\\content-modules.mjs": {"path":"D:\\Documents\\GitHub\\romophic.com\\.astro\\content-modules.mjs","statementMap":{"0":{"start":{"line":3,"column":41},"end":{"line":3,"column":104}},"1":{"start":{"line":4,"column":50},"end":{"line":4,"column":122}},"2":{"start":{"line":5,"column":50},"end":{"line":5,"column":122}},"3":{"start":{"line":6,"column":56},"end":{"line":6,"column":134}},"4":{"start":{"line":7,"column":48},"end":{"line":7,"column":118}},"5":{"start":{"line":8,"column":48},"end":{"line":8,"column":118}},"6":{"start":{"line":9,"column":54},"end":{"line":9,"column":130}},"7":{"start":{"line":10,"column":65},"end":{"line":10,"column":152}},"8":{"start":{"line":11,"column":60},"end":{"line":11,"column":142}},"9":{"start":{"line":12,"column":74},"end":{"line":12,"column":170}},"10":{"start":{"line":13,"column":66},"end":{"line":13,"column":154}},"11":{"start":{"line":14,"column":63},"end":{"line":14,"column":148}},"12":{"start":{"line":15,"column":63},"end":{"line":15,"column":148}},"13":{"start":{"line":16,"column":66},"end":{"line":16,"column":154}},"14":{"start":{"line":17,"column":61},"end":{"line":17,"column":144}},"15":{"start":{"line":18,"column":61},"end":{"line":18,"column":144}},"16":{"start":{"line":19,"column":67},"end":{"line":19,"column":156}},"17":{"start":{"line":20,"column":72},"end":{"line":20,"column":166}},"18":{"start":{"line":21,"column":76},"end":{"line":21,"column":174}},"19":{"start":{"line":22,"column":60},"end":{"line":22,"column":142}},"20":{"start":{"line":23,"column":72},"end":{"line":23,"column":166}},"21":{"start":{"line":24,"column":71},"end":{"line":24,"column":164}},"22":{"start":{"line":25,"column":60},"end":{"line":25,"column":142}},"23":{"start":{"line":26,"column":70},"end":{"line":26,"column":162}},"24":{"start":{"line":27,"column":55},"end":{"line":27,"column":132}},"25":{"start":{"line":28,"column":59},"end":{"line":28,"column":140}},"26":{"start":{"line":29,"column":68},"end":{"line":29,"column":158}},"27":{"start":{"line":30,"column":72},"end":{"line":30,"column":166}},"28":{"start":{"line":31,"column":65},"end":{"line":31,"column":152}},"29":{"start":{"line":32,"column":56},"end":{"line":32,"column":134}},"30":{"start":{"line":33,"column":65},"end":{"line":33,"column":152}},"31":{"start":{"line":34,"column":72},"end":{"line":34,"column":166}},"32":{"start":{"line":35,"column":65},"end":{"line":35,"column":152}},"33":{"start":{"line":36,"column":69},"end":{"line":36,"column":160}},"34":{"start":{"line":37,"column":69},"end":{"line":37,"column":160}},"35":{"start":{"line":38,"column":63},"end":{"line":38,"column":148}},"36":{"start":{"line":39,"column":67},"end":{"line":39,"column":156}},"37":{"start":{"line":40,"column":72},"end":{"line":40,"column":166}},"38":{"start":{"line":41,"column":72},"end":{"line":41,"column":166}}},"fnMap":{"0":{"name":"(anonymous_0)","decl":{"start":{"line":3,"column":35},"end":{"line":3,"column":36}},"loc":{"start":{"line":3,"column":41},"end":{"line":3,"column":104}},"line":3},"1":{"name":"(anonymous_1)","decl":{"start":{"line":4,"column":44},"end":{"line":4,"column":45}},"loc":{"start":{"line":4,"column":50},"end":{"line":4,"column":122}},"line":4},"2":{"name":"(anonymous_2)","decl":{"start":{"line":5,"column":44},"end":{"line":5,"column":45}},"loc":{"start":{"line":5,"column":50},"end":{"line":5,"column":122}},"line":5},"3":{"name":"(anonymous_3)","decl":{"start":{"line":6,"column":50},"end":{"line":6,"column":51}},"loc":{"start":{"line":6,"column":56},"end":{"line":6,"column":134}},"line":6},"4":{"name":"(anonymous_4)","decl":{"start":{"line":7,"column":42},"end":{"line":7,"column":43}},"loc":{"start":{"line":7,"column":48},"end":{"line":7,"column":118}},"line":7},"5":{"name":"(anonymous_5)","decl":{"start":{"line":8,"column":42},"end":{"line":8,"column":43}},"loc":{"start":{"line":8,"column":48},"end":{"line":8,"column":118}},"line":8},"6":{"name":"(anonymous_6)","decl":{"start":{"line":9,"column":48},"end":{"line":9,"column":49}},"loc":{"start":{"line":9,"column":54},"end":{"line":9,"column":130}},"line":9},"7":{"name":"(anonymous_7)","decl":{"start":{"line":10,"column":59},"end":{"line":10,"column":60}},"loc":{"start":{"line":10,"column":65},"end":{"line":10,"column":152}},"line":10},"8":{"name":"(anonymous_8)","decl":{"start":{"line":11,"column":54},"end":{"line":11,"column":55}},"loc":{"start":{"line":11,"column":60},"end":{"line":11,"column":142}},"line":11},"9":{"name":"(anonymous_9)","decl":{"start":{"line":12,"column":68},"end":{"line":12,"column":69}},"loc":{"start":{"line":12,"column":74},"end":{"line":12,"column":170}},"line":12},"10":{"name":"(anonymous_10)","decl":{"start":{"line":13,"column":60},"end":{"line":13,"column":61}},"loc":{"start":{"line":13,"column":66},"end":{"line":13,"column":154}},"line":13},"11":{"name":"(anonymous_11)","decl":{"start":{"line":14,"column":57},"end":{"line":14,"column":58}},"loc":{"start":{"line":14,"column":63},"end":{"line":14,"column":148}},"line":14},"12":{"name":"(anonymous_12)","decl":{"start":{"line":15,"column":57},"end":{"line":15,"column":58}},"loc":{"start":{"line":15,"column":63},"end":{"line":15,"column":148}},"line":15},"13":{"name":"(anonymous_13)","decl":{"start":{"line":16,"column":60},"end":{"line":16,"column":61}},"loc":{"start":{"line":16,"column":66},"end":{"line":16,"column":154}},"line":16},"14":{"name":"(anonymous_14)","decl":{"start":{"line":17,"column":55},"end":{"line":17,"column":56}},"loc":{"start":{"line":17,"column":61},"end":{"line":17,"column":144}},"line":17},"15":{"name":"(anonymous_15)","decl":{"start":{"line":18,"column":55},"end":{"line":18,"column":56}},"loc":{"start":{"line":18,"column":61},"end":{"line":18,"column":144}},"line":18},"16":{"name":"(anonymous_16)","decl":{"start":{"line":19,"column":61},"end":{"line":19,"column":62}},"loc":{"start":{"line":19,"column":67},"end":{"line":19,"column":156}},"line":19},"17":{"name":"(anonymous_17)","decl":{"start":{"line":20,"column":66},"end":{"line":20,"column":67}},"loc":{"start":{"line":20,"column":72},"end":{"line":20,"column":166}},"line":20},"18":{"name":"(anonymous_18)","decl":{"start":{"line":21,"column":70},"end":{"line":21,"column":71}},"loc":{"start":{"line":21,"column":76},"end":{"line":21,"column":174}},"line":21},"19":{"name":"(anonymous_19)","decl":{"start":{"line":22,"column":54},"end":{"line":22,"column":55}},"loc":{"start":{"line":22,"column":60},"end":{"line":22,"column":142}},"line":22},"20":{"name":"(anonymous_20)","decl":{"start":{"line":23,"column":66},"end":{"line":23,"column":67}},"loc":{"start":{"line":23,"column":72},"end":{"line":23,"column":166}},"line":23},"21":{"name":"(anonymous_21)","decl":{"start":{"line":24,"column":65},"end":{"line":24,"column":66}},"loc":{"start":{"line":24,"column":71},"end":{"line":24,"column":164}},"line":24},"22":{"name":"(anonymous_22)","decl":{"start":{"line":25,"column":54},"end":{"line":25,"column":55}},"loc":{"start":{"line":25,"column":60},"end":{"line":25,"column":142}},"line":25},"23":{"name":"(anonymous_23)","decl":{"start":{"line":26,"column":64},"end":{"line":26,"column":65}},"loc":{"start":{"line":26,"column":70},"end":{"line":26,"column":162}},"line":26},"24":{"name":"(anonymous_24)","decl":{"start":{"line":27,"column":49},"end":{"line":27,"column":50}},"loc":{"start":{"line":27,"column":55},"end":{"line":27,"column":132}},"line":27},"25":{"name":"(anonymous_25)","decl":{"start":{"line":28,"column":53},"end":{"line":28,"column":54}},"loc":{"start":{"line":28,"column":59},"end":{"line":28,"column":140}},"line":28},"26":{"name":"(anonymous_26)","decl":{"start":{"line":29,"column":62},"end":{"line":29,"column":63}},"loc":{"start":{"line":29,"column":68},"end":{"line":29,"column":158}},"line":29},"27":{"name":"(anonymous_27)","decl":{"start":{"line":30,"column":66},"end":{"line":30,"column":67}},"loc":{"start":{"line":30,"column":72},"end":{"line":30,"column":166}},"line":30},"28":{"name":"(anonymous_28)","decl":{"start":{"line":31,"column":59},"end":{"line":31,"column":60}},"loc":{"start":{"line":31,"column":65},"end":{"line":31,"column":152}},"line":31},"29":{"name":"(anonymous_29)","decl":{"start":{"line":32,"column":50},"end":{"line":32,"column":51}},"loc":{"start":{"line":32,"column":56},"end":{"line":32,"column":134}},"line":32},"30":{"name":"(anonymous_30)","decl":{"start":{"line":33,"column":59},"end":{"line":33,"column":60}},"loc":{"start":{"line":33,"column":65},"end":{"line":33,"column":152}},"line":33},"31":{"name":"(anonymous_31)","decl":{"start":{"line":34,"column":66},"end":{"line":34,"column":67}},"loc":{"start":{"line":34,"column":72},"end":{"line":34,"column":166}},"line":34},"32":{"name":"(anonymous_32)","decl":{"start":{"line":35,"column":59},"end":{"line":35,"column":60}},"loc":{"start":{"line":35,"column":65},"end":{"line":35,"column":152}},"line":35},"33":{"name":"(anonymous_33)","decl":{"start":{"line":36,"column":63},"end":{"line":36,"column":64}},"loc":{"start":{"line":36,"column":69},"end":{"line":36,"column":160}},"line":36},"34":{"name":"(anonymous_34)","decl":{"start":{"line":37,"column":63},"end":{"line":37,"column":64}},"loc":{"start":{"line":37,"column":69},"end":{"line":37,"column":160}},"line":37},"35":{"name":"(anonymous_35)","decl":{"start":{"line":38,"column":57},"end":{"line":38,"column":58}},"loc":{"start":{"line":38,"column":63},"end":{"line":38,"column":148}},"line":38},"36":{"name":"(anonymous_36)","decl":{"start":{"line":39,"column":61},"end":{"line":39,"column":62}},"loc":{"start":{"line":39,"column":67},"end":{"line":39,"column":156}},"line":39},"37":{"name":"(anonymous_37)","decl":{"start":{"line":40,"column":66},"end":{"line":40,"column":67}},"loc":{"start":{"line":40,"column":72},"end":{"line":40,"column":166}},"line":40},"38":{"name":"(anonymous_38)","decl":{"start":{"line":41,"column":66},"end":{"line":41,"column":67}},"loc":{"start":{"line":41,"column":72},"end":{"line":41,"column":166}},"line":41}},"branchMap":{},"s":{"0":0,"1":1,"2":2,"3":0,"4":2,"5":1,"6":1,"7":1,"8":1,"9":1,"10":1,"11":1,"12":1,"13":1,"14":1,"15":1,"16":1,"17":1,"18":1,"19":1,"20":1,"21":1,"22":1,"23":1,"24":1,"25":1,"26":1,"27":1,"28":1,"29":1,"30":1,"31":1,"32":1,"33":1,"34":1,"35":1,"36":1,"37":1,"38":1},"f":{"0":0,"1":1,"2":2,"3":0,"4":2,"5":1,"6":1,"7":1,"8":1,"9":1,"10":1,"11":1,"12":1,"13":1,"14":1,"15":1,"16":1,"17":1,"18":1,"19":1,"20":1,"21":1,"22":1,"23":1,"24":1,"25":1,"26":1,"27":1,"28":1,"29":1,"30":1,"31":1,"32":1,"33":1,"34":1,"35":1,"36":1,"37":1,"38":1},"b":{},"meta":{"lastBranch":0,"lastFunction":39,"lastStatement":39,"seen":{"f:3:35:3:36":0,"s:3:41:3:104":0,"f:4:44:4:45":1,"s:4:50:4:122":1,"f:5:44:5:45":2,"s:5:50:5:122":2,"f:6:50:6:51":3,"s:6:56:6:134":3,"f:7:42:7:43":4,"s:7:48:7:118":4,"f:8:42:8:43":5,"s:8:48:8:118":5,"f:9:48:9:49":6,"s:9:54:9:130":6,"f:10:59:10:60":7,"s:10:65:10:152":7,"f:11:54:11:55":8,"s:11:60:11:142":8,"f:12:68:12:69":9,"s:12:74:12:170":9,"f:13:60:13:61":10,"s:13:66:13:154":10,"f:14:57:14:58":11,"s:14:63:14:148":11,"f:15:57:15:58":12,"s:15:63:15:148":12,"f:16:60:16:61":13,"s:16:66:16:154":13,"f:17:55:17:56":14,"s:17:61:17:144":14,"f:18:55:18:56":15,"s:18:61:18:144":15,"f:19:61:19:62":16,"s:19:67:19:156":16,"f:20:66:20:67":17,"s:20:72:20:166":17,"f:21:70:21:71":18,"s:21:76:21:174":18,"f:22:54:22:55":19,"s:22:60:22:142":19,"f:23:66:23:67":20,"s:23:72:23:166":20,"f:24:65:24:66":21,"s:24:71:24:164":21,"f:25:54:25:55":22,"s:25:60:25:142":22,"f:26:64:26:65":23,"s:26:70:26:162":23,"f:27:49:27:50":24,"s:27:55:27:132":24,"f:28:53:28:54":25,"s:28:59:28:140":25,"f:29:62:29:63":26,"s:29:68:29:158":26,"f:30:66:30:67":27,"s:30:72:30:166":27,"f:31:59:31:60":28,"s:31:65:31:152":28,"f:32:50:32:51":29,"s:32:56:32:134":29,"f:33:59:33:60":30,"s:33:65:33:152":30,"f:34:66:34:67":31,"s:34:72:34:166":31,"f:35:59:35:60":32,"s:35:65:35:152":32,"f:36:63:36:64":33,"s:36:69:36:160":33,"f:37:63:37:64":34,"s:37:69:37:160":34,"f:38:57:38:58":35,"s:38:63:38:148":35,"f:39:61:39:62":36,"s:39:67:39:156":36,"f:40:66:40:67":37,"s:40:72:40:166":37,"f:41:66:41:67":38,"s:41:72:41:166":38}}}
,"D:\\Documents\\GitHub\\romophic.com\\public\\icon.webp": {"path":"D:\\Documents\\GitHub\\romophic.com\\public\\icon.webp","statementMap":{"0":{"start":{"line":4,"column":7},"end":{"line":6,"column":null}},"1":{"start":{"line":5,"column":8},"end":{"line":5,"column":null}},"2":{"start":{"line":7,"column":7},"end":{"line":9,"column":null}},"3":{"start":{"line":8,"column":8},"end":{"line":8,"column":null}},"4":{"start":{"line":10,"column":7},"end":{"line":10,"column":null}},"5":{"start":{"line":10,"column":64},"end":{"line":10,"column":null}},"6":{"start":{"line":11,"column":7},"end":{"line":11,"column":null}}},"fnMap":{"0":{"name":"(anonymous_0)","decl":{"start":{"line":3,"column":6},"end":{"line":3,"column":9}},"loc":{"start":{"line":3,"column":34},"end":{"line":12,"column":null}},"line":3}},"branchMap":{"0":{"loc":{"start":{"line":4,"column":7},"end":{"line":6,"column":null}},"type":"if","locations":[{"start":{"line":4,"column":7},"end":{"line":6,"column":null}},{"start":{},"end":{}}],"line":4},"1":{"loc":{"start":{"line":7,"column":7},"end":{"line":9,"column":null}},"type":"if","locations":[{"start":{"line":7,"column":7},"end":{"line":9,"column":null}},{"start":{},"end":{}}],"line":7},"2":{"loc":{"start":{"line":10,"column":7},"end":{"line":10,"column":null}},"type":"if","locations":[{"start":{"line":10,"column":7},"end":{"line":10,"column":null}},{"start":{},"end":{}}],"line":10},"3":{"loc":{"start":{"line":10,"column":11},"end":{"line":10,"column":62}},"type":"binary-expr","locations":[{"start":{"line":10,"column":11},"end":{"line":10,"column":37}},{"start":{"line":10,"column":41},"end":{"line":10,"column":62}}],"line":10}},"s":{"0":13,"1":1,"2":12,"3":1,"4":11,"5":0,"6":11},"f":{"0":13},"b":{"0":[1,12],"1":[1,11],"2":[0,11],"3":[11,8]},"meta":{"lastBranch":4,"lastFunction":1,"lastStatement":7,"seen":{"f:3:6:3:9":0,"b:4:7:6:Infinity:undefined:undefined:undefined:undefined":0,"s:4:7:6:Infinity":0,"s:5:8:5:Infinity":1,"b:7:7:9:Infinity:undefined:undefined:undefined:undefined":1,"s:7:7:9:Infinity":2,"s:8:8:8:Infinity":3,"b:10:7:10:Infinity:undefined:undefined:undefined:undefined":2,"s:10:7:10:Infinity":4,"b:10:11:10:37:10:41:10:62":3,"s:10:64:10:Infinity":5,"s:11:7:11:Infinity":6}}}
,"D:\\Documents\\GitHub\\romophic.com\\src\\consts.ts": {"path":"D:\\Documents\\GitHub\\romophic.com\\src\\consts.ts","statementMap":{"0":{"start":{"line":3,"column":26},"end":{"line":12,"column":null}},"1":{"start":{"line":14,"column":39},"end":{"line":27,"column":null}},"2":{"start":{"line":29,"column":42},"end":{"line":42,"column":null}},"3":{"start":{"line":44,"column":24},"end":{"line":51,"column":null}},"4":{"start":{"line":53,"column":29},"end":{"line":65,"column":null}},"5":{"start":{"line":67,"column":28},"end":{"line":125,"column":null}},"6":{"start":{"line":127,"column":21},"end":{"line":158,"column":null}}},"fnMap":{},"branchMap":{},"s":{"0":14,"1":14,"2":14,"3":14,"4":14,"5":14,"6":14},"f":{},"b":{},"meta":{"lastBranch":0,"lastFunction":0,"lastStatement":7,"seen":{"s:3:26:12:Infinity":0,"s:14:39:27:Infinity":1,"s:29:42:42:Infinity":2,"s:44:24:51:Infinity":3,"s:53:29:65:Infinity":4,"s:67:28:125:Infinity":5,"s:127:21:158:Infinity":6}}}
,"D:\\Documents\\GitHub\\romophic.com\\src\\components\\About.astro": {"path":"D:\\Documents\\GitHub\\romophic.com\\src\\components\\About.astro","statementMap":{"0":{"start":{"line":1,"column":0},"end":{"line":1,"column":null}},"1":{"start":{"line":11,"column":17},"end":{"line":11,"column":null}},"2":{"start":{"line":13,"column":19},"end":{"line":13,"column":null}},"3":{"start":{"line":1,"column":0},"end":{"line":293,"column":null}},"4":{"start":{"line":1,"column":0},"end":{"line":104,"column":null}},"5":{"start":{"line":89,"column":28},"end":{"line":89,"column":null}},"6":{"start":{"line":90,"column":22},"end":{"line":99,"column":null}},"7":{"start":{"line":1,"column":0},"end":{"line":162,"column":null}},"8":{"start":{"line":147,"column":28},"end":{"line":147,"column":null}},"9":{"start":{"line":148,"column":22},"end":{"line":157,"column":null}},"10":{"start":{"line":1,"column":0},"end":{"line":231,"column":null}},"11":{"start":{"line":216,"column":28},"end":{"line":216,"column":null}},"12":{"start":{"line":217,"column":22},"end":{"line":226,"column":null}},"13":{"start":{"line":245,"column":7},"end":{"line":245,"column":null}},"14":{"start":{"line":246,"column":1},"end":{"line":255,"column":null}},"15":{"start":{"line":1,"column":0},"end":{"line":282,"column":null}}},"fnMap":{"0":{"name":"(anonymous_0)","decl":{"start":{"line":1,"column":0},"end":{"line":1,"column":null}},"loc":{"start":{"line":1,"column":0},"end":{"line":1,"column":null}},"line":1},"1":{"name":"(anonymous_1)","decl":{"start":{"line":51,"column":5},"end":{"line":51,"column":6}},"loc":{"start":{"line":1,"column":0},"end":{"line":104,"column":null}},"line":1},"2":{"name":"(anonymous_2)","decl":{"start":{"line":88,"column":36},"end":{"line":88,"column":37}},"loc":{"start":{"line":88,"column":46},"end":{"line":102,"column":21}},"line":88},"3":{"name":"(anonymous_3)","decl":{"start":{"line":131,"column":5},"end":{"line":131,"column":6}},"loc":{"start":{"line":1,"column":0},"end":{"line":162,"column":null}},"line":1},"4":{"name":"(anonymous_4)","decl":{"start":{"line":146,"column":36},"end":{"line":146,"column":37}},"loc":{"start":{"line":146,"column":46},"end":{"line":160,"column":21}},"line":146},"5":{"name":"(anonymous_5)","decl":{"start":{"line":189,"column":5},"end":{"line":189,"column":6}},"loc":{"start":{"line":1,"column":0},"end":{"line":231,"column":null}},"line":1},"6":{"name":"(anonymous_6)","decl":{"start":{"line":215,"column":36},"end":{"line":215,"column":37}},"loc":{"start":{"line":215,"column":46},"end":{"line":229,"column":21}},"line":215},"7":{"name":"(anonymous_7)","decl":{"start":{"line":244,"column":14},"end":{"line":244,"column":15}},"loc":{"start":{"line":244,"column":24},"end":{"line":258,"column":11}},"line":244},"8":{"name":"(anonymous_8)","decl":{"start":{"line":268,"column":16},"end":{"line":268,"column":17}},"loc":{"start":{"line":1,"column":0},"end":{"line":282,"column":null}},"line":1},"9":{"name":"(anonymous_9)","decl":{"start":{"line":293,"column":22},"end":{"line":293,"column":23}},"loc":{"start":{"line":1,"column":0},"end":{"line":1,"column":null}},"line":1}},"branchMap":{"0":{"loc":{"start":{"line":59,"column":17},"end":{"line":61,"column":null}},"type":"binary-expr","locations":[{"start":{"line":59,"column":17},"end":{"line":59,"column":null}},{"start":{"line":1,"column":0},"end":{"line":61,"column":null}}],"line":59},"1":{"loc":{"start":{"line":64,"column":17},"end":{"line":85,"column":null}},"type":"binary-expr","locations":[{"start":{"line":64,"column":17},"end":{"line":64,"column":null}},{"start":{"line":1,"column":0},"end":{"line":85,"column":null}}],"line":64},"2":{"loc":{"start":{"line":68,"column":28},"end":{"line":68,"column":null}},"type":"cond-expr","locations":[{"start":{"line":68,"column":59},"end":{"line":68,"column":70}},{"start":{"line":68,"column":70},"end":{"line":68,"column":null}}],"line":68},"3":{"loc":{"start":{"line":70,"column":22},"end":{"line":72,"column":null}},"type":"cond-expr","locations":[{"start":{"line":71,"column":26},"end":{"line":71,"column":null}},{"start":{"line":72,"column":26},"end":{"line":72,"column":null}}],"line":70},"4":{"loc":{"start":{"line":76,"column":28},"end":{"line":76,"column":null}},"type":"cond-expr","locations":[{"start":{"line":76,"column":28},"end":{"line":76,"column":null}},{"start":{"line":76,"column":28},"end":{"line":76,"column":null}}],"line":76},"5":{"loc":{"start":{"line":86,"column":17},"end":{"line":102,"column":null}},"type":"binary-expr","locations":[{"start":{"line":86,"column":17},"end":{"line":86,"column":null}},{"start":{"line":1,"column":0},"end":{"line":102,"column":null}}],"line":86},"6":{"loc":{"start":{"line":90,"column":29},"end":{"line":99,"column":null}},"type":"cond-expr","locations":[{"start":{"line":1,"column":0},"end":{"line":95,"column":null}},{"start":{"line":1,"column":0},"end":{"line":99,"column":null}}],"line":90},"7":{"loc":{"start":{"line":139,"column":17},"end":{"line":141,"column":null}},"type":"binary-expr","locations":[{"start":{"line":139,"column":17},"end":{"line":139,"column":null}},{"start":{"line":1,"column":0},"end":{"line":141,"column":null}}],"line":139},"8":{"loc":{"start":{"line":144,"column":17},"end":{"line":160,"column":null}},"type":"binary-expr","locations":[{"start":{"line":144,"column":17},"end":{"line":144,"column":null}},{"start":{"line":1,"column":0},"end":{"line":160,"column":null}}],"line":144},"9":{"loc":{"start":{"line":148,"column":29},"end":{"line":157,"column":null}},"type":"cond-expr","locations":[{"start":{"line":1,"column":0},"end":{"line":153,"column":null}},{"start":{"line":1,"column":0},"end":{"line":157,"column":null}}],"line":148},"10":{"loc":{"start":{"line":197,"column":17},"end":{"line":199,"column":null}},"type":"binary-expr","locations":[{"start":{"line":197,"column":17},"end":{"line":197,"column":null}},{"start":{"line":1,"column":0},"end":{"line":199,"column":null}}],"line":197},"11":{"loc":{"start":{"line":202,"column":17},"end":{"line":212,"column":null}},"type":"binary-expr","locations":[{"start":{"line":202,"column":17},"end":{"line":202,"column":null}},{"start":{"line":1,"column":0},"end":{"line":212,"column":null}}],"line":202},"12":{"loc":{"start":{"line":213,"column":17},"end":{"line":229,"column":null}},"type":"binary-expr","locations":[{"start":{"line":213,"column":17},"end":{"line":213,"column":null}},{"start":{"line":1,"column":0},"end":{"line":229,"column":null}}],"line":213},"13":{"loc":{"start":{"line":217,"column":29},"end":{"line":226,"column":null}},"type":"cond-expr","locations":[{"start":{"line":1,"column":0},"end":{"line":222,"column":null}},{"start":{"line":1,"column":0},"end":{"line":226,"column":null}}],"line":217},"14":{"loc":{"start":{"line":246,"column":8},"end":{"line":255,"column":null}},"type":"cond-expr","locations":[{"start":{"line":1,"column":0},"end":{"line":251,"column":null}},{"start":{"line":1,"column":0},"end":{"line":255,"column":null}}],"line":246},"15":{"loc":{"start":{"line":276,"column":22},"end":{"line":276,"column":null}},"type":"binary-expr","locations":[{"start":{"line":276,"column":22},"end":{"line":276,"column":null}},{"start":{"line":276,"column":22},"end":{"line":276,"column":null}}],"line":276}},"s":{"0":1,"1":1,"2":1,"3":1,"4":2,"5":7,"6":7,"7":2,"8":1,"9":1,"10":2,"11":2,"12":2,"13":15,"14":15,"15":3},"f":{"0":3,"1":2,"2":7,"3":2,"4":1,"5":2,"6":2,"7":15,"8":3,"9":3},"b":{"0":[2,0],"1":[2,1],"2":[0,1],"3":[0,1],"4":[0,1],"5":[2,2],"6":[7,0],"7":[2,1],"8":[2,1],"9":[1,0],"10":[2,0],"11":[2,1],"12":[2,2],"13":[2,0],"14":[15,0],"15":[3,0]},"meta":{"lastBranch":16,"lastFunction":10,"lastStatement":16,"seen":{"s:1:0:1:Infinity":0,"f:1:0:1:Infinity":0,"s:11:17:11:Infinity":1,"s:13:19:13:Infinity":2,"s:1:0:293:Infinity":3,"f:51:5:51:6":1,"s:1:0:104:Infinity":4,"b:59:17:59:Infinity:1:0:61:Infinity":0,"b:64:17:64:Infinity:1:0:85:Infinity":1,"b:68:59:68:70:68:70:68:Infinity":2,"b:71:26:71:Infinity:72:26:72:Infinity":3,"b:76:28:76:Infinity:76:28:76:Infinity":4,"b:86:17:86:Infinity:1:0:102:Infinity":5,"f:88:36:88:37":2,"s:89:28:89:Infinity":5,"s:90:22:99:Infinity":6,"b:1:0:95:Infinity:1:0:99:Infinity":6,"f:131:5:131:6":3,"s:1:0:162:Infinity":7,"b:139:17:139:Infinity:1:0:141:Infinity":7,"b:144:17:144:Infinity:1:0:160:Infinity":8,"f:146:36:146:37":4,"s:147:28:147:Infinity":8,"s:148:22:157:Infinity":9,"b:1:0:153:Infinity:1:0:157:Infinity":9,"f:189:5:189:6":5,"s:1:0:231:Infinity":10,"b:197:17:197:Infinity:1:0:199:Infinity":10,"b:202:17:202:Infinity:1:0:212:Infinity":11,"b:213:17:213:Infinity:1:0:229:Infinity":12,"f:215:36:215:37":6,"s:216:28:216:Infinity":11,"s:217:22:226:Infinity":12,"b:1:0:222:Infinity:1:0:226:Infinity":13,"f:244:14:244:15":7,"s:245:7:245:Infinity":13,"s:246:1:255:Infinity":14,"b:1:0:251:Infinity:1:0:255:Infinity":14,"f:268:16:268:17":8,"s:1:0:282:Infinity":15,"b:276:22:276:Infinity:276:22:276:Infinity":15,"f:293:22:293:23":9}}}
,"D:\\Documents\\GitHub\\romophic.com\\src\\components\\ActivityGraph.astro": {"path":"D:\\Documents\\GitHub\\romophic.com\\src\\components\\ActivityGraph.astro","statementMap":{"0":{"start":{"line":1,"column":0},"end":{"line":1,"column":null}},"1":{"start":{"line":4,"column":25},"end":{"line":10,"column":null}},"2":{"start":{"line":13,"column":2},"end":{"line":14,"column":null}},"3":{"start":{"line":18,"column":14},"end":{"line":18,"column":null}},"4":{"start":{"line":21,"column":20},"end":{"line":21,"column":null}},"5":{"start":{"line":23,"column":0},"end":{"line":27,"column":null}},"6":{"start":{"line":24,"column":18},"end":{"line":24,"column":null}},"7":{"start":{"line":25,"column":18},"end":{"line":25,"column":null}},"8":{"start":{"line":26,"column":2},"end":{"line":26,"column":null}},"9":{"start":{"line":30,"column":14},"end":{"line":30,"column":null}},"10":{"start":{"line":31,"column":13},"end":{"line":31,"column":null}},"11":{"start":{"line":36,"column":0},"end":{"line":40,"column":null}},"12":{"start":{"line":36,"column":13},"end":{"line":36,"column":18}},"13":{"start":{"line":37,"column":12},"end":{"line":37,"column":null}},"14":{"start":{"line":38,"column":2},"end":{"line":38,"column":null}},"15":{"start":{"line":39,"column":2},"end":{"line":39,"column":null}},"16":{"start":{"line":43,"column":25},"end":{"line":43,"column":null}},"17":{"start":{"line":44,"column":17},"end":{"line":50,"column":null}},"18":{"start":{"line":45,"column":2},"end":{"line":45,"column":null}},"19":{"start":{"line":45,"column":35},"end":{"line":45,"column":null}},"20":{"start":{"line":46,"column":2},"end":{"line":46,"column":null}},"21":{"start":{"line":46,"column":35},"end":{"line":46,"column":null}},"22":{"start":{"line":47,"column":2},"end":{"line":47,"column":null}},"23":{"start":{"line":47,"column":36},"end":{"line":47,"column":null}},"24":{"start":{"line":48,"column":2},"end":{"line":48,"column":null}},"25":{"start":{"line":48,"column":36},"end":{"line":48,"column":null}},"26":{"start":{"line":49,"column":2},"end":{"line":49,"column":null}},"27":{"start":{"line":1,"column":0},"end":{"line":77,"column":null}},"28":{"start":{"line":66,"column":17},"end":{"line":66,"column":null}},"29":{"start":{"line":67,"column":15},"end":{"line":67,"column":null}},"30":{"start":{"line":68,"column":15},"end":{"line":68,"column":null}},"31":{"start":{"line":70,"column":1},"end":{"line":1,"column":null}}},"fnMap":{"0":{"name":"(anonymous_0)","decl":{"start":{"line":1,"column":0},"end":{"line":1,"column":null}},"loc":{"start":{"line":1,"column":0},"end":{"line":1,"column":null}},"line":1},"1":{"name":"getIntensityColor","decl":{"start":{"line":12,"column":9},"end":{"line":12,"column":27}},"loc":{"start":{"line":12,"column":42},"end":{"line":16,"column":null}},"line":12},"2":{"name":"(anonymous_2)","decl":{"start":{"line":23,"column":14},"end":{"line":23,"column":15}},"loc":{"start":{"line":23,"column":29},"end":{"line":27,"column":1}},"line":23},"3":{"name":"(anonymous_3)","decl":{"start":{"line":44,"column":17},"end":{"line":44,"column":18}},"loc":{"start":{"line":44,"column":36},"end":{"line":50,"column":null}},"line":44},"4":{"name":"(anonymous_4)","decl":{"start":{"line":65,"column":8},"end":{"line":65,"column":9}},"loc":{"start":{"line":65,"column":18},"end":{"line":76,"column":11}},"line":65}},"branchMap":{"0":{"loc":{"start":{"line":14,"column":4},"end":{"line":14,"column":null}},"type":"binary-expr","locations":[{"start":{"line":14,"column":4},"end":{"line":14,"column":57}},{"start":{"line":14,"column":57},"end":{"line":14,"column":null}}],"line":14},"1":{"loc":{"start":{"line":26,"column":28},"end":{"line":26,"column":61}},"type":"binary-expr","locations":[{"start":{"line":26,"column":28},"end":{"line":26,"column":56}},{"start":{"line":26,"column":56},"end":{"line":26,"column":61}}],"line":26},"2":{"loc":{"start":{"line":45,"column":2},"end":{"line":45,"column":null}},"type":"if","locations":[{"start":{"line":45,"column":2},"end":{"line":45,"column":null}},{"start":{},"end":{}}],"line":45},"3":{"loc":{"start":{"line":46,"column":2},"end":{"line":46,"column":null}},"type":"if","locations":[{"start":{"line":46,"column":2},"end":{"line":46,"column":null}},{"start":{},"end":{}}],"line":46},"4":{"loc":{"start":{"line":47,"column":2},"end":{"line":47,"column":null}},"type":"if","locations":[{"start":{"line":47,"column":2},"end":{"line":47,"column":null}},{"start":{},"end":{}}],"line":47},"5":{"loc":{"start":{"line":48,"column":2},"end":{"line":48,"column":null}},"type":"if","locations":[{"start":{"line":48,"column":2},"end":{"line":48,"column":null}},{"start":{},"end":{}}],"line":48},"6":{"loc":{"start":{"line":67,"column":15},"end":{"line":67,"column":null}},"type":"binary-expr","locations":[{"start":{"line":67,"column":15},"end":{"line":67,"column":43}},{"start":{"line":67,"column":43},"end":{"line":67,"column":null}}],"line":67}},"s":{"0":2,"1":2,"2":730,"3":2,"4":2,"5":2,"6":74,"7":74,"8":74,"9":2,"10":2,"11":2,"12":2,"13":730,"14":730,"15":730,"16":2,"17":2,"18":730,"19":0,"20":730,"21":0,"22":730,"23":0,"24":730,"25":4,"26":726,"27":2,"28":730,"29":730,"30":730,"31":730},"f":{"0":2,"1":730,"2":74,"3":730,"4":730},"b":{"0":[730,0],"1":[74,16],"2":[0,730],"3":[0,730],"4":[0,730],"5":[4,726],"6":[730,726]},"meta":{"lastBranch":7,"lastFunction":5,"lastStatement":32,"seen":{"s:1:0:1:Infinity":0,"f:1:0:1:Infinity":0,"s:4:25:10:Infinity":1,"f:12:9:12:27":1,"s:13:2:14:Infinity":2,"b:14:4:14:57:14:57:14:Infinity":0,"s:18:14:18:Infinity":3,"s:21:20:21:Infinity":4,"s:23:0:27:Infinity":5,"f:23:14:23:15":2,"s:24:18:24:Infinity":6,"s:25:18:25:Infinity":7,"s:26:2:26:Infinity":8,"b:26:28:26:56:26:56:26:61":1,"s:30:14:30:Infinity":9,"s:31:13:31:Infinity":10,"s:36:0:40:Infinity":11,"s:36:13:36:18":12,"s:37:12:37:Infinity":13,"s:38:2:38:Infinity":14,"s:39:2:39:Infinity":15,"s:43:25:43:Infinity":16,"s:44:17:50:Infinity":17,"f:44:17:44:18":3,"b:45:2:45:Infinity:undefined:undefined:undefined:undefined":2,"s:45:2:45:Infinity":18,"s:45:35:45:Infinity":19,"b:46:2:46:Infinity:undefined:undefined:undefined:undefined":3,"s:46:2:46:Infinity":20,"s:46:35:46:Infinity":21,"b:47:2:47:Infinity:undefined:undefined:undefined:undefined":4,"s:47:2:47:Infinity":22,"s:47:36:47:Infinity":23,"b:48:2:48:Infinity:undefined:undefined:undefined:undefined":5,"s:48:2:48:Infinity":24,"s:48:36:48:Infinity":25,"s:49:2:49:Infinity":26,"s:1:0:77:Infinity":27,"f:65:8:65:9":4,"s:66:17:66:Infinity":28,"s:67:15:67:Infinity":29,"b:67:15:67:43:67:43:67:Infinity":6,"s:68:15:68:Infinity":30,"s:70:1:1:Infinity":31}}}
,"D:\\Documents\\GitHub\\romophic.com\\src\\components\\AppScript.astro": {"path":"D:\\Documents\\GitHub\\romophic.com\\src\\components\\AppScript.astro","statementMap":{"0":{"start":{"line":1,"column":0},"end":{"line":37,"column":null}}},"fnMap":{},"branchMap":{"0":{"loc":{"start":{"line":1,"column":0},"end":{"line":37,"column":null}},"type":"binary-expr","locations":[{"start":{"line":1,"column":0},"end":{"line":1,"column":null}},{"start":{"line":1,"column":0},"end":{"line":37,"column":null}}],"line":1}},"s":{"0":4},"f":{},"b":{"0":[4,4]},"meta":{"lastBranch":0,"lastFunction":0,"lastStatement":0,"seen":{}}}
,"D:\\Documents\\GitHub\\romophic.com\\src\\components\\AuthorCard.astro": {"path":"D:\\Documents\\GitHub\\romophic.com\\src\\components\\AuthorCard.astro","statementMap":{"0":{"start":{"line":1,"column":0},"end":{"line":1,"column":null}},"1":{"start":{"line":11,"column":19},"end":{"line":11,"column":null}},"2":{"start":{"line":12,"column":40},"end":{"line":12,"column":null}},"3":{"start":{"line":13,"column":20},"end":{"line":13,"column":null}},"4":{"start":{"line":14,"column":21},"end":{"line":14,"column":null}},"5":{"start":{"line":16,"column":34},"end":{"line":22,"column":null}},"6":{"start":{"line":1,"column":0},"end":{"line":68,"column":19}}},"fnMap":{"0":{"name":"(anonymous_0)","decl":{"start":{"line":1,"column":0},"end":{"line":1,"column":null}},"loc":{"start":{"line":1,"column":0},"end":{"line":1,"column":null}},"line":1}},"branchMap":{"0":{"loc":{"start":{"line":17,"column":2},"end":{"line":17,"column":null}},"type":"binary-expr","locations":[{"start":{"line":17,"column":2},"end":{"line":17,"column":25}},{"start":{"line":17,"column":25},"end":{"line":17,"column":null}}],"line":17},"1":{"loc":{"start":{"line":18,"column":2},"end":{"line":18,"column":null}},"type":"binary-expr","locations":[{"start":{"line":18,"column":2},"end":{"line":18,"column":24}},{"start":{"line":18,"column":24},"end":{"line":18,"column":null}}],"line":18},"2":{"loc":{"start":{"line":19,"column":2},"end":{"line":19,"column":null}},"type":"binary-expr","locations":[{"start":{"line":19,"column":2},"end":{"line":19,"column":25}},{"start":{"line":19,"column":25},"end":{"line":19,"column":null}}],"line":19},"3":{"loc":{"start":{"line":20,"column":2},"end":{"line":20,"column":null}},"type":"binary-expr","locations":[{"start":{"line":20,"column":2},"end":{"line":20,"column":26}},{"start":{"line":20,"column":26},"end":{"line":20,"column":null}}],"line":20},"4":{"loc":{"start":{"line":21,"column":2},"end":{"line":21,"column":null}},"type":"binary-expr","locations":[{"start":{"line":21,"column":2},"end":{"line":21,"column":22}},{"start":{"line":21,"column":22},"end":{"line":21,"column":null}}],"line":21},"5":{"loc":{"start":{"line":29,"column":23},"end":{"line":29,"column":64}},"type":"cond-expr","locations":[{"start":{"line":29,"column":38},"end":{"line":29,"column":62}},{"start":{"line":29,"column":62},"end":{"line":29,"column":64}}],"line":29},"6":{"loc":{"start":{"line":32,"column":10},"end":{"line":34,"column":null}},"type":"cond-expr","locations":[{"start":{"line":33,"column":14},"end":{"line":33,"column":null}},{"start":{"line":34,"column":14},"end":{"line":34,"column":null}}],"line":32},"7":{"loc":{"start":{"line":37,"column":9},"end":{"line":50,"column":null}},"type":"cond-expr","locations":[{"start":{"line":1,"column":0},"end":{"line":1,"column":null}},{"start":{"line":1,"column":0},"end":{"line":50,"column":null}}],"line":37},"8":{"loc":{"start":{"line":60,"column":11},"end":{"line":62,"column":null}},"type":"binary-expr","locations":[{"start":{"line":60,"column":11},"end":{"line":60,"column":null}},{"start":{"line":1,"column":0},"end":{"line":62,"column":null}}],"line":60}},"s":{"0":1,"1":1,"2":1,"3":1,"4":1,"5":1,"6":1},"f":{"0":1},"b":{"0":[1,0],"1":[1,0],"2":[1,0],"3":[1,0],"4":[1,0],"5":[0,1],"6":[1,0],"7":[1,0],"8":[1,0]},"meta":{"lastBranch":9,"lastFunction":1,"lastStatement":7,"seen":{"s:1:0:1:Infinity":0,"f:1:0:1:Infinity":0,"s:11:19:11:Infinity":1,"s:12:40:12:Infinity":2,"s:13:20:13:Infinity":3,"s:14:21:14:Infinity":4,"s:16:34:22:Infinity":5,"b:17:2:17:25:17:25:17:Infinity":0,"b:18:2:18:24:18:24:18:Infinity":1,"b:19:2:19:25:19:25:19:Infinity":2,"b:20:2:20:26:20:26:20:Infinity":3,"b:21:2:21:22:21:22:21:Infinity":4,"s:1:0:68:19":6,"b:29:38:29:62:29:62:29:64":5,"b:33:14:33:Infinity:34:14:34:Infinity":6,"b:1:0:1:Infinity:1:0:50:Infinity":7,"b:60:11:60:Infinity:1:0:62:Infinity":8}}}
,"D:\\Documents\\GitHub\\romophic.com\\src\\components\\BlogCard.astro": {"path":"D:\\Documents\\GitHub\\romophic.com\\src\\components\\BlogCard.astro","statementMap":{"0":{"start":{"line":1,"column":0},"end":{"line":1,"column":null}},"1":{"start":{"line":19,"column":18},"end":{"line":19,"column":null}},"2":{"start":{"line":20,"column":6},"end":{"line":20,"column":null}},"3":{"start":{"line":21,"column":17},"end":{"line":21,"column":null}},"4":{"start":{"line":22,"column":16},"end":{"line":22,"column":null}},"5":{"start":{"line":23,"column":21},"end":{"line":23,"column":null}},"6":{"start":{"line":1,"column":0},"end":{"line":105,"column":null}},"7":{"start":{"line":1,"column":0},"end":{"line":74,"column":25}},"8":{"start":{"line":1,"column":0},"end":{"line":71,"column":null}},"9":{"start":{"line":1,"column":0},"end":{"line":87,"column":null}},"10":{"start":{"line":1,"column":0},"end":{"line":100,"column":null}}},"fnMap":{"0":{"name":"(anonymous_0)","decl":{"start":{"line":1,"column":0},"end":{"line":1,"column":null}},"loc":{"start":{"line":1,"column":0},"end":{"line":1,"column":null}},"line":1},"1":{"name":"(anonymous_1)","decl":{"start":{"line":62,"column":27},"end":{"line":62,"column":28}},"loc":{"start":{"line":1,"column":0},"end":{"line":71,"column":null}},"line":1},"2":{"name":"(anonymous_2)","decl":{"start":{"line":97,"column":33},"end":{"line":97,"column":34}},"loc":{"start":{"line":1,"column":0},"end":{"line":100,"column":null}},"line":1}},"branchMap":{"0":{"loc":{"start":{"line":22,"column":35},"end":{"line":22,"column":59}},"type":"binary-expr","locations":[{"start":{"line":22,"column":35},"end":{"line":22,"column":57}},{"start":{"line":22,"column":57},"end":{"line":22,"column":59}}],"line":22},"1":{"loc":{"start":{"line":23,"column":21},"end":{"line":23,"column":null}},"type":"cond-expr","locations":[{"start":{"line":23,"column":41},"end":{"line":23,"column":75}},{"start":{"line":23,"column":75},"end":{"line":23,"column":null}}],"line":23},"2":{"loc":{"start":{"line":37,"column":5},"end":{"line":40,"column":null}},"type":"binary-expr","locations":[{"start":{"line":37,"column":5},"end":{"line":38,"column":null}},{"start":{"line":1,"column":0},"end":{"line":40,"column":null}}],"line":37},"3":{"loc":{"start":{"line":59,"column":9},"end":{"line":1,"column":null}},"type":"binary-expr","locations":[{"start":{"line":59,"column":9},"end":{"line":60,"column":null}},{"start":{"line":1,"column":0},"end":{"line":1,"column":null}}],"line":59},"4":{"loc":{"start":{"line":81,"column":9},"end":{"line":1,"column":null}},"type":"binary-expr","locations":[{"start":{"line":81,"column":9},"end":{"line":82,"column":null}},{"start":{"line":1,"column":0},"end":{"line":1,"column":null}}],"line":81},"5":{"loc":{"start":{"line":87,"column":39},"end":{"line":87,"column":68}},"type":"cond-expr","locations":[{"start":{"line":87,"column":60},"end":{"line":87,"column":65}},{"start":{"line":87,"column":65},"end":{"line":87,"column":68}}],"line":87},"6":{"loc":{"start":{"line":94,"column":7},"end":{"line":102,"column":null}},"type":"binary-expr","locations":[{"start":{"line":94,"column":7},"end":{"line":95,"column":null}},{"start":{"line":1,"column":0},"end":{"line":102,"column":null}}],"line":94}},"s":{"0":3,"1":3,"2":3,"3":3,"4":3,"5":3,"6":3,"7":2,"8":2,"9":0,"10":4},"f":{"0":5,"1":2,"2":4},"b":{"0":[3,1],"1":[3,0],"2":[3,2],"3":[3,2],"4":[3,0],"5":[0,0],"6":[3,3]},"meta":{"lastBranch":7,"lastFunction":3,"lastStatement":11,"seen":{"s:1:0:1:Infinity":0,"f:1:0:1:Infinity":0,"s:19:18:19:Infinity":1,"s:20:6:20:Infinity":2,"s:21:17:21:Infinity":3,"s:22:16:22:Infinity":4,"b:22:35:22:57:22:57:22:59":0,"s:23:21:23:Infinity":5,"b:23:41:23:75:23:75:23:Infinity":1,"s:1:0:105:Infinity":6,"b:37:5:38:Infinity:1:0:40:Infinity":2,"b:59:9:60:Infinity:1:0:1:Infinity":3,"s:1:0:74:25":7,"f:62:27:62:28":1,"s:1:0:71:Infinity":8,"b:81:9:82:Infinity:1:0:1:Infinity":4,"s:1:0:87:Infinity":9,"b:87:60:87:65:87:65:87:68":5,"b:94:7:95:Infinity:1:0:102:Infinity":6,"f:97:33:97:34":2,"s:1:0:100:Infinity":10}}}
,"D:\\Documents\\GitHub\\romophic.com\\src\\components\\Favicons.astro": {"path":"D:\\Documents\\GitHub\\romophic.com\\src\\components\\Favicons.astro","statementMap":{},"fnMap":{},"branchMap":{},"s":{},"f":{},"b":{},"meta":{"lastBranch":0,"lastFunction":0,"lastStatement":0,"seen":{}}}
,"D:\\Documents\\GitHub\\romophic.com\\src\\components\\Footer.astro": {"path":"D:\\Documents\\GitHub\\romophic.com\\src\\components\\Footer.astro","statementMap":{"0":{"start":{"line":1,"column":0},"end":{"line":1,"column":null}},"1":{"start":{"line":1,"column":0},"end":{"line":42,"column":null}},"2":{"start":{"line":1,"column":0},"end":{"line":33,"column":null}}},"fnMap":{"0":{"name":"(anonymous_0)","decl":{"start":{"line":1,"column":0},"end":{"line":1,"column":null}},"loc":{"start":{"line":1,"column":0},"end":{"line":1,"column":null}},"line":1},"1":{"name":"(anonymous_1)","decl":{"start":{"line":25,"column":16},"end":{"line":25,"column":17}},"loc":{"start":{"line":1,"column":0},"end":{"line":33,"column":null}},"line":1}},"branchMap":{"0":{"loc":{"start":{"line":34,"column":24},"end":{"line":34,"column":null}},"type":"binary-expr","locations":[{"start":{"line":34,"column":24},"end":{"line":34,"column":null}},{"start":{"line":34,"column":24},"end":{"line":34,"column":null}}],"line":34}},"s":{"0":4,"1":4,"2":12},"f":{"0":4,"1":12},"b":{"0":[12,0]},"meta":{"lastBranch":1,"lastFunction":2,"lastStatement":3,"seen":{"s:1:0:1:Infinity":0,"f:1:0:1:Infinity":0,"s:1:0:42:Infinity":1,"f:25:16:25:17":1,"s:1:0:33:Infinity":2,"b:34:24:34:Infinity:34:24:34:Infinity":0}}}
,"D:\\Documents\\GitHub\\romophic.com\\src\\components\\GraphView.astro": {"path":"D:\\Documents\\GitHub\\romophic.com\\src\\components\\GraphView.astro","statementMap":{"0":{"start":{"line":13,"column":4},"end":{"line":13,"column":null}},"1":{"start":{"line":1,"column":0},"end":{"line":26,"column":null}}},"fnMap":{},"branchMap":{"0":{"loc":{"start":{"line":11,"column":4},"end":{"line":11,"column":null}},"type":"default-arg","locations":[{"start":{"line":11,"column":16},"end":{"line":11,"column":null}}],"line":11},"1":{"loc":{"start":{"line":12,"column":2},"end":{"line":12,"column":null}},"type":"default-arg","locations":[{"start":{"line":12,"column":20},"end":{"line":12,"column":null}}],"line":12},"2":{"loc":{"start":{"line":23,"column":20},"end":{"line":23,"column":56}},"type":"cond-expr","locations":[{"start":{"line":23,"column":38},"end":{"line":23,"column":54}},{"start":{"line":23,"column":54},"end":{"line":23,"column":56}}],"line":23}},"s":{"0":1,"1":1},"f":{},"b":{"0":[1],"1":[1],"2":[1,0]},"meta":{"lastBranch":3,"lastFunction":0,"lastStatement":2,"seen":{"s:13:4:13:Infinity":0,"b:11:16:11:Infinity":0,"b:12:20:12:Infinity":1,"s:1:0:26:Infinity":1,"b:23:38:23:54:23:54:23:56":2}}}
,"D:\\Documents\\GitHub\\romophic.com\\src\\components\\Head.astro": {"path":"D:\\Documents\\GitHub\\romophic.com\\src\\components\\Head.astro","statementMap":{"0":{"start":{"line":1,"column":0},"end":{"line":1,"column":null}}},"fnMap":{"0":{"name":"(anonymous_0)","decl":{"start":{"line":1,"column":0},"end":{"line":1,"column":null}},"loc":{"start":{"line":1,"column":0},"end":{"line":1,"column":null}},"line":1}},"branchMap":{"0":{"loc":{"start":{"line":39,"column":29},"end":{"line":39,"column":null}},"type":"binary-expr","locations":[{"start":{"line":39,"column":29},"end":{"line":39,"column":43}},{"start":{"line":39,"column":43},"end":{"line":39,"column":null}}],"line":39}},"s":{"0":4},"f":{"0":4},"b":{"0":[4,4]},"meta":{"lastBranch":1,"lastFunction":1,"lastStatement":1,"seen":{"s:1:0:1:Infinity":0,"f:1:0:1:Infinity":0,"b:39:29:39:43:39:43:39:Infinity":0}}}
,"D:\\Documents\\GitHub\\romophic.com\\src\\components\\Header.astro": {"path":"D:\\Documents\\GitHub\\romophic.com\\src\\components\\Header.astro","statementMap":{"0":{"start":{"line":1,"column":0},"end":{"line":1,"column":null}},"1":{"start":{"line":1,"column":0},"end":{"line":38,"column":null}},"2":{"start":{"line":1,"column":0},"end":{"line":25,"column":null}}},"fnMap":{"0":{"name":"(anonymous_0)","decl":{"start":{"line":1,"column":0},"end":{"line":1,"column":null}},"loc":{"start":{"line":1,"column":0},"end":{"line":1,"column":null}},"line":1},"1":{"name":"(anonymous_1)","decl":{"start":{"line":20,"column":13},"end":{"line":20,"column":14}},"loc":{"start":{"line":1,"column":0},"end":{"line":25,"column":null}},"line":1}},"branchMap":{},"s":{"0":5,"1":5,"2":15},"f":{"0":5,"1":15},"b":{},"meta":{"lastBranch":0,"lastFunction":2,"lastStatement":3,"seen":{"s:1:0:1:Infinity":0,"f:1:0:1:Infinity":0,"s:1:0:38:Infinity":1,"f:20:13:20:14":1,"s:1:0:25:Infinity":2}}}
,"D:\\Documents\\GitHub\\romophic.com\\src\\components\\Hero.astro": {"path":"D:\\Documents\\GitHub\\romophic.com\\src\\components\\Hero.astro","statementMap":{"0":{"start":{"line":1,"column":0},"end":{"line":1,"column":null}},"1":{"start":{"line":1,"column":0},"end":{"line":37,"column":14}}},"fnMap":{"0":{"name":"(anonymous_0)","decl":{"start":{"line":1,"column":0},"end":{"line":1,"column":null}},"loc":{"start":{"line":1,"column":0},"end":{"line":1,"column":null}},"line":1}},"branchMap":{},"s":{"0":1,"1":1},"f":{"0":1},"b":{},"meta":{"lastBranch":0,"lastFunction":1,"lastStatement":2,"seen":{"s:1:0:1:Infinity":0,"f:1:0:1:Infinity":0,"s:1:0:37:14":1}}}
,"D:\\Documents\\GitHub\\romophic.com\\src\\components\\Home.astro": {"path":"D:\\Documents\\GitHub\\romophic.com\\src\\components\\Home.astro","statementMap":{"0":{"start":{"line":1,"column":0},"end":{"line":1,"column":null}},"1":{"start":{"line":20,"column":13},"end":{"line":20,"column":null}},"2":{"start":{"line":1,"column":0},"end":{"line":227,"column":null}},"3":{"start":{"line":1,"column":0},"end":{"line":112,"column":null}},"4":{"start":{"line":1,"column":0},"end":{"line":186,"column":34}}},"fnMap":{"0":{"name":"(anonymous_0)","decl":{"start":{"line":1,"column":0},"end":{"line":1,"column":null}},"loc":{"start":{"line":1,"column":0},"end":{"line":1,"column":null}},"line":1},"1":{"name":"(anonymous_1)","decl":{"start":{"line":104,"column":16},"end":{"line":104,"column":17}},"loc":{"start":{"line":1,"column":0},"end":{"line":112,"column":null}},"line":1},"2":{"name":"(anonymous_2)","decl":{"start":{"line":184,"column":8},"end":{"line":184,"column":9}},"loc":{"start":{"line":1,"column":0},"end":{"line":186,"column":34}},"line":1}},"branchMap":{"0":{"loc":{"start":{"line":113,"column":34},"end":{"line":113,"column":null}},"type":"binary-expr","locations":[{"start":{"line":113,"column":34},"end":{"line":113,"column":null}},{"start":{"line":113,"column":34},"end":{"line":113,"column":null}}],"line":113}},"s":{"0":1,"1":1,"2":1,"3":3,"4":2},"f":{"0":2,"1":3,"2":2},"b":{"0":[3,0]},"meta":{"lastBranch":0,"lastFunction":0,"lastStatement":0,"seen":{}}}
,"D:\\Documents\\GitHub\\romophic.com\\src\\components\\PageHead.astro": {"path":"D:\\Documents\\GitHub\\romophic.com\\src\\components\\PageHead.astro","statementMap":{"0":{"start":{"line":1,"column":0},"end":{"line":1,"column":null}},"1":{"start":{"line":20,"column":4},"end":{"line":20,"column":null}},"2":{"start":{"line":22,"column":14},"end":{"line":22,"column":null}},"3":{"start":{"line":24,"column":2},"end":{"line":24,"column":null}},"4":{"start":{"line":25,"column":21},"end":{"line":25,"column":null}},"5":{"start":{"line":27,"column":2},"end":{"line":29,"column":null}},"6":{"start":{"line":28,"column":35},"end":{"line":28,"column":39}},"7":{"start":{"line":31,"column":16},"end":{"line":35,"column":null}},"8":{"start":{"line":37,"column":21},"end":{"line":37,"column":null}},"9":{"start":{"line":39,"column":49},"end":{"line":39,"column":null}},"10":{"start":{"line":40,"column":59},"end":{"line":40,"column":null}},"11":{"start":{"line":42,"column":0},"end":{"line":81,"column":null}},"12":{"start":{"line":43,"column":2},"end":{"line":55,"column":null}},"13":{"start":{"line":49,"column":51},"end":{"line":52,"column":6}},"14":{"start":{"line":57,"column":2},"end":{"line":80,"column":null}},"15":{"start":{"line":1,"column":0},"end":{"line":131,"column":null}},"16":{"start":{"line":110,"column":3},"end":{"line":1,"column":null}}},"fnMap":{"0":{"name":"(anonymous_0)","decl":{"start":{"line":1,"column":0},"end":{"line":1,"column":null}},"loc":{"start":{"line":1,"column":0},"end":{"line":1,"column":null}},"line":1},"1":{"name":"(anonymous_1)","decl":{"start":{"line":28,"column":28},"end":{"line":28,"column":29}},"loc":{"start":{"line":28,"column":35},"end":{"line":28,"column":39}},"line":28},"2":{"name":"(anonymous_2)","decl":{"start":{"line":49,"column":35},"end":{"line":49,"column":36}},"loc":{"start":{"line":49,"column":51},"end":{"line":52,"column":6}},"line":49},"3":{"name":"(anonymous_3)","decl":{"start":{"line":109,"column":20},"end":{"line":109,"column":21}},"loc":{"start":{"line":109,"column":37},"end":{"line":111,"column":5}},"line":109}},"branchMap":{"0":{"loc":{"start":{"line":16,"column":2},"end":{"line":16,"column":null}},"type":"default-arg","locations":[{"start":{"line":16,"column":12},"end":{"line":16,"column":null}}],"line":16},"1":{"loc":{"start":{"line":22,"column":14},"end":{"line":22,"column":null}},"type":"binary-expr","locations":[{"start":{"line":22,"column":14},"end":{"line":22,"column":34}},{"start":{"line":22,"column":34},"end":{"line":22,"column":47}},{"start":{"line":22,"column":47},"end":{"line":22,"column":null}}],"line":22},"2":{"loc":{"start":{"line":24,"column":2},"end":{"line":24,"column":null}},"type":"binary-expr","locations":[{"start":{"line":24,"column":2},"end":{"line":24,"column":28}},{"start":{"line":24,"column":28},"end":{"line":24,"column":47}},{"start":{"line":24,"column":47},"end":{"line":24,"column":null}}],"line":24},"3":{"loc":{"start":{"line":25,"column":53},"end":{"line":25,"column":76}},"type":"binary-expr","locations":[{"start":{"line":25,"column":53},"end":{"line":25,"column":67}},{"start":{"line":25,"column":67},"end":{"line":25,"column":76}}],"line":25},"4":{"loc":{"start":{"line":27,"column":2},"end":{"line":29,"column":null}},"type":"cond-expr","locations":[{"start":{"line":28,"column":6},"end":{"line":28,"column":null}},{"start":{"line":29,"column":6},"end":{"line":29,"column":null}}],"line":27},"5":{"loc":{"start":{"line":27,"column":2},"end":{"line":27,"column":null}},"type":"binary-expr","locations":[{"start":{"line":27,"column":2},"end":{"line":27,"column":24}},{"start":{"line":27,"column":24},"end":{"line":27,"column":null}}],"line":27},"6":{"loc":{"start":{"line":31,"column":16},"end":{"line":35,"column":null}},"type":"cond-expr","locations":[{"start":{"line":32,"column":4},"end":{"line":32,"column":null}},{"start":{"line":33,"column":4},"end":{"line":35,"column":null}}],"line":31},"7":{"loc":{"start":{"line":32,"column":23},"end":{"line":32,"column":46}},"type":"binary-expr","locations":[{"start":{"line":32,"column":23},"end":{"line":32,"column":37}},{"start":{"line":32,"column":37},"end":{"line":32,"column":46}}],"line":32},"8":{"loc":{"start":{"line":33,"column":4},"end":{"line":35,"column":null}},"type":"cond-expr","locations":[{"start":{"line":34,"column":6},"end":{"line":34,"column":null}},{"start":{"line":35,"column":6},"end":{"line":35,"column":null}}],"line":33},"9":{"loc":{"start":{"line":37,"column":49},"end":{"line":37,"column":72}},"type":"binary-expr","locations":[{"start":{"line":37,"column":49},"end":{"line":37,"column":63}},{"start":{"line":37,"column":63},"end":{"line":37,"column":72}}],"line":37},"10":{"loc":{"start":{"line":42,"column":0},"end":{"line":81,"column":null}},"type":"if","locations":[{"start":{"line":42,"column":0},"end":{"line":81,"column":null}},{"start":{},"end":{}}],"line":42},"11":{"loc":{"start":{"line":49,"column":12},"end":{"line":52,"column":null}},"type":"binary-expr","locations":[{"start":{"line":49,"column":12},"end":{"line":52,"column":11}},{"start":{"line":52,"column":11},"end":{"line":52,"column":null}}],"line":49},"12":{"loc":{"start":{"line":65,"column":14},"end":{"line":65,"column":null}},"type":"binary-expr","locations":[{"start":{"line":65,"column":14},"end":{"line":65,"column":40}},{"start":{"line":65,"column":40},"end":{"line":65,"column":null}}],"line":65},"13":{"loc":{"start":{"line":71,"column":31},"end":{"line":71,"column":54}},"type":"binary-expr","locations":[{"start":{"line":71,"column":31},"end":{"line":71,"column":45}},{"start":{"line":71,"column":45},"end":{"line":71,"column":54}}],"line":71},"14":{"loc":{"start":{"line":84,"column":8},"end":{"line":84,"column":70}},"type":"cond-expr","locations":[{"start":{"line":84,"column":31},"end":{"line":84,"column":44}},{"start":{"line":84,"column":44},"end":{"line":84,"column":70}}],"line":84},"15":{"loc":{"start":{"line":88,"column":1},"end":{"line":1,"column":null}},"type":"binary-expr","locations":[{"start":{"line":88,"column":1},"end":{"line":88,"column":62}},{"start":{"line":1,"column":0},"end":{"line":1,"column":null}}],"line":88},"16":{"loc":{"start":{"line":94,"column":34},"end":{"line":94,"column":null}},"type":"cond-expr","locations":[{"start":{"line":94,"column":41},"end":{"line":94,"column":53}},{"start":{"line":94,"column":53},"end":{"line":94,"column":null}}],"line":94},"17":{"loc":{"start":{"line":98,"column":1},"end":{"line":1,"column":null}},"type":"binary-expr","locations":[{"start":{"line":98,"column":1},"end":{"line":98,"column":45}},{"start":{"line":1,"column":0},"end":{"line":1,"column":null}}],"line":98},"18":{"loc":{"start":{"line":105,"column":1},"end":{"line":1,"column":null}},"type":"binary-expr","locations":[{"start":{"line":105,"column":1},"end":{"line":105,"column":47}},{"start":{"line":1,"column":0},"end":{"line":1,"column":null}}],"line":105},"19":{"loc":{"start":{"line":107,"column":1},"end":{"line":111,"column":null}},"type":"binary-expr","locations":[{"start":{"line":107,"column":1},"end":{"line":108,"column":null}},{"start":{"line":109,"column":1},"end":{"line":111,"column":null}}],"line":107},"20":{"loc":{"start":{"line":114,"column":1},"end":{"line":3,"column":10}},"type":"binary-expr","locations":[{"start":{"line":114,"column":1},"end":{"line":114,"column":null}},{"start":{"line":114,"column":1},"end":{"line":3,"column":10}}],"line":114},"21":{"loc":{"start":{"line":1,"column":0},"end":{"line":3,"column":10}},"type":"binary-expr","locations":[{"start":{"line":1,"column":0},"end":{"line":1,"column":null}},{"start":{"line":1,"column":0},"end":{"line":3,"column":10}}],"line":1},"22":{"loc":{"start":{"line":123,"column":1},"end":{"line":3,"column":null}},"type":"binary-expr","locations":[{"start":{"line":123,"column":1},"end":{"line":123,"column":null}},{"start":{"line":123,"column":1},"end":{"line":3,"column":null}}],"line":123},"23":{"loc":{"start":{"line":1,"column":0},"end":{"line":3,"column":null}},"type":"binary-expr","locations":[{"start":{"line":1,"column":0},"end":{"line":1,"column":null}},{"start":{"line":1,"column":0},"end":{"line":3,"column":null}}],"line":1}},"s":{"0":5,"1":5,"2":5,"3":5,"4":5,"5":5,"6":0,"7":5,"8":5,"9":5,"10":5,"11":5,"12":0,"13":0,"14":0,"15":5,"16":0},"f":{"0":5,"1":0,"2":0,"3":0},"b":{"0":[5],"1":[5,5,2],"2":[5,5,5],"3":[5,5],"4":[0,5],"5":[5,0],"6":[0,5],"7":[0,0],"8":[0,5],"9":[5,5],"10":[0,5],"11":[0,0],"12":[0,0],"13":[0,0],"14":[2,3],"15":[5,1],"16":[0,5],"17":[5,0],"18":[5,0],"19":[5,0],"20":[5,0],"21":[0,0],"22":[5,0],"23":[0,0]},"meta":{"lastBranch":24,"lastFunction":4,"lastStatement":17,"seen":{"s:1:0:1:Infinity":0,"f:1:0:1:Infinity":0,"s:20:4:20:Infinity":1,"b:16:12:16:Infinity":0,"s:22:14:22:Infinity":2,"b:22:14:22:34:22:34:22:47:22:47:22:Infinity":1,"s:24:2:24:Infinity":3,"b:24:2:24:28:24:28:24:47:24:47:24:Infinity":2,"s:25:21:25:Infinity":4,"b:25:53:25:67:25:67:25:76":3,"s:27:2:29:Infinity":5,"b:28:6:28:Infinity:29:6:29:Infinity":4,"b:27:2:27:24:27:24:27:Infinity":5,"f:28:28:28:29":1,"s:28:35:28:39":6,"s:31:16:35:Infinity":7,"b:32:4:32:Infinity:33:4:35:Infinity":6,"b:32:23:32:37:32:37:32:46":7,"b:34:6:34:Infinity:35:6:35:Infinity":8,"s:37:21:37:Infinity":8,"b:37:49:37:63:37:63:37:72":9,"s:39:49:39:Infinity":9,"s:40:59:40:Infinity":10,"b:42:0:81:Infinity:undefined:undefined:undefined:undefined":10,"s:42:0:81:Infinity":11,"s:43:2:55:Infinity":12,"b:49:12:52:11:52:11:52:Infinity":11,"f:49:35:49:36":2,"s:49:51:52:6":13,"s:57:2:80:Infinity":14,"b:65:14:65:40:65:40:65:Infinity":12,"b:71:31:71:45:71:45:71:54":13,"s:1:0:131:Infinity":15,"b:84:31:84:44:84:44:84:70":14,"b:88:1:88:62:1:0:1:Infinity":15,"b:94:41:94:53:94:53:94:Infinity":16,"b:98:1:98:45:1:0:1:Infinity":17,"b:105:1:105:47:1:0:1:Infinity":18,"b:107:1:108:Infinity:109:1:111:Infinity":19,"f:109:20:109:21":3,"s:110:3:1:Infinity":16,"b:114:1:114:Infinity:114:1:3:10":20,"b:1:0:1:Infinity:1:0:3:10":21,"b:123:1:123:Infinity:123:1:3:Infinity":22,"b:1:0:1:Infinity:1:0:3:Infinity":23}}}
,"D:\\Documents\\GitHub\\romophic.com\\src\\components\\ProjectCard.astro": {"path":"D:\\Documents\\GitHub\\romophic.com\\src\\components\\ProjectCard.astro","statementMap":{"0":{"start":{"line":1,"column":0},"end":{"line":1,"column":null}},"1":{"start":{"line":13,"column":20},"end":{"line":13,"column":null}},"2":{"start":{"line":1,"column":0},"end":{"line":81,"column":null}},"3":{"start":{"line":64,"column":20},"end":{"line":64,"column":null}},"4":{"start":{"line":65,"column":14},"end":{"line":75,"column":null}}},"fnMap":{"0":{"name":"(anonymous_0)","decl":{"start":{"line":1,"column":0},"end":{"line":1,"column":null}},"loc":{"start":{"line":1,"column":0},"end":{"line":1,"column":null}},"line":1},"1":{"name":"(anonymous_1)","decl":{"start":{"line":63,"column":35},"end":{"line":63,"column":36}},"loc":{"start":{"line":63,"column":52},"end":{"line":78,"column":13}},"line":63}},"branchMap":{"0":{"loc":{"start":{"line":25,"column":5},"end":{"line":28,"column":null}},"type":"binary-expr","locations":[{"start":{"line":25,"column":5},"end":{"line":26,"column":null}},{"start":{"line":1,"column":0},"end":{"line":28,"column":null}}],"line":25},"1":{"loc":{"start":{"line":45,"column":7},"end":{"line":54,"column":null}},"type":"binary-expr","locations":[{"start":{"line":45,"column":7},"end":{"line":46,"column":null}},{"start":{"line":1,"column":0},"end":{"line":54,"column":null}}],"line":45},"2":{"loc":{"start":{"line":52,"column":17},"end":{"line":54,"column":32}},"type":"cond-expr","locations":[{"start":{"line":53,"column":20},"end":{"line":53,"column":null}},{"start":{"line":54,"column":20},"end":{"line":54,"column":32}}],"line":52},"3":{"loc":{"start":{"line":60,"column":7},"end":{"line":78,"column":null}},"type":"binary-expr","locations":[{"start":{"line":60,"column":7},"end":{"line":61,"column":null}},{"start":{"line":1,"column":0},"end":{"line":78,"column":null}}],"line":60},"4":{"loc":{"start":{"line":65,"column":21},"end":{"line":75,"column":null}},"type":"cond-expr","locations":[{"start":{"line":1,"column":0},"end":{"line":70,"column":null}},{"start":{"line":1,"column":0},"end":{"line":75,"column":null}}],"line":65}},"s":{"0":3,"1":3,"2":3,"3":11,"4":11},"f":{"0":3,"1":11},"b":{"0":[3,3],"1":[3,3],"2":[2,1],"3":[3,3],"4":[8,3]},"meta":{"lastBranch":5,"lastFunction":2,"lastStatement":5,"seen":{"s:1:0:1:Infinity":0,"f:1:0:1:Infinity":0,"s:13:20:13:Infinity":1,"s:1:0:81:Infinity":2,"b:25:5:26:Infinity:1:0:28:Infinity":0,"b:45:7:46:Infinity:1:0:54:Infinity":1,"b:53:20:53:Infinity:54:20:54:32":2,"b:60:7:61:Infinity:1:0:78:Infinity":3,"f:63:35:63:36":1,"s:64:20:64:Infinity":3,"s:65:14:75:Infinity":4,"b:1:0:70:Infinity:1:0:75:Infinity":4}}}
,"D:\\Documents\\GitHub\\romophic.com\\src\\components\\ScrollProgress.astro": {"path":"D:\\Documents\\GitHub\\romophic.com\\src\\components\\ScrollProgress.astro","statementMap":{"0":{"start":{"line":1,"column":0},"end":{"line":15,"column":null}},"1":{"start":{"line":1,"column":0},"end":{"line":1,"column":null}}},"fnMap":{"0":{"name":"(anonymous_0)","decl":{"start":{"line":1,"column":0},"end":{"line":1,"column":null}},"loc":{"start":{"line":1,"column":0},"end":{"line":1,"column":null}},"line":1}},"branchMap":{},"s":{"0":3,"1":3},"f":{"0":3},"b":{},"meta":{"lastBranch":0,"lastFunction":1,"lastStatement":2,"seen":{"s:1:0:15:Infinity":0,"f:1:0:1:Infinity":0,"s:1:0:1:Infinity":1}}}
,"D:\\Documents\\GitHub\\romophic.com\\src\\components\\SearchDialog.astro": {"path":"D:\\Documents\\GitHub\\romophic.com\\src\\components\\SearchDialog.astro","statementMap":{"0":{"start":{"line":1,"column":0},"end":{"line":1,"column":null}},"1":{"start":{"line":1,"column":0},"end":{"line":20,"column":null}}},"fnMap":{"0":{"name":"(anonymous_0)","decl":{"start":{"line":1,"column":0},"end":{"line":1,"column":null}},"loc":{"start":{"line":1,"column":0},"end":{"line":1,"column":null}},"line":1}},"branchMap":{},"s":{"0":5,"1":5},"f":{"0":5},"b":{},"meta":{"lastBranch":0,"lastFunction":0,"lastStatement":0,"seen":{}}}
,"D:\\Documents\\GitHub\\romophic.com\\src\\components\\SocialIcons.astro": {"path":"D:\\Documents\\GitHub\\romophic.com\\src\\components\\SocialIcons.astro","statementMap":{"0":{"start":{"line":1,"column":0},"end":{"line":1,"column":null}},"1":{"start":{"line":11,"column":18},"end":{"line":11,"column":null}},"2":{"start":{"line":1,"column":0},"end":{"line":36,"column":null}},"3":{"start":{"line":1,"column":0},"end":{"line":26,"column":null}}},"fnMap":{"0":{"name":"(anonymous_0)","decl":{"start":{"line":1,"column":0},"end":{"line":1,"column":null}},"loc":{"start":{"line":1,"column":0},"end":{"line":1,"column":null}},"line":1},"1":{"name":"(anonymous_1)","decl":{"start":{"line":16,"column":9},"end":{"line":16,"column":10}},"loc":{"start":{"line":1,"column":0},"end":{"line":26,"column":null}},"line":1}},"branchMap":{"0":{"loc":{"start":{"line":27,"column":18},"end":{"line":27,"column":null}},"type":"binary-expr","locations":[{"start":{"line":27,"column":18},"end":{"line":27,"column":null}},{"start":{"line":27,"column":18},"end":{"line":27,"column":null}}],"line":27}},"s":{"0":1,"1":1,"2":1,"3":0},"f":{"0":1,"1":0},"b":{"0":[0,0]},"meta":{"lastBranch":1,"lastFunction":2,"lastStatement":4,"seen":{"s:1:0:1:Infinity":0,"f:1:0:1:Infinity":0,"s:11:18:11:Infinity":1,"s:1:0:36:Infinity":2,"f:16:9:16:10":1,"s:1:0:26:Infinity":3,"b:27:18:27:Infinity:27:18:27:Infinity":0}}}
,"D:\\Documents\\GitHub\\romophic.com\\src\\components\\TOCSidebar.astro": {"path":"D:\\Documents\\GitHub\\romophic.com\\src\\components\\TOCSidebar.astro","statementMap":{"0":{"start":{"line":1,"column":0},"end":{"line":1,"column":null}},"1":{"start":{"line":11,"column":36},"end":{"line":11,"column":null}},"2":{"start":{"line":12,"column":13},"end":{"line":12,"column":null}},"3":{"start":{"line":13,"column":25},"end":{"line":13,"column":null}},"4":{"start":{"line":15,"column":2},"end":{"line":15,"column":null}},"5":{"start":{"line":1,"column":0},"end":{"line":157,"column":null}},"6":{"start":{"line":32,"column":14},"end":{"line":33,"column":null}},"7":{"start":{"line":35,"column":12},"end":{"line":1,"column":null}},"8":{"start":{"line":50,"column":35},"end":{"line":50,"column":null}},"9":{"start":{"line":51,"column":35},"end":{"line":51,"column":null}},"10":{"start":{"line":52,"column":40},"end":{"line":56,"column":null}},"11":{"start":{"line":58,"column":22},"end":{"line":77,"column":null}},"12":{"start":{"line":114,"column":37},"end":{"line":114,"column":null}},"13":{"start":{"line":115,"column":37},"end":{"line":115,"column":null}},"14":{"start":{"line":117,"column":24},"end":{"line":140,"column":null}}},"fnMap":{"0":{"name":"(anonymous_0)","decl":{"start":{"line":1,"column":0},"end":{"line":1,"column":null}},"loc":{"start":{"line":1,"column":0},"end":{"line":1,"column":null}},"line":1},"1":{"name":"(anonymous_1)","decl":{"start":{"line":30,"column":24},"end":{"line":30,"column":25}},"loc":{"start":{"line":30,"column":44},"end":{"line":150,"column":11}},"line":30},"2":{"name":"(anonymous_2)","decl":{"start":{"line":49,"column":42},"end":{"line":49,"column":43}},"loc":{"start":{"line":49,"column":55},"end":{"line":81,"column":21}},"line":49},"3":{"name":"(anonymous_3)","decl":{"start":{"line":113,"column":44},"end":{"line":113,"column":45}},"loc":{"start":{"line":113,"column":57},"end":{"line":144,"column":23}},"line":113}},"branchMap":{"0":{"loc":{"start":{"line":13,"column":25},"end":{"line":13,"column":null}},"type":"binary-expr","locations":[{"start":{"line":13,"column":25},"end":{"line":13,"column":33}},{"start":{"line":13,"column":25},"end":{"line":13,"column":null}}],"line":13},"1":{"loc":{"start":{"line":15,"column":2},"end":{"line":15,"column":null}},"type":"cond-expr","locations":[{"start":{"line":15,"column":41},"end":{"line":15,"column":63}},{"start":{"line":15,"column":63},"end":{"line":15,"column":null}}],"line":15},"2":{"loc":{"start":{"line":15,"column":2},"end":{"line":15,"column":41}},"type":"binary-expr","locations":[{"start":{"line":15,"column":2},"end":{"line":15,"column":22}},{"start":{"line":15,"column":22},"end":{"line":15,"column":41}}],"line":15},"3":{"loc":{"start":{"line":18,"column":1},"end":{"line":150,"column":null}},"type":"binary-expr","locations":[{"start":{"line":18,"column":1},"end":{"line":19,"column":null}},{"start":{"line":1,"column":0},"end":{"line":150,"column":null}}],"line":18},"4":{"loc":{"start":{"line":32,"column":14},"end":{"line":33,"column":null}},"type":"binary-expr","locations":[{"start":{"line":32,"column":14},"end":{"line":32,"column":null}},{"start":{"line":33,"column":15},"end":{"line":33,"column":30}},{"start":{"line":33,"column":30},"end":{"line":33,"column":null}}],"line":32},"5":{"loc":{"start":{"line":37,"column":17},"end":{"line":45,"column":null}},"type":"binary-expr","locations":[{"start":{"line":37,"column":17},"end":{"line":37,"column":null}},{"start":{"line":1,"column":0},"end":{"line":45,"column":null}}],"line":37},"6":{"loc":{"start":{"line":47,"column":17},"end":{"line":144,"column":null}},"type":"cond-expr","locations":[{"start":{"line":1,"column":0},"end":{"line":81,"column":null}},{"start":{"line":1,"column":0},"end":{"line":144,"column":null}}],"line":47},"7":{"loc":{"start":{"line":52,"column":40},"end":{"line":56,"column":null}},"type":"cond-expr","locations":[{"start":{"line":53,"column":26},"end":{"line":53,"column":null}},{"start":{"line":54,"column":26},"end":{"line":56,"column":null}}],"line":52},"8":{"loc":{"start":{"line":54,"column":26},"end":{"line":56,"column":null}},"type":"cond-expr","locations":[{"start":{"line":55,"column":28},"end":{"line":55,"column":null}},{"start":{"line":56,"column":28},"end":{"line":56,"column":null}}],"line":54},"9":{"loc":{"start":{"line":61,"column":28},"end":{"line":65,"column":null}},"type":"cond-expr","locations":[{"start":{"line":62,"column":32},"end":{"line":62,"column":null}},{"start":{"line":63,"column":32},"end":{"line":65,"column":null}}],"line":61},"10":{"loc":{"start":{"line":63,"column":32},"end":{"line":65,"column":null}},"type":"cond-expr","locations":[{"start":{"line":64,"column":34},"end":{"line":64,"column":null}},{"start":{"line":65,"column":34},"end":{"line":65,"column":null}}],"line":63},"11":{"loc":{"start":{"line":70,"column":30},"end":{"line":72,"column":null}},"type":"cond-expr","locations":[{"start":{"line":71,"column":34},"end":{"line":71,"column":null}},{"start":{"line":72,"column":34},"end":{"line":72,"column":null}}],"line":70},"12":{"loc":{"start":{"line":86,"column":22},"end":{"line":86,"column":null}},"type":"cond-expr","locations":[{"start":{"line":86,"column":60},"end":{"line":86,"column":76}},{"start":{"line":86,"column":76},"end":{"line":86,"column":null}}],"line":86},"13":{"loc":{"start":{"line":92,"column":26},"end":{"line":94,"column":null}},"type":"cond-expr","locations":[{"start":{"line":93,"column":30},"end":{"line":93,"column":null}},{"start":{"line":94,"column":30},"end":{"line":94,"column":null}}],"line":92},"14":{"loc":{"start":{"line":99,"column":28},"end":{"line":101,"column":null}},"type":"cond-expr","locations":[{"start":{"line":100,"column":32},"end":{"line":100,"column":null}},{"start":{"line":101,"column":32},"end":{"line":101,"column":null}}],"line":99},"15":{"loc":{"start":{"line":105,"column":28},"end":{"line":107,"column":null}},"type":"cond-expr","locations":[{"start":{"line":106,"column":32},"end":{"line":106,"column":null}},{"start":{"line":107,"column":32},"end":{"line":107,"column":null}}],"line":105},"16":{"loc":{"start":{"line":120,"column":30},"end":{"line":124,"column":null}},"type":"cond-expr","locations":[{"start":{"line":121,"column":34},"end":{"line":121,"column":null}},{"start":{"line":122,"column":34},"end":{"line":124,"column":null}}],"line":120},"17":{"loc":{"start":{"line":122,"column":34},"end":{"line":124,"column":null}},"type":"cond-expr","locations":[{"start":{"line":123,"column":36},"end":{"line":123,"column":null}},{"start":{"line":124,"column":36},"end":{"line":124,"column":null}}],"line":122},"18":{"loc":{"start":{"line":129,"column":32},"end":{"line":131,"column":null}},"type":"cond-expr","locations":[{"start":{"line":130,"column":36},"end":{"line":130,"column":null}},{"start":{"line":131,"column":36},"end":{"line":131,"column":null}}],"line":129},"19":{"loc":{"start":{"line":135,"column":32},"end":{"line":137,"column":null}},"type":"cond-expr","locations":[{"start":{"line":136,"column":36},"end":{"line":136,"column":null}},{"start":{"line":137,"column":36},"end":{"line":137,"column":null}}],"line":135}},"s":{"0":1,"1":1,"2":1,"3":1,"4":1,"5":1,"6":1,"7":1,"8":3,"9":3,"10":3,"11":3,"12":0,"13":0,"14":0},"f":{"0":2,"1":1,"2":3,"3":0},"b":{"0":[1,0],"1":[0,1],"2":[1,0],"3":[1,1],"4":[1,0,0],"5":[1,0],"6":[1,0],"7":[0,3],"8":[2,1],"9":[2,1],"10":[1,0],"11":[0,3],"12":[0,0],"13":[0,0],"14":[0,0],"15":[0,0],"16":[0,0],"17":[0,0],"18":[0,0],"19":[0,0]},"meta":{"lastBranch":0,"lastFunction":0,"lastStatement":0,"seen":{}}}
,"D:\\Documents\\GitHub\\romophic.com\\src\\components\\ThemeToggle.astro": {"path":"D:\\Documents\\GitHub\\romophic.com\\src\\components\\ThemeToggle.astro","statementMap":{"0":{"start":{"line":1,"column":0},"end":{"line":1,"column":null}},"1":{"start":{"line":1,"column":0},"end":{"line":27,"column":null}}},"fnMap":{"0":{"name":"(anonymous_0)","decl":{"start":{"line":1,"column":0},"end":{"line":1,"column":null}},"loc":{"start":{"line":1,"column":0},"end":{"line":1,"column":null}},"line":1}},"branchMap":{},"s":{"0":6,"1":6},"f":{"0":6},"b":{},"meta":{"lastBranch":0,"lastFunction":0,"lastStatement":0,"seen":{}}}
,"D:\\Documents\\GitHub\\romophic.com\\src\\components\\button.astro": {"path":"D:\\Documents\\GitHub\\romophic.com\\src\\components\\button.astro","statementMap":{"0":{"start":{"line":1,"column":0},"end":{"line":1,"column":null}},"1":{"start":{"line":34,"column":4},"end":{"line":34,"column":null}},"2":{"start":{"line":36,"column":49},"end":{"line":45,"column":null}},"3":{"start":{"line":47,"column":43},"end":{"line":52,"column":null}},"4":{"start":{"line":54,"column":2},"end":{"line":54,"column":null}},"5":{"start":{"line":26,"column":4},"end":{"line":26,"column":null}},"6":{"start":{"line":58,"column":16},"end":{"line":58,"column":null}},"7":{"start":{"line":1,"column":0},"end":{"line":66,"column":null}}},"fnMap":{"0":{"name":"getButtonStyles","decl":{"start":{"line":28,"column":16},"end":{"line":28,"column":32}},"loc":{"start":{"line":32,"column":60},"end":{"line":1,"column":null}},"line":32},"1":{"name":"(anonymous_1)","decl":{"start":{"line":1,"column":0},"end":{"line":1,"column":null}},"loc":{"start":{"line":1,"column":0},"end":{"line":1,"column":null}},"line":1}},"branchMap":{"0":{"loc":{"start":{"line":28,"column":32},"end":{"line":32,"column":60}},"type":"default-arg","locations":[{"start":{"line":32,"column":56},"end":{"line":32,"column":60}}],"line":28},"1":{"loc":{"start":{"line":29,"column":2},"end":{"line":29,"column":null}},"type":"default-arg","locations":[{"start":{"line":29,"column":12},"end":{"line":29,"column":null}}],"line":29},"2":{"loc":{"start":{"line":30,"column":2},"end":{"line":30,"column":null}},"type":"default-arg","locations":[{"start":{"line":30,"column":9},"end":{"line":30,"column":null}}],"line":30},"3":{"loc":{"start":{"line":31,"column":9},"end":{"line":31,"column":null}},"type":"default-arg","locations":[{"start":{"line":31,"column":21},"end":{"line":31,"column":null}}],"line":31},"4":{"loc":{"start":{"line":21,"column":2},"end":{"line":21,"column":null}},"type":"default-arg","locations":[{"start":{"line":21,"column":12},"end":{"line":21,"column":null}}],"line":21},"5":{"loc":{"start":{"line":22,"column":2},"end":{"line":22,"column":null}},"type":"default-arg","locations":[{"start":{"line":22,"column":9},"end":{"line":22,"column":null}}],"line":22},"6":{"loc":{"start":{"line":23,"column":9},"end":{"line":23,"column":null}},"type":"default-arg","locations":[{"start":{"line":23,"column":21},"end":{"line":23,"column":null}}],"line":23},"7":{"loc":{"start":{"line":24,"column":6},"end":{"line":24,"column":null}},"type":"default-arg","locations":[{"start":{"line":24,"column":12},"end":{"line":24,"column":null}}],"line":24}},"s":{"0":0,"1":10,"2":10,"3":10,"4":10,"5":0,"6":0,"7":0},"f":{"0":10,"1":0},"b":{"0":[10],"1":[10],"2":[10],"3":[10],"4":[0],"5":[0],"6":[0],"7":[0]},"meta":{"lastBranch":8,"lastFunction":2,"lastStatement":8,"seen":{"s:1:0:1:Infinity":0,"f:28:16:28:32":0,"b:32:56:32:60":0,"b:29:12:29:Infinity":1,"b:30:9:30:Infinity":2,"b:31:21:31:Infinity":3,"s:34:4:34:Infinity":1,"s:36:49:45:Infinity":2,"s:47:43:52:Infinity":3,"s:54:2:54:Infinity":4,"f:1:0:1:Infinity":1,"s:26:4:26:Infinity":5,"b:21:12:21:Infinity":4,"b:22:9:22:Infinity":5,"b:23:21:23:Infinity":6,"b:24:12:24:Infinity":7,"s:58:16:58:Infinity":6,"s:1:0:66:Infinity":7}}}
,"D:\\Documents\\GitHub\\romophic.com\\src\\components\\separator.astro": {"path":"D:\\Documents\\GitHub\\romophic.com\\src\\components\\separator.astro","statementMap":{"0":{"start":{"line":13,"column":4},"end":{"line":13,"column":null}},"1":{"start":{"line":1,"column":0},"end":{"line":22,"column":null}}},"fnMap":{},"branchMap":{"0":{"loc":{"start":{"line":9,"column":2},"end":{"line":9,"column":null}},"type":"default-arg","locations":[{"start":{"line":9,"column":16},"end":{"line":9,"column":null}}],"line":9},"1":{"loc":{"start":{"line":10,"column":2},"end":{"line":10,"column":null}},"type":"default-arg","locations":[{"start":{"line":10,"column":15},"end":{"line":10,"column":null}}],"line":10},"2":{"loc":{"start":{"line":17,"column":8},"end":{"line":17,"column":null}},"type":"cond-expr","locations":[{"start":{"line":17,"column":21},"end":{"line":17,"column":30}},{"start":{"line":17,"column":30},"end":{"line":17,"column":null}}],"line":17},"3":{"loc":{"start":{"line":18,"column":20},"end":{"line":18,"column":null}},"type":"cond-expr","locations":[{"start":{"line":18,"column":49},"end":{"line":18,"column":62}},{"start":{"line":18,"column":62},"end":{"line":18,"column":null}}],"line":18},"4":{"loc":{"start":{"line":20,"column":4},"end":{"line":20,"column":null}},"type":"cond-expr","locations":[{"start":{"line":20,"column":35},"end":{"line":20,"column":54}},{"start":{"line":20,"column":54},"end":{"line":20,"column":null}}],"line":20}},"s":{"0":5,"1":5},"f":{},"b":{"0":[5],"1":[5],"2":[5,0],"3":[5,0],"4":[0,5]},"meta":{"lastBranch":5,"lastFunction":0,"lastStatement":2,"seen":{"s:13:4:13:Infinity":0,"b:9:16:9:Infinity":0,"b:10:15:10:Infinity":1,"s:1:0:22:Infinity":1,"b:17:21:17:30:17:30:17:Infinity":2,"b:18:49:18:62:18:62:18:Infinity":3,"b:20:35:20:54:20:54:20:Infinity":4}}}
,"D:\\Documents\\GitHub\\romophic.com\\src\\content\\blog\\epsilon-ball\\index.mdx": {"path":"D:\\Documents\\GitHub\\romophic.com\\src\\content\\blog\\epsilon-ball\\index.mdx","statementMap":{"0":{"start":{"line":2,"column":27},"end":{"line":10,"column":1}},"1":{"start":{"line":12,"column":2},"end":{"line":12,"column":null}},"2":{"start":{"line":15,"column":22},"end":{"line":32,"column":3}},"3":{"start":{"line":33,"column":2},"end":{"line":1573,"column":null}},"4":{"start":{"line":1576,"column":31},"end":{"line":1576,"column":55}},"5":{"start":{"line":1577,"column":2},"end":{"line":1582,"column":null}},"6":{"start":{"line":1585,"column":19},"end":{"line":1585,"column":60}},"7":{"start":{"line":1586,"column":20},"end":{"line":1586,"column":94}},"8":{"start":{"line":1587,"column":23},"end":{"line":1590,"column":2}},"9":{"start":{"line":1587,"column":39},"end":{"line":1590,"column":2}},"10":{"start":{"line":1592,"column":0},"end":{"line":1592,"column":null}},"11":{"start":{"line":1593,"column":0},"end":{"line":1593,"column":null}},"12":{"start":{"line":1594,"column":0},"end":{"line":1594,"column":null}},"13":{"start":{"line":1596,"column":0},"end":{"line":1596,"column":null}}},"fnMap":{"0":{"name":"getHeadings","decl":{"start":{"line":11,"column":16},"end":{"line":11,"column":27}},"loc":{"start":{"line":11,"column":30},"end":{"line":13,"column":null}},"line":11},"1":{"name":"_createMdxContent","decl":{"start":{"line":14,"column":9},"end":{"line":14,"column":26}},"loc":{"start":{"line":14,"column":34},"end":{"line":1574,"column":null}},"line":14},"2":{"name":"MDXContent","decl":{"start":{"line":1575,"column":9},"end":{"line":1575,"column":19}},"loc":{"start":{"line":1575,"column":32},"end":{"line":1583,"column":null}},"line":1575},"3":{"name":"(anonymous_3)","decl":{"start":{"line":1587,"column":23},"end":{"line":1587,"column":24}},"loc":{"start":{"line":1587,"column":39},"end":{"line":1590,"column":2}},"line":1587}},"branchMap":{"0":{"loc":{"start":{"line":1575,"column":20},"end":{"line":1575,"column":30}},"type":"default-arg","locations":[{"start":{"line":1575,"column":28},"end":{"line":1575,"column":30}}],"line":1575},"1":{"loc":{"start":{"line":1576,"column":31},"end":{"line":1576,"column":55}},"type":"binary-expr","locations":[{"start":{"line":1576,"column":31},"end":{"line":1576,"column":47}},{"start":{"line":1576,"column":52},"end":{"line":1576,"column":54}}],"line":1576},"2":{"loc":{"start":{"line":1577,"column":9},"end":{"line":1582,"column":31}},"type":"cond-expr","locations":[{"start":{"line":1577,"column":20},"end":{"line":1582,"column":4}},{"start":{"line":1582,"column":7},"end":{"line":1582,"column":31}}],"line":1577},"3":{"loc":{"start":{"line":1587,"column":24},"end":{"line":1587,"column":34}},"type":"default-arg","locations":[{"start":{"line":1587,"column":32},"end":{"line":1587,"column":34}}],"line":1587}},"s":{"0":1,"1":1,"2":0,"3":0,"4":0,"5":0,"6":1,"7":1,"8":1,"9":0,"10":1,"11":1,"12":1,"13":1},"f":{"0":1,"1":0,"2":0,"3":0},"b":{"0":[0],"1":[0,0],"2":[0,0],"3":[0]},"meta":{"lastBranch":0,"lastFunction":0,"lastStatement":0,"seen":{}}}
,"D:\\Documents\\GitHub\\romophic.com\\src\\content\\blog\\joined-howtv\\hills.jpeg": {"path":"D:\\Documents\\GitHub\\romophic.com\\src\\content\\blog\\joined-howtv\\hills.jpeg","statementMap":{"0":{"start":{"line":4,"column":7},"end":{"line":6,"column":null}},"1":{"start":{"line":5,"column":8},"end":{"line":5,"column":null}},"2":{"start":{"line":7,"column":7},"end":{"line":9,"column":null}},"3":{"start":{"line":8,"column":8},"end":{"line":8,"column":null}},"4":{"start":{"line":10,"column":7},"end":{"line":10,"column":null}},"5":{"start":{"line":10,"column":64},"end":{"line":10,"column":null}},"6":{"start":{"line":11,"column":7},"end":{"line":11,"column":null}}},"fnMap":{"0":{"name":"(anonymous_0)","decl":{"start":{"line":3,"column":6},"end":{"line":3,"column":9}},"loc":{"start":{"line":3,"column":34},"end":{"line":12,"column":null}},"line":3}},"branchMap":{"0":{"loc":{"start":{"line":4,"column":7},"end":{"line":6,"column":null}},"type":"if","locations":[{"start":{"line":4,"column":7},"end":{"line":6,"column":null}},{"start":{},"end":{}}],"line":4},"1":{"loc":{"start":{"line":7,"column":7},"end":{"line":9,"column":null}},"type":"if","locations":[{"start":{"line":7,"column":7},"end":{"line":9,"column":null}},{"start":{},"end":{}}],"line":7},"2":{"loc":{"start":{"line":10,"column":7},"end":{"line":10,"column":null}},"type":"if","locations":[{"start":{"line":10,"column":7},"end":{"line":10,"column":null}},{"start":{},"end":{}}],"line":10},"3":{"loc":{"start":{"line":10,"column":11},"end":{"line":10,"column":62}},"type":"binary-expr","locations":[{"start":{"line":10,"column":11},"end":{"line":10,"column":37}},{"start":{"line":10,"column":41},"end":{"line":10,"column":62}}],"line":10}},"s":{"0":78,"1":1,"2":77,"3":1,"4":76,"5":0,"6":76},"f":{"0":78},"b":{"0":[1,77],"1":[1,76],"2":[0,76],"3":[76,60]},"meta":{"lastBranch":4,"lastFunction":1,"lastStatement":7,"seen":{"f:3:6:3:9":0,"b:4:7:6:Infinity:undefined:undefined:undefined:undefined":0,"s:4:7:6:Infinity":0,"s:5:8:5:Infinity":1,"b:7:7:9:Infinity:undefined:undefined:undefined:undefined":1,"s:7:7:9:Infinity":2,"s:8:8:8:Infinity":3,"b:10:7:10:Infinity:undefined:un
[...]
0,"column":null}},{"start":{"line":201,"column":8},"end":{"line":201,"column":null}}],"line":199},"21":{"loc":{"start":{"line":209,"column":4},"end":{"line":209,"column":null}},"type":"if","locations":[{"start":{"line":209,"column":4},"end":{"line":209,"column":null}},{"start":{},"end":{}}],"line":209},"22":{"loc":{"start":{"line":211,"column":19},"end":{"line":211,"column":null}},"type":"binary-expr","locations":[{"start":{"line":211,"column":19},"end":{"line":211,"column":34}},{"start":{"line":211,"column":34},"end":{"line":211,"column":null}}],"line":211},"23":{"loc":{"start":{"line":213,"column":4},"end":{"line":253,"column":null}},"type":"if","locations":[{"start":{"line":213,"column":4},"end":{"line":253,"column":null}},{"start":{},"end":{}}],"line":213},"24":{"loc":{"start":{"line":214,"column":6},"end":{"line":216,"column":null}},"type":"binary-expr","locations":[{"start":{"line":214,"column":6},"end":{"line":214,"column":null}},{"start":{"line":215,"column":6},"end":{"line":215,"column":null}},{"start":{"line":216,"column":7},"end":{"line":216,"column":54}},{"start":{"line":216,"column":54},"end":{"line":216,"column":null}}],"line":214},"25":{"loc":{"start":{"line":222,"column":20},"end":{"line":222,"column":61}},"type":"cond-expr","locations":[{"start":{"line":222,"column":45},"end":{"line":222,"column":53}},{"start":{"line":222,"column":53},"end":{"line":222,"column":61}}],"line":222},"26":{"loc":{"start":{"line":222,"column":20},"end":{"line":222,"column":45}},"type":"binary-expr","locations":[{"start":{"line":222,"column":20},"end":{"line":222,"column":31}},{"start":{"line":222,"column":31},"end":{"line":222,"column":45}}],"line":222},"27":{"loc":{"start":{"line":225,"column":22},"end":{"line":225,"column":null}},"type":"cond-expr","locations":[{"start":{"line":225,"column":31},"end":{"line":225,"column":53}},{"start":{"line":225,"column":53},"end":{"line":225,"column":null}}],"line":225},"28":{"loc":{"start":{"line":242,"column":6},"end":{"line":246,"column":null}},"type":"if","locations":[{"start":{"line":242,"column":6},"end":{"line":246,"column":null}},{"start":{},"end":{}}],"line":242},"29":{"loc":{"start":{"line":248,"column":22},"end":{"line":248,"column":null}},"type":"cond-expr","locations":[{"start":{"line":248,"column":31},"end":{"line":248,"column":40}},{"start":{"line":248,"column":40},"end":{"line":248,"column":null}}],"line":248}},"s":{"0":1,"1":8,"2":4,"3":4,"4":4,"5":1,"6":1,"7":1,"8":1,"9":1,"10":1,"11":1,"12":1,"13":1,"14":1,"15":1,"16":1,"17":1,"18":1,"19":1,"20":1,"21":1,"22":1,"23":1,"24":1,"25":1,"26":1,"27":1,"28":64,"29":64,"30":1,"31":1,"32":48,"33":48,"34":1,"35":1,"36":1,"37":1,"38":1,"39":1,"40":1,"41":1,"42":1,"43":1,"44":1,"45":1,"46":1,"47":1,"48":1,"49":1,"50":1,"51":0,"52":1,"53":2,"54":2,"55":2,"56":2,"57":2,"58":2,"59":2,"60":2,"61":2,"62":2,"63":2,"64":2,"65":2,"66":2,"67":2,"68":2,"69":2,"70":2,"71":0,"72":2,"73":2,"74":2,"75":1,"76":1,"77":1,"78":1,"79":1,"80":1,"81":1,"82":1,"83":1,"84":1,"85":1,"86":1,"87":1,"88":1,"89":1,"90":1,"91":1,"92":1,"93":1,"94":1,"95":1,"96":1,"97":1,"98":1,"99":0,"100":0,"101":0,"102":1,"103":1,"104":1,"105":1,"106":1,"107":1},"f":{"0":8,"1":1,"2":1,"3":1,"4":2},"b":{"0":[4,4],"1":[2,2],"2":[1,0],"3":[1,1,0],"4":[1,0],"5":[1,0],"6":[1,0],"7":[1,1],"8":[1,0],"9":[1,0,0],"10":[1,0],"11":[1,0],"12":[2,2],"13":[1,1],"14":[1,1],"15":[2,0],"16":[2,1],"17":[1,1],"18":[1,0],"19":[2,0],"20":[1,1],"21":[0,2],"22":[2,2],"23":[1,1],"24":[2,1,1,1],"25":[1,0],"26":[1,0],"27":[1,0],"28":[0,1],"29":[1,0]},"meta":{"lastBranch":30,"lastFunction":5,"lastStatement":108,"seen":{"s:6:15:36:Infinity":0,"f:41:16:41:Infinity":0,"b:46:2:49:Infinity:undefined:undefined:undefined:undefined":0,"s:46:2:49:Infinity":1,"s:47:21:47:Infinity":2,"s:48:4:48:Infinity":3,"b:48:20:48:51:48:51:48:Infinity":1,"s:50:2:50:Infinity":4,"f:56:9:56:Infinity":1,"s:64:16:64:Infinity":5,"s:65:13:65:Infinity":6,"s:66:13:66:Infinity":7,"s:67:2:67:Infinity":8,"s:68:2:68:Infinity":9,"s:69:2:72:Infinity":10,"s:73:2:76:Infinity":11,"s:77:2:77:Infinity":12,"s:78:2:78:Infinity":13,"f:84:16:84:Infinity":2,"s:97:2:97:Infinity":14,"s:99:2:99:Infinity":15,"s:100:2:100:Infinity":16,"s:101:2:101:Infinity":17,"b:104:2:121:Infinity:undefined:undefined:undefined:undefined":2,"s:104:2:121:Infinity":18,"s:105:4:105:Infinity":19,"s:106:4:106:Infinity":20,"s:107:19:107:Infinity":21,"s:108:13:108:Infinity":22,"s:109:15:109:Infinity":23,"s:110:13:110:Infinity":24,"s:111:4:111:Infinity":25,"s:112:4:115:Infinity":26,"s:112:17:112:25":27,"s:113:6:113:Infinity":28,"s:114:6:114:Infinity":29,"s:116:4:119:Infinity":30,"s:116:17:116:25":31,"s:117:6:117:Infinity":32,"s:118:6:118:Infinity":33,"s:120:4:120:Infinity":34,"s:124:2:169:Infinity":35,"f:124:16:124:17":3,"s:125:19:125:Infinity":36,"s:126:15:126:Infinity":37,"s:128:6:128:Infinity":38,"b:128:6:128:20:128:20:128:50:128:50:128:Infinity":3,"s:130:4:130:Infinity":39,"s:131:4:131:Infinity":40,"s:132:4:132:Infinity":41,"s:133:4:133:Infinity":42,"b:133:34:133:62:133:62:133:Infinity":4,"s:134:4:136:Infinity":43,"b:135:8:135:Infinity:136:8:136:Infinity":5,"s:137:4:137:Infinity":44,"s:140:24:140:Infinity":45,"b:140:24:140:50:140:50:140:Infinity":6,"s:141:24:141:Infinity":46,"b:141:24:141:51:141:51:141:Infinity":7,"b:144:4:168:Infinity:undefined:undefined:undefined:undefined":8,"s:144:4:168:Infinity":47,"b:144:8:144:21:144:21:144:36:144:36:144:49":9,"s:145:6:145:Infinity":48,"b:145:34:145:62:145:62:145:Infinity":10,"b:149:6:167:Infinity:158:13:167:Infinity":11,"s:149:6:167:Infinity":49,"s:150:8:157:Infinity":50,"s:159:8:166:Infinity":51,"s:172:2:254:Infinity":52,"f:172:16:172:17":4,"s:173:20:173:Infinity":53,"s:174:23:174:Infinity":54,"b:174:23:174:45:174:45:174:Infinity":12,"s:177:6:177:Infinity":55,"b:177:29:177:53:177:53:177:Infinity":13,"s:178:19:178:Infinity":56,"b:178:29:178:67:178:67:178:Infinity":14,"s:179:22:179:Infinity":57,"b:182:4:192:Infinity:undefined:undefined:undefined:undefined":15,"s:182:4:192:Infinity":58,"b:182:8:182:19:182:19:182:31":16,"s:183:6:183:Infinity":59,"s:184:6:184:Infinity":60,"s:185:6:190:Infinity":61,"b:187:12:187:Infinity:188:12:190:Infinity":17,"b:189:14:189:Infinity:190:14:190:Infinity":18,"s:191:6:191:Infinity":62,"s:195:4:195:Infinity":63,"s:196:4:196:Infinity":64,"s:198:4:198:Infinity":65,"b:198:31:198:43:198:43:198:Infinity":19,"s:199:4:201:Infinity":66,"b:200:8:200:Infinity:201:8:201:Infinity":20,"s:203:4:203:Infinity":67,"s:204:4:204:Infinity":68,"s:205:4:205:Infinity":69,"b:209:4:209:Infinity:undefined:undefined:undefined:undefined":21,"s:209:4:209:Infinity":70,"s:209:24:209:Infinity":71,"s:211:19:211:Infinity":72,"b:211:19:211:34:211:34:211:Infinity":22,"s:212:24:212:Infinity":73,"b:213:4:253:Infinity:undefined:undefined:undefined:undefined":23,"s:213:4:253:Infinity":74,"b:214:6:214:Infinity:215:6:215:Infinity:216:7:216:54:216:54:216:Infinity":24,"s:218:20:218:Infinity":75,"s:219:6:219:Infinity":76,"s:220:6:220:Infinity":77,"s:221:6:221:Infinity":78,"s:222:6:222:Infinity":79,"b:222:45:222:53:222:53:222:61":25,"b:222:20:222:31:222:31:222:45":26,"s:223:24:223:Infinity":80,"s:225:6:225:Infinity":81,"b:225:31:225:53:225:53:225:Infinity":27,"s:226:17:226:Infinity":82,"s:227:13:227:Infinity":83,"s:228:13:228:Infinity":84,"s:229:13:229:Infinity":85,"s:230:13:230:Infinity":86,"s:231:6:231:Infinity":87,"s:232:6:232:Infinity":88,"s:233:6:233:Infinity":89,"s:234:6:234:Infinity":90,"s:235:6:235:Infinity":91,"s:236:6:236:Infinity":92,"s:237:6:237:Infinity":93,"s:238:6:238:Infinity":94,"s:239:6:239:Infinity":95,"s:240:6:240:Infinity":96,"s:241:6:241:Infinity":97,"b:242:6:246:Infinity:undefined:undefined:undefined:undefined":28,"s:242:6:246:Infinity":98,"s:243:8:243:Infinity":99,"s:244:8:244:Infinity":100,"s:245:8:245:Infinity":101,"s:248:6:248:Infinity":102,"b:248:31:248:40:248:40:248:Infinity":29,"s:249:6:249:Infinity":103,"s:250:6:250:Infinity":104,"s:251:6:251:Infinity":105,"s:252:6:252:Infinity":106,"s:256:2:256:Infinity":107}}}
,"D:\\Documents\\GitHub\\romophic.com\\src\\pages\\404.astro": {"path":"D:\\Documents\\GitHub\\romophic.com\\src\\pages\\404.astro","statementMap":{"0":{"start":{"line":1,"column":0},"end":{"line":1,"column":null}}},"fnMap":{"0":{"name":"(anonymous_0)","decl":{"start":{"line":1,"column":0},"end":{"line":1,"column":null}},"loc":{"start":{"line":1,"column":0},"end":{"line":1,"column":null}},"line":1}},"branchMap":{},"s":{"0":1},"f":{"0":3},"b":{},"meta":{"lastBranch":0,"lastFunction":1,"lastStatement":1,"seen":{"s:1:0:1:Infinity":0,"f:1:0:1:Infinity":0}}}
,"D:\\Documents\\GitHub\\romophic.com\\src\\pages\\about.astro": {"path":"D:\\Documents\\GitHub\\romophic.com\\src\\pages\\about.astro","statementMap":{"0":{"start":{"line":1,"column":0},"end":{"line":1,"column":null}}},"fnMap":{"0":{"name":"(anonymous_0)","decl":{"start":{"line":1,"column":0},"end":{"line":1,"column":null}},"loc":{"start":{"line":1,"column":0},"end":{"line":1,"column":null}},"line":1}},"branchMap":{},"s":{"0":1},"f":{"0":1},"b":{},"meta":{"lastBranch":0,"lastFunction":1,"lastStatement":1,"seen":{"s:1:0:1:Infinity":0,"f:1:0:1:Infinity":0}}}
,"D:\\Documents\\GitHub\\romophic.com\\src\\pages\\graph.json.ts": {"path":"D:\\Documents\\GitHub\\romophic.com\\src\\pages\\graph.json.ts","statementMap":{"0":{"start":{"line":22,"column":29},"end":{"line":91,"column":null}},"1":{"start":{"line":23,"column":16},"end":{"line":23,"column":null}},"2":{"start":{"line":25,"column":32},"end":{"line":25,"column":null}},"3":{"start":{"line":26,"column":32},"end":{"line":26,"column":null}},"4":{"start":{"line":27,"column":17},"end":{"line":27,"column":null}},"5":{"start":{"line":28,"column":18},"end":{"line":28,"column":null}},"6":{"start":{"line":28,"column":43},"end":{"line":28,"column":47}},"7":{"start":{"line":31,"column":26},"end":{"line":31,"column":null}},"8":{"start":{"line":32,"column":2},"end":{"line":34,"column":null}},"9":{"start":{"line":33,"column":4},"end":{"line":33,"column":null}},"10":{"start":{"line":37,"column":2},"end":{"line":56,"column":null}},"11":{"start":{"line":38,"column":4},"end":{"line":44,"column":null}},"12":{"start":{"line":46,"column":4},"end":{"line":55,"column":null}},"13":{"start":{"line":47,"column":6},"end":{"line":54,"column":null}},"14":{"start":{"line":48,"column":8},"end":{"line":48,"column":null}},"15":{"start":{"line":49,"column":8},"end":{"line":53,"column":null}},"16":{"start":{"line":59,"column":2},"end":{"line":67,"column":null}},"17":{"start":{"line":60,"column":4},"end":{"line":66,"column":null}},"18":{"start":{"line":70,"column":2},"end":{"line":84,"column":null}},"19":{"start":{"line":71,"column":22},"end":{"line":71,"column":null}},"20":{"start":{"line":73,"column":4},"end":{"line":83,"column":null}},"21":{"start":{"line":74,"column":22},"end":{"line":74,"column":null}},"22":{"start":{"line":76,"column":6},"end":{"line":82,"column":null}},"23":{"start":{"line":77,"column":8},"end":{"line":81,"column":null}},"24":{"start":{"line":86,"column":2},"end":{"line":90,"column":null}}},"fnMap":{"0":{"name":"(anonymous_0)","decl":{"start":{"line":22,"column":29},"end":{"line":22,"column":41}},"loc":{"start":{"line":22,"column":41},"end":{"line":91,"column":null}},"line":22},"1":{"name":"(anonymous_1)","decl":{"start":{"line":28,"column":36},"end":{"line":28,"column":37}},"loc":{"start":{"line":28,"column":43},"end":{"line":28,"column":47}},"line":28}},"branchMap":{"0":{"loc":{"start":{"line":46,"column":4},"end":{"line":55,"column":null}},"type":"if","locations":[{"start":{"line":46,"column":4},"end":{"line":55,"column":null}},{"start":{},"end":{}}],"line":46},"1":{"loc":{"start":{"line":76,"column":6},"end":{"line":82,"column":null}},"type":"if","locations":[{"start":{"line":76,"column":6},"end":{"line":82,"column":null}},{"start":{},"end":{}}],"line":76},"2":{"loc":{"start":{"line":76,"column":10},"end":{"line":76,"column":42}},"type":"binary-expr","locations":[{"start":{"line":76,"column":10},"end":{"line":76,"column":21}},{"start":{"line":76,"column":21},"end":{"line":76,"column":42}}],"line":76}},"s":{"0":1,"1":1,"2":1,"3":1,"4":1,"5":1,"6":37,"7":1,"8":1,"9":37,"10":1,"11":37,"12":37,"13":36,"14":69,"15":69,"16":1,"17":5,"18":1,"19":37,"20":37,"21":54,"22":54,"23":52,"24":1},"f":{"0":1,"1":37},"b":{"0":[36,1],"1":[52,2],"2":[54,52]},"meta":{"lastBranch":3,"lastFunction":2,"lastStatement":25,"seen":{"s:22:29:91:Infinity":0,"f:22:29:22:41":0,"s:23:16:23:Infinity":1,"s:25:32:25:Infinity":2,"s:26:32:26:Infinity":3,"s:27:17:27:Infinity":4,"s:28:18:28:Infinity":5,"f:28:36:28:37":1,"s:28:43:28:47":6,"s:31:26:31:Infinity":7,"s:32:2:34:Infinity":8,"s:33:4:33:Infinity":9,"s:37:2:56:Infinity":10,"s:38:4:44:Infinity":11,"b:46:4:55:Infinity:undefined:undefined:undefined:undefined":0,"s:46:4:55:Infinity":12,"s:47:6:54:Infinity":13,"s:48:8:48:Infinity":14,"s:49:8:53:Infinity":15,"s:59:2:67:Infinity":16,"s:60:4:66:Infinity":17,"s:70:2:84:Infinity":18,"s:71:22:71:Infinity":19,"s:73:4:83:Infinity":20,"s:74:22:74:Infinity":21,"b:76:6:82:Infinity:undefined:undefined:undefined:undefined":1,"s:76:6:82:Infinity":22,"b:76:10:76:21:76:21:76:42":2,"s:77:8:81:Infinity":23,"s:86:2:90:Infinity":24}}}
,"D:\\Documents\\GitHub\\romophic.com\\src\\pages\\llms.txt.ts": {"path":"D:\\Documents\\GitHub\\romophic.com\\src\\pages\\llms.txt.ts","statementMap":{"0":{"start":{"line":5,"column":29},"end":{"line":58,"column":null}},"1":{"start":{"line":6,"column":16},"end":{"line":6,"column":null}},"2":{"start":{"line":7,"column":19},"end":{"line":7,"column":null}},"3":{"start":{"line":8,"column":18},"end":{"line":8,"column":null}},"4":{"start":{"line":10,"column":20},"end":{"line":10,"column":null}},"5":{"start":{"line":11,"column":26},"end":{"line":11,"column":null}},"6":{"start":{"line":13,"column":16},"end":{"line":13,"column":null}},"7":{"start":{"line":14,"column":2},"end":{"line":14,"column":null}},"8":{"start":{"line":16,"column":2},"end":{"line":16,"column":null}},"9":{"start":{"line":17,"column":2},"end":{"line":17,"column":null}},"10":{"start":{"line":19,"column":2},"end":{"line":19,"column":null}},"11":{"start":{"line":21,"column":2},"end":{"line":21,"column":null}},"12":{"start":{"line":23,"column":2},"end":{"line":23,"column":null}},"13":{"start":{"line":27,"column":2},"end":{"line":27,"column":null}},"14":{"start":{"line":28,"column":2},"end":{"line":30,"column":null}},"15":{"start":{"line":29,"column":4},"end":{"line":29,"column":null}},"16":{"start":{"line":31,"column":2},"end":{"line":34,"column":null}},"17":{"start":{"line":32,"column":4},"end":{"line":32,"column":null}},"18":{"start":{"line":35,"column":2},"end":{"line":35,"column":null}},"19":{"start":{"line":37,"column":2},"end":{"line":43,"column":null}},"20":{"start":{"line":38,"column":4},"end":{"line":38,"column":null}},"21":{"start":{"line":39,"column":4},"end":{"line":41,"column":null}},"22":{"start":{"line":40,"column":6},"end":{"line":40,"column":null}},"23":{"start":{"line":42,"column":4},"end":{"line":42,"column":null}},"24":{"start":{"line":45,"column":2},"end":{"line":51,"column":null}},"25":{"start":{"line":46,"column":4},"end":{"line":46,"column":null}},"26":{"start":{"line":47,"column":4},"end":{"line":50,"column":null}},"27":{"start":{"line":48,"column":6},"end":{"line":48,"column":null}},"28":{"start":{"line":53,"column":2},"end":{"line":57,"column":null}}},"fnMap":{"0":{"name":"(anonymous_0)","decl":{"start":{"line":5,"column":29},"end":{"line":5,"column":36}},"loc":{"start":{"line":5,"column":49},"end":{"line":58,"column":null}},"line":5},"1":{"name":"(anonymous_1)","decl":{"start":{"line":28,"column":29},"end":{"line":28,"column":30}},"loc":{"start":{"line":28,"column":39},"end":{"line":30,"column":3}},"line":28},"2":{"name":"(anonymous_2)","decl":{"start":{"line":39,"column":21},"end":{"line":39,"column":22}},"loc":{"start":{"line":39,"column":34},"end":{"line":41,"column":5}},"line":39},"3":{"name":"(anonymous_3)","decl":{"start":{"line":47,"column":20},"end":{"line":47,"column":21}},"loc":{"start":{"line":47,"column":32},"end":{"line":50,"column":5}},"line":47}},"branchMap":{"0":{"loc":{"start":{"line":31,"column":2},"end":{"line":34,"column":null}},"type":"if","locations":[{"start":{"line":31,"column":2},"end":{"line":34,"column":null}},{"start":{},"end":{}}],"line":31},"1":{"loc":{"start":{"line":37,"column":2},"end":{"line":43,"column":null}},"type":"if","locations":[{"start":{"line":37,"column":2},"end":{"line":43,"column":null}},{"start":{},"end":{}}],"line":37},"2":{"loc":{"start":{"line":45,"column":2},"end":{"line":51,"column":null}},"type":"if","locations":[{"start":{"line":45,"column":2},"end":{"line":51,"column":null}},{"start":{},"end":{}}],"line":45}},"s":{"0":1,"1":1,"2":1,"3":1,"4":1,"5":1,"6":1,"7":1,"8":1,"9":1,"10":1,"11":1,"12":1,"13":1,"14":1,"15":20,"16":1,"17":1,"18":1,"19":1,"20":1,"21":1,"22":3,"23":1,"24":1,"25":1,"26":1,"27":1,"28":1},"f":{"0":1,"1":20,"2":3,"3":1},"b":{"0":[1,0],"1":[1,0],"2":[1,0]},"meta":{"lastBranch":3,"lastFunction":4,"lastStatement":29,"seen":{"s:5:29:58:Infinity":0,"f:5:29:5:36":0,"s:6:16:6:Infinity":1,"s:7:19:7:Infinity":2,"s:8:18:8:Infinity":3,"s:10:20:10:Infinity":4,"s:11:26:11:Infinity":5,"s:13:16:13:Infinity":6,"s:14:2:14:Infinity":7,"s:16:2:16:Infinity":8,"s:17:2:17:Infinity":9,"s:19:2:19:Infinity":10,"s:21:2:21:Infinity":11,"s:23:2:23:Infinity":12,"s:27:2:27:Infinity":13,"s:28:2:30:Infinity":14,"f:28:29:28:30":1,"s:29:4:29:Infinity":15,"b:31:2:34:Infinity:undefined:undefined:undefined:undefined":0,"s:31:2:34:Infinity":16,"s:32:4:32:Infinity":17,"s:35:2:35:Infinity":18,"b:37:2:43:Infinity:undefined:undefined:undefined:undefined":1,"s:37:2:43:Infinity":19,"s:38:4:38:Infinity":20,"s:39:4:41:Infinity":21,"f:39:21:39:22":2,"s:40:6:40:Infinity":22,"s:42:4:42:Infinity":23,"b:45:2:51:Infinity:undefined:undefined:undefined:undefined":2,"s:45:2:51:Infinity":24,"s:46:4:46:Infinity":25,"s:47:4:50:Infinity":26,"f:47:20:47:21":3,"s:48:6:48:Infinity":27,"s:53:2:57:Infinity":28}}}
,"D:\\Documents\\GitHub\\romophic.com\\src\\pages\\rss.xml.ts": {"path":"D:\\Documents\\GitHub\\romophic.com\\src\\pages\\rss.xml.ts","statementMap":{"0":{"start":{"line":7,"column":2},"end":{"line":24,"column":null}},"1":{"start":{"line":8,"column":18},"end":{"line":8,"column":null}},"2":{"start":{"line":10,"column":4},"end":{"line":20,"column":null}},"3":{"start":{"line":14,"column":34},"end":{"line":19,"column":8}},"4":{"start":{"line":22,"column":4},"end":{"line":22,"column":null}},"5":{"start":{"line":23,"column":4},"end":{"line":23,"column":null}}},"fnMap":{"0":{"name":"GET","decl":{"start":{"line":6,"column":22},"end":{"line":6,"column":26}},"loc":{"start":{"line":6,"column":47},"end":{"line":25,"column":null}},"line":6},"1":{"name":"(anonymous_1)","decl":{"start":{"line":14,"column":23},"end":{"line":14,"column":24}},"loc":{"start":{"line":14,"column":34},"end":{"line":19,"column":8}},"line":14}},"branchMap":{"0":{"loc":{"start":{"line":13,"column":12},"end":{"line":13,"column":null}},"type":"binary-expr","locations":[{"start":{"line":13,"column":12},"end":{"line":13,"column":28}},{"start":{"line":13,"column":28},"end":{"line":13,"column":null}}],"line":13}},"s":{"0":1,"1":1,"2":1,"3":37,"4":0,"5":0},"f":{"0":1,"1":37},"b":{"0":[1,0]},"meta":{"lastBranch":1,"lastFunction":2,"lastStatement":6,"seen":{"f:6:22:6:26":0,"s:7:2:24:Infinity":0,"s:8:18:8:Infinity":1,"s:10:4:20:Infinity":2,"b:13:12:13:28:13:28:13:Infinity":0,"f:14:23:14:24":1,"s:14:34:19:8":3,"s:22:4:22:Infinity":4,"s:23:4:23:Infinity":5}}}
,"D:\\Documents\\GitHub\\romophic.com\\src\\styles\\global.css": {"path":"D:\\Documents\\GitHub\\romophic.com\\src\\styles\\global.css","statementMap":{},"fnMap":{},"branchMap":{},"s":{},"f":{},"b":{},"meta":{"lastBranch":0,"lastFunction":0,"lastStatement":0,"seen":{}}}
,"D:\\Documents\\GitHub\\romophic.com\\src\\styles\\typography.css": {"path":"D:\\Documents\\GitHub\\romophic.com\\src\\styles\\typography.css","statementMap":{},"fnMap":{},"branchMap":{},"s":{},"f":{},"b":{},"meta":{"lastBranch":0,"lastFunction":0,"lastStatement":0,"seen":{}}}
}
